Calculo de valores de posicion de cacheo : [2, 5]
Pasa :0
***********************************************************************************
Fecha / Hora : 2021/07/12 12:10:28
Error : ERROR - archivo : cacheo.py - linea : 211 - mensaje : local variable 'listaAleatoria' referenced before assignment
***********************************************************************************
Fecha / Hora : 2021/07/12 12:10:48
Error : ERROR - archivo : cacheo.py - linea : 211 - mensaje : local variable 'listaAleatoria' referenced before assignment
***********************************************************************************
Fecha / Hora : 2021/07/12 12:10:56
Error : ERROR - archivo : cacheo.py - linea : 211 - mensaje : local variable 'listaAleatoria' referenced before assignment
NoPasa (Boton Panico Activado):
NoPasa (Boton Panico Activado):
NoPasa (Boton Panico Activado):
NoPasa (Boton Panico Activado):
NoPasa (Boton Panico Activado):
Calculo de valores de posicion de cacheo : [7, 8]
Pasa :0
Pasa :1
***********************************************************************************
Fecha / Hora : 2021/07/12 12:18:04
Error : ERROR - archivo : cacheo.py - linea : 235 - mensaje : list index out of range
Calculo de valores de posicion de cacheo : [0, 7]
NoPasa :0
NoPasa (Boton Panico Activado):
Calculo de valores de posicion de cacheo : [0, 3]
NoPasa :0
NoPasa :1
NoPasa :2
NoPasa :3
NoPasa :4
Calculo de valores de posicion de cacheo : [8, 9]
Pasa :0
Pasa :1
Pasa :2
Pasa :3
Pasa :4
Pasa :5
Pasa :6
Pasa :7
NoPasa :8
NoPasa :9
Calculo de valores de posicion de cacheo : [5, 8]
NoPasa :0
NoPasa :1
NoPasa :2
Calculo de valores de posicion de cacheo : [1, 3]
Pasa :0
NoPasa (Boton Panico Activado):
NoPasa (Boton Panico Activado):
NoPasa (Boton Panico Activado):
NoPasa (Boton Panico Activado):
NoPasa (Boton Panico Activado):
NoPasa (Boton Panico Activado):
NoPasa (Boton Panico Activado):
NoPasa (Boton Panico Activado):
NoPasa (Boton Panico Activado):
NoPasa (Boton Panico Activado):
NoPasa :1
NoPasa :2
NoPasa (Boton Panico Activado):
NoPasa (Boton Panico Activado):
NoPasa (Boton Panico Activado):
NoPasa (Boton Panico Activado):
NoPasa (Boton Panico Activado):
NoPasa (Boton Panico Activado):
NoPasa (Boton Panico Activado):
NoPasa (Boton Panico Activado):
NoPasa :3
NoPasa (Boton Panico Activado):
NoPasa :4
NoPasa (Boton Panico Activado):
NoPasa (Boton Panico Activado):
NoPasa (Boton Panico Activado):
Calculo de valores de posicion de cacheo : [6, 8]
Pasa :0
Pasa :1
Pasa :2
Pasa :3
Pasa :4
Pasa :5
NoPasa :6
Pasa :7
NoPasa :8
Pasa :9
Calculo de valores de posicion de cacheo : [1, 7]
Pasa :0
NoPasa :1
Pasa :2
Pasa :3
Pasa :4
Pasa :5
Pasa :6
NoPasa :7
Pasa :8
Pasa :9
Calculo de valores de posicion de cacheo : [5, 6]
Pasa :0
Calculo de valores de posicion de cacheo : [0, 2, 3, 8, 13, 21, 22, 24, 26, 28]
NoPasa :0
Pasa :1
NoPasa :2
NoPasa :3
Pasa :4
Pasa :5
Pasa :6
Pasa :7
NoPasa :8
Pasa :9
Pasa :10
Pasa :11
Pasa :12
NoPasa :13
Pasa :14
Pasa :15
Pasa :16
Pasa :17
Pasa :18
Pasa :19
Pasa :20
NoPasa :21
NoPasa :22
Pasa :23
NoPasa :24
Pasa :25
NoPasa :26
Pasa :27
NoPasa :28
Calculo de valores de posicion de cacheo : [0, 1, 5, 7, 8, 10, 15, 17, 26, 27]
NoPasa :0
NoPasa :1
Pasa :2
Pasa :3
Pasa :4
NoPasa :5
Pasa :6
NoPasa :7
NoPasa :8
Pasa :9
NoPasa :10
Pasa :11
Pasa :12
Pasa :13
Pasa :14
NoPasa :15
Pasa :16
NoPasa :17
NoPasa (Boton Panico Activado):
NoPasa (Boton Panico Activado):
NoPasa (Boton Panico Activado):
NoPasa (Boton Panico Activado):
NoPasa (Boton Panico Activado):
NoPasa (Boton Panico Activado):
NoPasa (Boton Panico Activado):
Calculo de valores de posicion de cacheo : [3]
Pasa :0
Pasa :1
Pasa :2
NoPasa :3
Pasa :4
Calculo de valores de posicion de cacheo : [3]
Pasa :0
Pasa :1
Pasa :2
NoPasa :3
Pasa :4
Calculo de valores de posicion de cacheo : [2]
Pasa :0
Pasa :1
NoPasa :2
NoPasa (Boton Panico Activado):
NoPasa (Boton Panico Activado):
NoPasa (Boton Panico Activado):
Pasa :3
Pasa :4
Calculo de valores de posicion de cacheo : [3]
Pasa :0
Pasa :1
Calculo de valores de posicion de cacheo : [27, 44, 45, 92, 100, 106, 109, 117, 162, 165, 169, 195, 200, 207, 234]
Pasa :0
NoPasa (Boton Panico Activado):
***********************************************************************************
Fecha / Hora : 2021/07/12 14:10:19
Calculo de valores de posicion de cacheo : [6, 12, 21, 66, 111, 123, 144, 165, 166, 173, 174, 180, 181, 219, 234]
Cantidad de cacheos : 250
Cantidad de cacheos positivos: 15
Pasa :0
Pasa :1
Pasa :2
Pasa :3
Pasa :4
Pasa :5
NoPasa :6
Pasa :7
Pasa :8
***********************************************************************************
Fecha / Hora : 2021/07/12 14:22:19
Calculo de valores de posicion de cacheo : [5, 27, 34, 48, 49, 120, 129, 137, 138, 142, 153, 166, 211, 230, 246]
Cantidad de cacheos : 250
Cantidad de cacheos positivos: 15
Pasa :0
NoPasa (Boton Panico Activado)
NoPasa (Boton Panico Activado)
NoPasa (Boton Panico Activado)
NoPasa (Boton Panico Activado)
NoPasa (Boton Panico Activado)
Pasa :1
Pasa :2
Pasa :3
Pasa :4
NoPasa :5
Pasa :6
Pasa :7
Pasa :8
Pasa :9
Pasa :10
Pasa :11
Pasa :12
Pasa :13
Pasa :14
Pasa :15
Pasa :16
Pasa :17
NoPasa (Boton Panico Activado)
NoPasa (Boton Panico Activado)
NoPasa (Boton Panico Activado)
NoPasa (Boton Panico Activado)
NoPasa (Boton Panico Activado)
NoPasa (Boton Panico Activado)
NoPasa (Boton Panico Activado)
NoPasa (Boton Panico Activado)
Pasa :18
Pasa :19
Pasa :20
Pasa :21
Pasa :22
Pasa :23
Pasa :24
Pasa :25
NoPasa (Boton Panico Activado)
NoPasa (Boton Panico Activado)
NoPasa (Boton Panico Activado)
NoPasa (Boton Panico Activado)
NoPasa (Boton Panico Activado)
NoPasa (Boton Panico Activado)
NoPasa (Boton Panico Activado)
NoPasa (Boton Panico Activado)
Pasa :26
NoPasa :27
Pasa :28
Pasa :29
Pasa :30
Pasa :31
Pasa :32
Pasa :33
NoPasa :34
Pasa :35
Pasa :36
Pasa :37
Pasa :38
Pasa :39
Pasa :40
Pasa :41
NoPasa (Boton Panico Activado)
NoPasa (Boton Panico Activado)
Pasa :42
Pasa :43
Pasa :44
Pasa :45
Pasa :46
Pasa :47
NoPasa :48
NoPasa :49
Pasa :50
Pasa :51
Pasa :52
Pasa :53
Pasa :54
Pasa :55
Pasa :56
Pasa :57
Pasa :58
Pasa :59
Pasa :60
Pasa :61
Pasa :62
Pasa :63
Pasa :64
Pasa :65
Pasa :66
Pasa :67
Pasa :68
Pasa :69
Pasa :70
Pasa :71
Pasa :72
Pasa :73
Pasa :74
Pasa :75
Pasa :76
NoPasa (Boton Panico Activado)
Pasa :77
***********************************************************************************
Fecha / Hora : 2021/07/12 15:06:16
Calculo de valores de posicion de cacheo : [21, 35, 48, 49, 56, 77, 122, 124, 133, 136, 141, 160, 169, 189, 210]
Cantidad de cacheos : 250
Cantidad de cacheos positivos: 15
Pasa :0
***********************************************************************************
Fecha / Hora : 2021/07/12 15:08:19
Calculo de valores de posicion de cacheo : [22, 50, 79, 100, 106, 122, 151, 168, 179, 187, 211, 216, 219, 226, 249]
Cantidad de cacheos : 250
Cantidad de cacheos positivos: 15
Pasa :0
***********************************************************************************
Fecha / Hora : 2021/07/12 15:10:14
Calculo de valores de posicion de cacheo : [12, 28, 63, 70, 108, 116, 145, 169, 180, 183, 197, 209, 221, 227, 230]
Cantidad de cacheos : 250
Cantidad de cacheos positivos: 15
Pasa :0
***********************************************************************************
Fecha / Hora : 2021/07/12 15:11:39
Calculo de valores de posicion de cacheo : [38, 39, 60, 63, 75, 81, 100, 118, 133, 146, 157, 159, 174, 225, 226]
Cantidad de cacheos : 250
Cantidad de cacheos positivos: 15
Pasa :0
***********************************************************************************
Fecha / Hora : 2021/07/12 15:21:58
Calculo de valores de posicion de cacheo : [15, 18, 19, 30, 48, 56, 131, 136, 140, 156, 163, 170, 230, 237, 243]
Cantidad de cacheos : 250
Cantidad de cacheos positivos: 15
Pasa :0
***********************************************************************************
Fecha / Hora : 2021/07/12 15:24:53
Calculo de valores de posicion de cacheo : [36, 43, 45, 59, 88, 90, 93, 94, 110, 133, 149, 156, 164, 168, 234]
Cantidad de cacheos : 250
Cantidad de cacheos positivos: 15
Pasa :0
***********************************************************************************
Fecha / Hora : 2021/07/12 15:26:27
Calculo de valores de posicion de cacheo : [8, 31, 63, 67, 68, 87, 95, 110, 135, 149, 153, 160, 162, 171, 204]
Cantidad de cacheos : 250
Cantidad de cacheos positivos: 15
Pasa :0
***********************************************************************************
Fecha / Hora : 2021/07/12 15:28:24
Calculo de valores de posicion de cacheo : [0, 56, 83, 92, 107, 115, 132, 147, 159, 161, 167, 175, 189, 197, 240]
Cantidad de cacheos : 250
Cantidad de cacheos positivos: 15
NoPasa :0
NoPasa (Boton Panico Activado)
NoPasa (Boton Panico Activado)
***********************************************************************************
Fecha / Hora : 2021/07/12 15:33:58
Calculo de valores de posicion de cacheo : [3, 13, 52, 55, 57, 69, 70, 106, 163, 164, 166, 169, 182, 220, 240]
Cantidad de cacheos : 250
Cantidad de cacheos positivos: 15
Pasa :0
NoPasa (Boton Panico Activado)
NoPasa (Boton Panico Activado)
NoPasa (Boton Panico Activado)
NoPasa (Boton Panico Activado)
NoPasa (Boton Panico Activado)
***********************************************************************************
Fecha / Hora : 2021/07/12 15:58:46
Error : ERROR - archivo : cacheo.py - linea : 224 - mensaje : module 'modulos.variablesGlobales' has no attribute 'ubicacionCacheo'
NoPasa (Boton Panico Activado)
***********************************************************************************
Fecha / Hora : 2021/07/12 15:59:20
Error : ERROR - archivo : cacheo.py - linea : 224 - mensaje : module 'modulos.variablesGlobales' has no attribute 'ubicacionCacheo'
***********************************************************************************
Fecha / Hora : 2021/07/12 16:00:06
Calculo de valores de posicion de cacheo : [1, 6]
Cantidad de cacheos : 10
Cantidad de cacheos positivos: 2
Pasa :0
***********************************************************************************
Fecha / Hora : 2021/07/12 16:00:43
Calculo de valores de posicion de cacheo : [1, 3]
Cantidad de cacheos : 10
Cantidad de cacheos positivos: 2
Pasa :0
NoPasa :1
Pasa :2
NoPasa :3
Pasa :4
Pasa :5
Pasa :6
Pasa :7
Pasa :8
Pasa :9
***********************************************************************************
Fecha / Hora : 2021/07/12 16:01:35
Calculo de valores de posicion de cacheo : [0, 5]
Cantidad de cacheos : 10
Cantidad de cacheos positivos: 2
NoPasa :0
Pasa :1
Pasa :2
Pasa :3
Pasa :4
NoPasa (Boton Panico Activado)
NoPasa :5
NoPasa (Boton Panico Activado)
NoPasa (Boton Panico Activado)
Pasa :6
Pasa :7
Pasa :8
Pasa :9
***********************************************************************************
Fecha / Hora : 2021/07/12 16:17:13
Calculo de valores de posicion de cacheo : [0, 4]
Cantidad de cacheos : 10
Cantidad de cacheos positivos: 2
NoPasa :0
***********************************************************************************
Fecha / Hora : 2021/07/12 16:40:43
Calculo de valores de posicion de cacheo : [1, 8]
Cantidad de cacheos : 10
Cantidad de cacheos positivos: 2
Pasa :0
NoPasa :1
Pasa :2
Pasa :3
Pasa :4
Pasa :5
Pasa :6
Pasa :7
NoPasa :8
Pasa :9
***********************************************************************************
Fecha / Hora : 2021/07/12 16:41:30
Calculo de valores de posicion de cacheo : [6, 7]
Cantidad de cacheos : 10
Cantidad de cacheos positivos: 2
Pasa :0
Pasa :1
Pasa :2
***********************************************************************************
Fecha / Hora : 2021/07/12 17:03:39
Calculo de valores de posicion de cacheo : [5, 6]
Cantidad de cacheos : 10
Cantidad de cacheos positivos: 2
Pasa :0
Pasa :1
Pasa :2
Pasa :3
Pasa :4
NoPasa (Boton Panico Activado)
NoPasa :5
NoPasa (Boton Panico Activado)
NoPasa (Boton Panico Activado)
NoPasa (Boton Panico Activado)
NoPasa :6
Pasa :7
Pasa :8
Pasa :9
***********************************************************************************
Fecha / Hora : 2021/07/12 17:25:48
Calculo de valores de posicion de cacheo : [7, 9]
Cantidad de cacheos : 10
Cantidad de cacheos positivos: 2
Pasa :0
***********************************************************************************
Fecha / Hora : 2021/07/12 17:28:59
Calculo de valores de posicion de cacheo : [0, 1]
Cantidad de cacheos : 10
Cantidad de cacheos positivos: 2
NoPasa :0
NoPasa :1
Pasa :2
Pasa :3
Pasa :4
Pasa :5
Pasa :6
Pasa :7
Pasa :8
Pasa :9
***********************************************************************************
Fecha / Hora : 2021/07/12 17:30:37
Calculo de valores de posicion de cacheo : [1, 7]
Cantidad de cacheos : 10
Cantidad de cacheos positivos: 2
Pasa :0
NoPasa :1
Pasa :2
Pasa :3
Pasa :4
Pasa :5
Pasa :6
NoPasa :7
Pasa :8
Pasa :9
***********************************************************************************
Fecha / Hora : 2021/07/12 17:43:13
Calculo de valores de posicion de cacheo : [0, 2]
Cantidad de cacheos : 10
Cantidad de cacheos positivos: 2
NoPasa :0
Pasa :1
NoPasa (Boton Panico Activado)
NoPasa :2
Pasa :3
***********************************************************************************
Fecha / Hora : 2021/07/13 09:26:37
Calculo de valores de posicion de cacheo : [7, 9]
Cantidad de cacheos : 10
Cantidad de cacheos positivos: 2
Pasa :0
NoPasa (Boton Panico Activado)
NoPasa (Boton Panico Activado)
Pasa :1
Pasa :2
Pasa :3
Pasa :4
Pasa :5
Pasa :6
NoPasa :7
Pasa :8
NoPasa (Boton Panico Activado)
NoPasa :9
***********************************************************************************
Fecha / Hora : 2021/07/13 10:55:15
Calculo de valores de posicion de cacheo : [0, 9]
Cantidad de cacheos : 10
Cantidad de cacheos positivos: 2
NoPasa :0
Pasa :1
Pasa :2
Pasa :3
Pasa :4
Pasa :5
Pasa :6
Pasa :7
Pasa :8
NoPasa :9
***********************************************************************************
Fecha / Hora : 2021/07/13 11:14:42
Calculo de valores de posicion de cacheo : [7, 8]
Cantidad de cacheos : 10
Cantidad de cacheos positivos: 2
Pasa :0
***********************************************************************************
Fecha / Hora : 2021/07/13 11:13:48
Calculo de valores de posicion de cacheo : [6, 7]
Cantidad de cacheos : 10
Cantidad de cacheos positivos: 2
Pasa :0
Pasa :1
Pasa :2
Pasa :3
Pasa :4
Pasa :5
NoPasa :6
NoPasa :7
Pasa :8
Pasa :9
***********************************************************************************
Fecha / Hora : 2021/07/13 11:24:06
Calculo de valores de posicion de cacheo : [2, 3]
Cantidad de cacheos : 10
Cantidad de cacheos positivos: 2
Pasa :0
***********************************************************************************
Fecha / Hora : 2021/07/13 11:26:05
Calculo de valores de posicion de cacheo : [4, 9]
Cantidad de cacheos : 10
Cantidad de cacheos positivos: 2
Pasa :0
Pasa :1
Pasa :2
Pasa :3
NoPasa :4
Pasa :5
Pasa :6
Pasa :7
NoPasa (Boton Panico Activado)
NoPasa (Boton Panico Activado)
NoPasa (Boton Panico Activado)
Pasa :8
NoPasa (Boton Panico Activado)
NoPasa (Boton Panico Activado)
NoPasa (Boton Panico Activado)
NoPasa (Boton Panico Activado)
NoPasa (Boton Panico Activado)
NoPasa (Boton Panico Activado)
NoPasa (Boton Panico Activado)
NoPasa (Boton Panico Activado)
***********************************************************************************
Fecha / Hora : 2023/09/21 12:55:18
Calculo de valores de posicion de cacheo : [0, 2]
Cantidad de cacheos : 10
Cantidad de cacheos positivos: 2
***********************************************************************************
Fecha / Hora : 2023/09/21 12:55:18
Calculo de valores de posicion de cacheo : [1, 9]
Cantidad de cacheos : 10
Cantidad de cacheos positivos: 2
Pasa :0
NoPasa :0
Pasa :1
NoPasa :2
NoPasa :1
Pasa :3
Pasa :2
Pasa :3
Pasa :4
Pasa :4
Pasa :5
Pasa :5
Pasa :6
Pasa :6
Pasa :7
Pasa :7
Pasa :8
Pasa :8
Pasa :9
***********************************************************************************
Fecha / Hora : 2023/09/21 14:12:05
Calculo de valores de posicion de cacheo : [0, 8]
Cantidad de cacheos : 10
Cantidad de cacheos positivos: 2
NoPasa :0
Pasa :1
NoPasa :9
***********************************************************************************
Fecha / Hora : 2023/09/21 14:12:24
Calculo de valores de posicion de cacheo : [4, 7]
Cantidad de cacheos : 10
Cantidad de cacheos positivos: 2
Pasa :0
Pasa :1
NoPasa (Boton Panico Activado)
NoPasa (Boton Panico Activado)
NoPasa (Boton Panico Activado)
NoPasa (Boton Panico Activado)
Pasa :2
Pasa :3
NoPasa (Boton Panico Activado)
NoPasa (Boton Panico Activado)
Pasa :2
Pasa :3
Pasa :4
Pasa :5
NoPasa :4
Pasa :5
Pasa :6
Pasa :6
NoPasa (Boton Panico Activado)
