***********************************************************************************
Fecha / Hora : 2021/03/02 17:19:58
230 Logged on
220-FileZilla Server 0.9.60 beta
220-written by Tim Kosse (tim.kosse@filezilla-project.org)
220 Please visit https://filezilla-project.org/
250 CWD successful. "/hbl/logs" is current directory.
226 Successfully transferred "/hbl/logs/f9976413_2021-03-02_17-19-58/logs_2021-03-02_17-19-58.zip"
***********************************************************************************
Fecha / Hora : 2021/03/09 15:57:07
230 Logged on
220-FileZilla Server 0.9.60 beta
220-written by Tim Kosse (tim.kosse@filezilla-project.org)
220 Please visit https://filezilla-project.org/
250 CWD successful. "/hbl/logs" is current directory.
226 Successfully transferred "/hbl/logs/f9976413_2021-03-09_15-57-07/logs_2021-03-09_15-57-07.zip"
***********************************************************************************
Fecha / Hora : 2021/03/10 10:42:05
230 Logged on
220-FileZilla Server 0.9.60 beta
220-written by Tim Kosse (tim.kosse@filezilla-project.org)
220 Please visit https://filezilla-project.org/
250 CWD successful. "/hbl/logs" is current directory.
226 Successfully transferred "/hbl/logs/22e68b48_2021-03-10_10-42-05/logs_2021-03-10_10-42-05.zip"
***********************************************************************************
Fecha / Hora : 2021/03/15 15:49:10
230 Logged on
220-FileZilla Server 0.9.60 beta
220-written by Tim Kosse (tim.kosse@filezilla-project.org)
220 Please visit https://filezilla-project.org/
250 CWD successful. "/hbl/logs" is current directory.
226 Successfully transferred "/hbl/logs/22e68b48_2021-03-15_15-49-11/logs_2021-03-15_15-49-11.zip"
***********************************************************************************
Fecha / Hora : 2021/03/15 15:52:20
230 Logged on
220-FileZilla Server 0.9.60 beta
220-written by Tim Kosse (tim.kosse@filezilla-project.org)
220 Please visit https://filezilla-project.org/
250 CWD successful. "/hbl/logs" is current directory.
226 Successfully transferred "/hbl/logs/22e68b48_2021-03-15_15-52-21/logs_2021-03-15_15-52-21.zip"
***********************************************************************************
Fecha / Hora : 2021/03/19 15:00:58
230 Logged on
220-FileZilla Server 0.9.60 beta
220-written by Tim Kosse (tim.kosse@filezilla-project.org)
220 Please visit https://filezilla-project.org/
250 CWD successful. "/hbl/logs" is current directory.
226 Successfully transferred "/hbl/logs/22e68b48_2021-03-19_15-00-58/logs_2021-03-19_15-00-58.zip"
***********************************************************************************
Fecha / Hora : 2021/03/19 15:02:07
230 Logged on
220-FileZilla Server 0.9.60 beta
220-written by Tim Kosse (tim.kosse@filezilla-project.org)
220 Please visit https://filezilla-project.org/
250 CWD successful. "/hbl/logs" is current directory.
226 Successfully transferred "/hbl/logs/22e68b48_2021-03-19_15-02-08/logs_2021-03-19_15-02-08.zip"
***********************************************************************************
Fecha / Hora : 2021/07/13 11:39:04
230 Logged on
220-FileZilla Server 0.9.60 beta
220-written by Tim Kosse (tim.kosse@filezilla-project.org)
220 Please visit https://filezilla-project.org/
250 CWD successful. "/hbl/logs" is current directory.
226 Successfully transferred "/hbl/logs/32fc8cc8_2021-07-13_11-39-05/logs_2021-07-13_11-39-05.zip"
