***********************************************************************************
Fecha / Hora : 2021/03/15 16:01:56
Sever started at port : 8000
***********************************************************************************
Fecha / Hora : 2021/03/15 18:40:05
Sever started at port : 8000
***********************************************************************************
Fecha / Hora : 2021/03/16 09:51:35
Sever started at port : 8000
***********************************************************************************
Fecha / Hora : 2021/03/16 09:54:59
Sever started at port : 8000
***********************************************************************************
Fecha / Hora : 2012/08/09 18:31:44
Sever started at port : 8000
***********************************************************************************
Fecha / Hora : 2021/03/16 10:04:27
Sever started at port : 8000
***********************************************************************************
Fecha / Hora : 2021/03/16 10:04:27
Sever started at port : 8000
***********************************************************************************
Fecha / Hora : 2021/03/16 10:16:47
Sever started at port : 8000
***********************************************************************************
Fecha / Hora : 2021/03/16 10:27:06
Sever started at port : 8000
***********************************************************************************
Fecha / Hora : 2021/03/16 10:49:04
Sever started at port : 8000
***********************************************************************************
Fecha / Hora : 2021/03/16 11:54:38
Sever started at port : 8000
***********************************************************************************
Fecha / Hora : 2021/03/16 11:55:32
Sever started at port : 8000
***********************************************************************************
Fecha / Hora : 2021/03/16 11:55:58
Sever started at port : 8000
***********************************************************************************
Fecha / Hora : 2021/03/16 13:35:26
Sever started at port : 8000
***********************************************************************************
Fecha / Hora : 2021/03/16 13:48:44
Sever started at port : 8000
***********************************************************************************
Fecha / Hora : 2021/03/16 14:55:31
Sever started at port : 8000
***********************************************************************************
Fecha / Hora : 2021/03/18 17:12:14
Sever started at port : 8000
***********************************************************************************
Fecha / Hora : 2021/03/18 16:20:01
Sever started at port : 8000
***********************************************************************************
Fecha / Hora : 2021/03/18 16:21:34
Sever started at port : 8000
***********************************************************************************
Fecha / Hora : 2021/03/19 14:18:13
Sever started at port : 8000
***********************************************************************************
Fecha / Hora : 2021/03/19 15:00:27
Sever started at port : 8000
***********************************************************************************
Fecha / Hora : 2021/03/19 15:27:32
Sever started at port : 8000
***********************************************************************************
Fecha / Hora : 2021/03/21 20:22:38
Sever started at port : 8000
***********************************************************************************
Fecha / Hora : 2021/03/21 20:41:31
Sever started at port : 8000
***********************************************************************************
Fecha / Hora : 2021/03/21 22:29:48
Sever started at port : 8000
***********************************************************************************
Fecha / Hora : 2021/03/21 22:18:14
Sever started at port : 8000
***********************************************************************************
Fecha / Hora : 2021/03/21 22:20:20
Sever started at port : 8000
***********************************************************************************
Fecha / Hora : 2021/03/21 22:28:25
Sever started at port : 8000
***********************************************************************************
Fecha / Hora : 2021/03/21 22:30:12
Sever started at port : 8000
***********************************************************************************
Fecha / Hora : 2021/03/21 22:31:31
Sever started at port : 8000
***********************************************************************************
Fecha / Hora : 2021/03/21 22:35:02
Sever started at port : 8000
***********************************************************************************
Fecha / Hora : 2021/03/23 20:49:17
Sever started at port : 8000
***********************************************************************************
Fecha / Hora : 2021/03/23 23:35:40
Sever started at port : 8000
***********************************************************************************
Fecha / Hora : 2021/03/26 17:42:33
Sever started at port : 8000
***********************************************************************************
Fecha / Hora : 2021/03/26 17:44:01
Sever started at port : 8000
***********************************************************************************
Fecha / Hora : 2021/03/26 17:46:04
Sever started at port : 8000
***********************************************************************************
Fecha / Hora : 2021/03/26 18:00:20
Sever started at port : 8000
***********************************************************************************
Fecha / Hora : 2021/03/26 18:03:22
Sever started at port : 8000
***********************************************************************************
Fecha / Hora : 2021/03/26 18:03:58
Sever started at port : 8000
***********************************************************************************
Fecha / Hora : 2021/03/26 18:46:17
Sever started at port : 8000
***********************************************************************************
Fecha / Hora : 2021/03/26 18:47:13
Sever started at port : 8000
***********************************************************************************
Fecha / Hora : 2021/03/26 18:48:38
Sever started at port : 8000
***********************************************************************************
Fecha / Hora : 2021/03/29 11:07:56
Sever started at port : 8000
***********************************************************************************
Fecha / Hora : 2021/03/29 11:09:41
Sever started at port : 8000
***********************************************************************************
Fecha / Hora : 2021/03/29 11:16:27
Sever started at port : 8000
***********************************************************************************
Fecha / Hora : 2021/03/29 12:16:55
Sever started at port : 8000
***********************************************************************************
Fecha / Hora : 2021/03/29 12:23:05
Sever started at port : 8000
***********************************************************************************
Fecha / Hora : 2021/03/29 12:25:29
Sever started at port : 8000
***********************************************************************************
Fecha / Hora : 2021/03/29 12:30:02
Sever started at port : 8000
***********************************************************************************
Fecha / Hora : 2021/03/29 12:34:50
Sever started at port : 8000
***********************************************************************************
Fecha / Hora : 2021/03/29 12:48:35
Sever started at port : 8000
***********************************************************************************
Fecha / Hora : 2021/03/29 12:51:17
Sever started at port : 8000
***********************************************************************************
Fecha / Hora : 2021/03/29 12:52:51
Sever started at port : 8000
***********************************************************************************
Fecha / Hora : 2021/03/29 13:31:38
Sever started at port : 8000
***********************************************************************************
Fecha / Hora : 2021/03/29 13:33:17
Sever started at port : 8000
***********************************************************************************
Fecha / Hora : 2021/03/29 13:35:29
Sever started at port : 8000
***********************************************************************************
Fecha / Hora : 2021/03/29 13:44:46
Sever started at port : 8000
***********************************************************************************
Fecha / Hora : 2021/03/29 13:47:34
Sever started at port : 8000
***********************************************************************************
Fecha / Hora : 2021/03/29 13:49:37
Sever started at port : 8000
***********************************************************************************
Fecha / Hora : 2021/03/29 14:07:57
Sever started at port : 8000
***********************************************************************************
Fecha / Hora : 2021/03/29 14:15:46
Sever started at port : 8000
***********************************************************************************
Fecha / Hora : 2021/03/29 14:26:45
Sever started at port : 8000
***********************************************************************************
Fecha / Hora : 2021/03/29 15:02:00
Sever started at port : 8000
***********************************************************************************
Fecha / Hora : 2021/03/29 16:52:55
Sever started at port : 8000
***********************************************************************************
Fecha / Hora : 2021/04/16 15:12:52
Sever started at port : 8000
***********************************************************************************
Fecha / Hora : 2021/04/16 15:16:45
Sever started at port : 8000
***********************************************************************************
Fecha / Hora : 2021/04/16 15:18:45
Sever started at port : 8000
***********************************************************************************
Fecha / Hora : 2021/04/16 15:38:18
Sever started at port : 8000
***********************************************************************************
Fecha / Hora : 2021/04/16 16:09:20
Sever started at port : 8000
***********************************************************************************
Fecha / Hora : 2021/04/19 11:28:08
Sever started at port : 8000
***********************************************************************************
Fecha / Hora : 2021/04/19 14:34:15
Sever started at port : 8000
***********************************************************************************
Fecha / Hora : 2021/04/19 14:34:52
Sever started at port : 8000
***********************************************************************************
Fecha / Hora : 2021/04/19 14:37:50
Sever started at port : 8000
***********************************************************************************
Fecha / Hora : 2021/04/19 17:24:47
Sever started at port : 8000
***********************************************************************************
Fecha / Hora : 2021/04/20 11:24:47
Sever started at port : 8000
***********************************************************************************
Fecha / Hora : 2021/04/20 14:04:30
Sever started at port : 8000
***********************************************************************************
Fecha / Hora : 2021/04/20 15:42:04
***********************************************************************************
Fecha / Hora : 2021/04/20 15:42:04
Sever started at port : 8000
Error : [Errno 98] Address already in use
***********************************************************************************
Fecha / Hora : 2021/04/20 15:42:22
Sever started at port : 8000
***********************************************************************************
Fecha / Hora : 2021/04/20 23:57:17
Sever started at port : 8000
***********************************************************************************
Fecha / Hora : 2021/04/23 16:18:00
Sever started at port : 8000
***********************************************************************************
Fecha / Hora : 2021/04/23 16:21:59
Sever started at port : 8000
***********************************************************************************
Fecha / Hora : 2021/04/23 16:44:41
Sever started at port : 8000
***********************************************************************************
Fecha / Hora : 2021/04/23 16:50:50
Sever started at port : 8000
***********************************************************************************
Fecha / Hora : 2021/04/23 16:51:58
Sever started at port : 8000
***********************************************************************************
Fecha / Hora : 2021/05/04 11:02:35
Sever started at port : 8000
***********************************************************************************
Fecha / Hora : 2021/05/04 11:15:21
Sever started at port : 8000
***********************************************************************************
Fecha / Hora : 2021/05/04 11:12:03
Sever started at port : 8000
***********************************************************************************
Fecha / Hora : 2021/05/04 11:33:23
Sever started at port : 8000
***********************************************************************************
Fecha / Hora : 2021/05/04 11:39:00
Sever started at port : 8000
***********************************************************************************
Fecha / Hora : 2021/05/04 11:47:55
Sever started at port : 8000
***********************************************************************************
Fecha / Hora : 2021/05/04 11:51:08
Sever started at port : 8000
***********************************************************************************
Fecha / Hora : 2021/05/04 11:53:53
Sever started at port : 8000
***********************************************************************************
Fecha / Hora : 2021/05/04 12:17:13
Sever started at port : 8000
***********************************************************************************
Fecha / Hora : 2021/05/04 12:26:27
Sever started at port : 8000
***********************************************************************************
Fecha / Hora : 2021/05/04 17:06:22
Sever started at port : 8000
***********************************************************************************
Fecha / Hora : 2021/05/04 17:40:21
Sever started at port : 8000
***********************************************************************************
Fecha / Hora : 2021/05/05 13:49:24
Sever started at port : 8000
***********************************************************************************
Fecha / Hora : 2021/05/05 13:52:28
Sever started at port : 8000
***********************************************************************************
Fecha / Hora : 2021/05/05 13:52:29
Sever started at port : 8000
***********************************************************************************
Fecha / Hora : 2021/05/05 14:13:45
Error : [Errno 98] Address already in use
***********************************************************************************
Fecha / Hora : 2021/05/05 14:13:45
Sever started at port : 8000
***********************************************************************************
Fecha / Hora : 2021/05/05 14:14:02
Sever started at port : 8000
***********************************************************************************
Fecha / Hora : 2021/05/05 14:18:28
Sever started at port : 8000
***********************************************************************************
Fecha / Hora : 2021/05/05 14:42:56
Sever started at port : 8000
***********************************************************************************
Fecha / Hora : 2021/05/05 15:17:50
Sever started at port : 8000
***********************************************************************************
Fecha / Hora : 2021/05/05 15:27:37
Sever started at port : 8000
***********************************************************************************
Fecha / Hora : 2021/05/05 15:45:19
Sever started at port : 8000
***********************************************************************************
Fecha / Hora : 2021/05/05 15:52:09
Sever started at port : 8000
***********************************************************************************
Fecha / Hora : 2021/05/05 17:06:02
Sever started at port : 8000
***********************************************************************************
Fecha / Hora : 2021/05/05 17:09:03
Sever started at port : 8000
***********************************************************************************
Fecha / Hora : 2021/05/05 17:26:31
Sever started at port : 8000
***********************************************************************************
Fecha / Hora : 2021/05/06 18:03:20
Sever started at port : 8000
***********************************************************************************
Fecha / Hora : 2021/05/07 10:11:58
Sever started at port : 8000
***********************************************************************************
Fecha / Hora : 2021/05/07 10:17:14
Sever started at port : 8000
***********************************************************************************
Fecha / Hora : 2021/05/07 10:28:39
Sever started at port : 8000
***********************************************************************************
Fecha / Hora : 2021/05/07 10:38:23
Sever started at port : 8000
***********************************************************************************
Fecha / Hora : 2021/05/07 10:40:45
Sever started at port : 8000
***********************************************************************************
Fecha / Hora : 2021/05/07 10:59:44
Sever started at port : 8000
***********************************************************************************
Fecha / Hora : 2021/05/07 11:08:21
Sever started at port : 8000
***********************************************************************************
Fecha / Hora : 2021/05/07 11:12:55
Sever started at port : 8000
***********************************************************************************
Fecha / Hora : 2021/05/07 11:40:54
Sever started at port : 8000
***********************************************************************************
Fecha / Hora : 2021/05/07 11:44:39
Sever started at port : 8000
***********************************************************************************
Fecha / Hora : 2021/05/07 13:06:16
Sever started at port : 8000
***********************************************************************************
Fecha / Hora : 2021/05/07 13:27:09
Sever started at port : 8000
***********************************************************************************
Fecha / Hora : 2021/05/07 13:27:33
Sever started at port : 8000
***********************************************************************************
Fecha / Hora : 2021/05/07 13:29:38
Sever started at port : 8000
***********************************************************************************
Fecha / Hora : 2021/05/07 13:30:24
Sever started at port : 8000
***********************************************************************************
Fecha / Hora : 2021/05/07 13:30:45
Sever started at port : 8000
***********************************************************************************
Fecha / Hora : 2021/05/07 13:31:06
Sever started at port : 8000
***********************************************************************************
Fecha / Hora : 2021/05/07 13:31:31
Sever started at port : 8000
***********************************************************************************
Fecha / Hora : 2021/05/07 13:49:00
Sever started at port : 8000
***********************************************************************************
Fecha / Hora : 2021/05/07 13:49:40
Sever started at port : 8000
***********************************************************************************
Fecha / Hora : 2021/05/07 13:50:59
Sever started at port : 8000
***********************************************************************************
Fecha / Hora : 2021/05/07 13:52:19
Sever started at port : 8000
***********************************************************************************
Fecha / Hora : 2021/05/07 13:52:41
Sever started at port : 8000
***********************************************************************************
Fecha / Hora : 2021/05/07 14:07:34
Sever started at port : 8000
***********************************************************************************
Fecha / Hora : 2021/05/07 14:24:33
Sever started at port : 8000
***********************************************************************************
Fecha / Hora : 2021/05/07 14:38:33
Sever started at port : 8000
***********************************************************************************
Fecha / Hora : 2021/05/07 14:43:42
Sever started at port : 8000
***********************************************************************************
Fecha / Hora : 2021/05/07 14:56:23
Sever started at port : 8000
***********************************************************************************
Fecha / Hora : 2021/05/07 14:56:23
Sever started at port : 8000
***********************************************************************************
Fecha / Hora : 2021/05/07 15:01:28
Sever started at port : 8000
***********************************************************************************
Fecha / Hora : 2021/05/07 15:02:54
Sever started at port : 8000
***********************************************************************************
Fecha / Hora : 2021/05/07 15:03:26
Sever started at port : 8000
***********************************************************************************
Fecha / Hora : 2021/06/08 11:06:29
Sever started at port : 8000
***********************************************************************************
Fecha / Hora : 2021/06/08 11:12:36
Sever started at port : 8000
***********************************************************************************
Fecha / Hora : 2021/06/08 11:12:37
Sever started at port : 8000
***********************************************************************************
Fecha / Hora : 2021/06/08 11:30:02
Sever started at port : 8000
***********************************************************************************
Fecha / Hora : 2021/06/08 11:34:47
Sever started at port : 8000
***********************************************************************************
Fecha / Hora : 2021/06/08 11:37:36
Sever started at port : 8000
***********************************************************************************
Fecha / Hora : 2021/06/08 12:42:11
Sever started at port : 8000
***********************************************************************************
Fecha / Hora : 2021/06/08 12:54:03
***********************************************************************************
Fecha / Hora : 2021/06/08 12:54:03
Sever started at port : 8000
Error : [Errno 98] Address already in use
***********************************************************************************
Fecha / Hora : 2021/06/08 12:54:16
Sever started at port : 8000
***********************************************************************************
Fecha / Hora : 2021/06/08 12:57:18
Sever started at port : 8000
***********************************************************************************
Fecha / Hora : 2021/06/08 13:01:00
Sever started at port : 8000
***********************************************************************************
Fecha / Hora : 2021/06/08 13:46:15
Sever started at port : 8000
***********************************************************************************
Fecha / Hora : 2021/06/08 13:47:13
Sever started at port : 8000
***********************************************************************************
Fecha / Hora : 2021/06/08 13:48:09
Sever started at port : 8000
***********************************************************************************
Fecha / Hora : 2021/06/08 13:49:02
Sever started at port : 8000
***********************************************************************************
Fecha / Hora : 2021/06/08 13:50:04
Sever started at port : 8000
***********************************************************************************
Fecha / Hora : 2021/06/08 14:01:52
Sever started at port : 8000
***********************************************************************************
Fecha / Hora : 2021/06/08 14:05:45
Sever started at port : 8000
***********************************************************************************
Fecha / Hora : 2021/06/08 14:25:57
***********************************************************************************
Fecha / Hora : 2021/06/08 14:25:57
Error : [Errno 98] Address already in use
Sever started at port : 8000
***********************************************************************************
Fecha / Hora : 2021/06/08 14:27:30
Sever started at port : 8000
***********************************************************************************
Fecha / Hora : 2021/06/08 14:50:18
Sever started at port : 8000
***********************************************************************************
Fecha / Hora : 2021/06/08 14:52:07
Sever started at port : 8000
***********************************************************************************
Fecha / Hora : 2021/06/08 14:53:01
Sever started at port : 8000
***********************************************************************************
Fecha / Hora : 2021/06/08 14:54:23
***********************************************************************************
Fecha / Hora : 2021/06/08 14:54:23
Error : [Errno 98] Address already in use
Sever started at port : 8000
***********************************************************************************
Fecha / Hora : 2021/06/08 14:55:31
Sever started at port : 8000
***********************************************************************************
Fecha / Hora : 2021/06/08 14:56:57
Sever started at port : 8000
***********************************************************************************
Fecha / Hora : 2021/06/08 14:58:00
Sever started at port : 8000
***********************************************************************************
Fecha / Hora : 2021/06/08 14:58:00
Error : [Errno 98] Address already in use
***********************************************************************************
Fecha / Hora : 2021/06/08 14:58:08
Sever started at port : 8000
***********************************************************************************
Fecha / Hora : 2021/06/08 14:59:04
Sever started at port : 8000
***********************************************************************************
Fecha / Hora : 2021/06/08 14:59:04
Error : [Errno 98] Address already in use
***********************************************************************************
Fecha / Hora : 2021/06/08 14:59:12
Sever started at port : 8000
***********************************************************************************
Fecha / Hora : 2021/06/16 11:27:58
Sever started at port : 8000
***********************************************************************************
Fecha / Hora : 2021/06/16 12:34:32
Sever started at port : 8000
***********************************************************************************
Fecha / Hora : 2021/06/16 12:35:54
Sever started at port : 8000
***********************************************************************************
Fecha / Hora : 2021/06/16 13:25:19
Sever started at port : 8000
***********************************************************************************
Fecha / Hora : 2021/06/16 13:35:38
Sever started at port : 8000
***********************************************************************************
Fecha / Hora : 2021/06/16 13:41:12
Sever started at port : 8000
***********************************************************************************
Fecha / Hora : 2021/06/16 13:54:25
Sever started at port : 8000
***********************************************************************************
Fecha / Hora : 2021/06/16 13:54:39
Sever started at port : 8000
***********************************************************************************
Fecha / Hora : 2021/06/16 13:57:56
Sever started at port : 8000
***********************************************************************************
Fecha / Hora : 2021/06/16 16:18:15
Sever started at port : 8000
***********************************************************************************
Fecha / Hora : 2021/06/18 09:31:45
Sever started at port : 8000
***********************************************************************************
Fecha / Hora : 2021/06/18 11:17:10
Sever started at port : 8000
***********************************************************************************
Fecha / Hora : 2021/06/18 13:17:10
Sever started at port : 8000
***********************************************************************************
Fecha / Hora : 2021/07/06 14:10:31
HTTP Server iniciado en el puerto : 8000
***********************************************************************************
Fecha / Hora : 2021/07/06 15:28:47
HTTP Server iniciado en el puerto : 8000
***********************************************************************************
Fecha / Hora : 2021/07/06 15:33:10
HTTP Server iniciado en el puerto : 8000
***********************************************************************************
Fecha / Hora : 2021/07/06 15:49:48
HTTP Server iniciado en el puerto : 8000
***********************************************************************************
Fecha / Hora : 2021/07/06 15:53:56
HTTP Server iniciado en el puerto : 8000
***********************************************************************************
Fecha / Hora : 2021/07/06 15:56:50
HTTP Server iniciado en el puerto : 8000
***********************************************************************************
Fecha / Hora : 2021/07/06 16:01:03
HTTP Server iniciado en el puerto : 8000
***********************************************************************************
Fecha / Hora : 2021/07/06 16:18:35
HTTP Server iniciado en el puerto : 8000
***********************************************************************************
Fecha / Hora : 2021/07/06 16:20:35
HTTP Server iniciado en el puerto : 8000
***********************************************************************************
Fecha / Hora : 2021/07/06 16:23:39
HTTP Server iniciado en el puerto : 8000
***********************************************************************************
Fecha / Hora : 2021/07/06 16:35:47
HTTP Server iniciado en el puerto : 8000
***********************************************************************************
Fecha / Hora : 2021/07/06 16:39:18
HTTP Server iniciado en el puerto : 8000
***********************************************************************************
Fecha / Hora : 2021/07/06 17:11:56
HTTP Server iniciado en el puerto : 8000
***********************************************************************************
Fecha / Hora : 2021/07/06 17:19:44
HTTP Server iniciado en el puerto : 8000
***********************************************************************************
Fecha / Hora : 2021/07/06 17:20:29
HTTP Server iniciado en el puerto : 8000
***********************************************************************************
Fecha / Hora : 2021/07/06 17:21:02
HTTP Server iniciado en el puerto : 8000
***********************************************************************************
Fecha / Hora : 2021/07/06 17:23:07
HTTP Server iniciado en el puerto : 8000
***********************************************************************************
Fecha / Hora : 2021/07/07 12:48:09
HTTP Server iniciado en el puerto : 8000
***********************************************************************************
Fecha / Hora : 2021/07/07 12:51:47
HTTP Server iniciado en el puerto : 8000
***********************************************************************************
Fecha / Hora : 2021/07/07 12:52:22
HTTP Server iniciado en el puerto : 8000
***********************************************************************************
Fecha / Hora : 2021/07/07 13:11:55
HTTP Server iniciado en el puerto : 8000
***********************************************************************************
Fecha / Hora : 2021/07/07 13:53:50
HTTP Server iniciado en el puerto : 8000
***********************************************************************************
Fecha / Hora : 2021/07/07 14:30:24
HTTP Server iniciado en el puerto : 8000
***********************************************************************************
Fecha / Hora : 2021/07/07 14:50:01
HTTP Server iniciado en el puerto : 8000
***********************************************************************************
Fecha / Hora : 2021/07/07 14:50:01
HTTP Server iniciado en el puerto : 8000
***********************************************************************************
Fecha / Hora : 2021/07/07 14:51:12
HTTP Server iniciado en el puerto : 8000
***********************************************************************************
Fecha / Hora : 2021/07/07 14:54:46
HTTP Server iniciado en el puerto : 8000
***********************************************************************************
Fecha / Hora : 2021/07/07 14:56:31
HTTP Server iniciado en el puerto : 8000
***********************************************************************************
Fecha / Hora : 2021/07/07 16:03:51
HTTP Server iniciado en el puerto : 8000
***********************************************************************************
Fecha / Hora : 2021/07/07 16:10:09
HTTP Server iniciado en el puerto : 8000
***********************************************************************************
Fecha / Hora : 2021/07/07 16:10:10
HTTP Server iniciado en el puerto : 8000
***********************************************************************************
Fecha / Hora : 2021/07/07 16:10:10
HTTP Server iniciado en el puerto : 8000
***********************************************************************************
Fecha / Hora : 2021/07/07 16:10:09
HTTP Server iniciado en el puerto : 8000
***********************************************************************************
Fecha / Hora : 2021/07/07 16:10:10
HTTP Server iniciado en el puerto : 8000
***********************************************************************************
Fecha / Hora : 2021/07/07 16:10:09
HTTP Server iniciado en el puerto : 8000
***********************************************************************************
Fecha / Hora : 2021/07/07 16:10:09
HTTP Server iniciado en el puerto : 8000
***********************************************************************************
Fecha / Hora : 2021/07/07 16:10:09
HTTP Server iniciado en el puerto : 8000
***********************************************************************************
Fecha / Hora : 2021/07/07 16:10:09
HTTP Server iniciado en el puerto : 8000
***********************************************************************************
Fecha / Hora : 2021/07/07 16:15:13
HTTP Server iniciado en el puerto : 8000
***********************************************************************************
Fecha / Hora : 2021/07/07 16:15:13
HTTP Server iniciado en el puerto : 8000
***********************************************************************************
Fecha / Hora : 2021/07/07 16:15:13
HTTP Server iniciado en el puerto : 8000
***********************************************************************************
Fecha / Hora : 2021/07/07 16:15:14
HTTP Server iniciado en el puerto : 8000
***********************************************************************************
Fecha / Hora : 2021/07/07 16:17:13
HTTP Server iniciado en el puerto : 8000
***********************************************************************************
Fecha / Hora : 2021/07/07 16:17:15
HTTP Server iniciado en el puerto : 8000
***********************************************************************************
Fecha / Hora : 2021/07/07 16:17:13
HTTP Server iniciado en el puerto : 8000
***********************************************************************************
Fecha / Hora : 2021/07/07 16:23:29
HTTP Server iniciado en el puerto : 8000
***********************************************************************************
Fecha / Hora : 2021/07/07 16:28:06
HTTP Server iniciado en el puerto : 8000
***********************************************************************************
Fecha / Hora : 2021/07/07 16:23:29
HTTP Server iniciado en el puerto : 8000
***********************************************************************************
Fecha / Hora : 2021/07/07 17:13:05
HTTP Server iniciado en el puerto : 8000
***********************************************************************************
Fecha / Hora : 2021/07/10 11:24:30
HTTP Server iniciado en el puerto : 8000
***********************************************************************************
Fecha / Hora : 2021/07/10 14:54:23
HTTP Server iniciado en el puerto : 8000
***********************************************************************************
Fecha / Hora : 2021/07/10 15:06:57
HTTP Server iniciado en el puerto : 8000
***********************************************************************************
Fecha / Hora : 2021/07/10 15:07:51
HTTP Server iniciado en el puerto : 8000
***********************************************************************************
Fecha / Hora : 2021/07/10 15:08:26
HTTP Server iniciado en el puerto : 8000
***********************************************************************************
Fecha / Hora : 2021/07/10 15:16:11
HTTP Server iniciado en el puerto : 8000
***********************************************************************************
Fecha / Hora : 2021/07/10 15:17:44
HTTP Server iniciado en el puerto : 8000
***********************************************************************************
Fecha / Hora : 2021/07/10 15:43:19
HTTP Server iniciado en el puerto : 8000
***********************************************************************************
Fecha / Hora : 2021/07/10 15:59:16
HTTP Server iniciado en el puerto : 8000
***********************************************************************************
Fecha / Hora : 2021/07/10 16:20:11
HTTP Server iniciado en el puerto : 8000
***********************************************************************************
Fecha / Hora : 2021/07/10 16:26:23
HTTP Server iniciado en el puerto : 8000
***********************************************************************************
Fecha / Hora : 2021/07/10 17:24:54
HTTP Server iniciado en el puerto : 3000
***********************************************************************************
Fecha / Hora : 2021/07/10 17:31:23
HTTP Server iniciado en el puerto : 3000
***********************************************************************************
Fecha / Hora : 2021/07/10 17:34:54
HTTP Server iniciado en el puerto : 3000
***********************************************************************************
Fecha / Hora : 2021/07/12 09:18:00
HTTP Server iniciado en el puerto : 3000
***********************************************************************************
Fecha / Hora : 2021/07/12 09:21:52
HTTP Server iniciado en el puerto : 3000
***********************************************************************************
Fecha / Hora : 2021/07/12 09:35:50
HTTP Server iniciado en el puerto : 3000
***********************************************************************************
Fecha / Hora : 2021/07/12 10:22:29
HTTP Server iniciado en el puerto : 3000
***********************************************************************************
Fecha / Hora : 2021/07/12 11:53:32
HTTP Server iniciado en el puerto : 3000
***********************************************************************************
Fecha / Hora : 2021/07/12 12:01:55
HTTP Server iniciado en el puerto : 3000
***********************************************************************************
Fecha / Hora : 2021/07/12 12:03:22
HTTP Server iniciado en el puerto : 3000
***********************************************************************************
Fecha / Hora : 2021/07/12 12:10:06
HTTP Server iniciado en el puerto : 3000
***********************************************************************************
Fecha / Hora : 2021/07/12 12:17:19
HTTP Server iniciado en el puerto : 3000
***********************************************************************************
Fecha / Hora : 2021/07/12 12:32:43
HTTP Server iniciado en el puerto : 3000
***********************************************************************************
Fecha / Hora : 2021/07/12 12:36:38
***********************************************************************************
Fecha / Hora : 2021/07/12 12:36:38
Error : [Errno 98] Address already in use
HTTP Server iniciado en el puerto : 3000
***********************************************************************************
Fecha / Hora : 2021/07/12 12:38:13
HTTP Server iniciado en el puerto : 3000
***********************************************************************************
Fecha / Hora : 2021/07/12 12:39:53
***********************************************************************************
Fecha / Hora : 2021/07/12 12:39:53
HTTP Server iniciado en el puerto : 3000
Error : [Errno 98] Address already in use
***********************************************************************************
Fecha / Hora : 2021/07/12 12:40:39
HTTP Server iniciado en el puerto : 3000
***********************************************************************************
Fecha / Hora : 2021/07/12 12:41:55
***********************************************************************************
Fecha / Hora : 2021/07/12 12:41:55
HTTP Server iniciado en el puerto : 3000
Error : [Errno 98] Address already in use
***********************************************************************************
Fecha / Hora : 2021/07/12 12:42:01
HTTP Server iniciado en el puerto : 3000
***********************************************************************************
Fecha / Hora : 2021/07/12 12:44:27
HTTP Server iniciado en el puerto : 3000
***********************************************************************************
Fecha / Hora : 2021/07/12 12:52:27
HTTP Server iniciado en el puerto : 3000
***********************************************************************************
Fecha / Hora : 2021/07/12 12:55:50
HTTP Server iniciado en el puerto : 3000
***********************************************************************************
Fecha / Hora : 2021/07/12 13:02:44
HTTP Server iniciado en el puerto : 3000
***********************************************************************************
Fecha / Hora : 2021/07/12 13:02:56
HTTP Server iniciado en el puerto : 3000
***********************************************************************************
Fecha / Hora : 2021/07/12 13:05:33
HTTP Server iniciado en el puerto : 3000
***********************************************************************************
Fecha / Hora : 2021/07/12 13:57:55
HTTP Server iniciado en el puerto : 3000
***********************************************************************************
Fecha / Hora : 2021/07/12 14:02:07
HTTP Server iniciado en el puerto : 3000
***********************************************************************************
Fecha / Hora : 2021/07/12 14:04:34
HTTP Server iniciado en el puerto : 3000
***********************************************************************************
Fecha / Hora : 2021/07/12 14:10:11
HTTP Server iniciado en el puerto : 3000
***********************************************************************************
Fecha / Hora : 2021/07/12 14:22:18
HTTP Server iniciado en el puerto : 3000
***********************************************************************************
Fecha / Hora : 2021/07/12 15:06:13
HTTP Server iniciado en el puerto : 3000
***********************************************************************************
Fecha / Hora : 2021/07/12 15:08:15
HTTP Server iniciado en el puerto : 3000
***********************************************************************************
Fecha / Hora : 2021/07/12 15:10:11
HTTP Server iniciado en el puerto : 3000
***********************************************************************************
Fecha / Hora : 2021/07/12 15:11:37
HTTP Server iniciado en el puerto : 3000
***********************************************************************************
Fecha / Hora : 2021/07/12 15:21:53
HTTP Server iniciado en el puerto : 3000
***********************************************************************************
Fecha / Hora : 2021/07/12 15:24:51
HTTP Server iniciado en el puerto : 3000
***********************************************************************************
Fecha / Hora : 2021/07/12 15:26:24
HTTP Server iniciado en el puerto : 3000
***********************************************************************************
Fecha / Hora : 2021/07/12 15:28:23
HTTP Server iniciado en el puerto : 3000
***********************************************************************************
Fecha / Hora : 2021/07/12 15:29:28
HTTP Server iniciado en el puerto : 3000
***********************************************************************************
Fecha / Hora : 2021/07/12 15:33:56
HTTP Server iniciado en el puerto : 3000
***********************************************************************************
Fecha / Hora : 2021/07/12 15:58:36
HTTP Server iniciado en el puerto : 3000
***********************************************************************************
Fecha / Hora : 2021/07/12 15:59:10
HTTP Server iniciado en el puerto : 3000
***********************************************************************************
Fecha / Hora : 2021/07/12 16:00:05
HTTP Server iniciado en el puerto : 3000
***********************************************************************************
Fecha / Hora : 2021/07/12 16:00:42
HTTP Server iniciado en el puerto : 3000
***********************************************************************************
Fecha / Hora : 2021/07/12 16:40:41
HTTP Server iniciado en el puerto : 3000
***********************************************************************************
Fecha / Hora : 2021/07/12 16:52:15
HTTP Server iniciado en el puerto : 8000
***********************************************************************************
Fecha / Hora : 2021/07/12 16:57:36
HTTP Server iniciado en el puerto : 8000
***********************************************************************************
Fecha / Hora : 2021/07/12 17:28:41
HTTP Server iniciado en el puerto : 8000
***********************************************************************************
Fecha / Hora : 2021/07/13 06:23:48
HTTP Server iniciado en el puerto : 8000
***********************************************************************************
Fecha / Hora : 2021/07/13 11:12:15
HTTP Server iniciado en el puerto : 8000
***********************************************************************************
Fecha / Hora : 2021/07/13 11:12:52
HTTP Server iniciado en el puerto : 8000
***********************************************************************************
Fecha / Hora : 2021/07/13 11:12:52
HTTP Server iniciado en el puerto : 8000
***********************************************************************************
Fecha / Hora : 2021/07/13 11:12:52
HTTP Server iniciado en el puerto : 8000
***********************************************************************************
Fecha / Hora : 2021/07/13 11:25:23
HTTP Server iniciado en el puerto : 8000
***********************************************************************************
Fecha / Hora : 2021/07/14 16:05:52
HTTP Server iniciado en el puerto : 8000
***********************************************************************************
Fecha / Hora : 2021/07/14 16:11:22
HTTP Server iniciado en el puerto : 8000
***********************************************************************************
Fecha / Hora : 2021/07/14 16:16:34
HTTP Server iniciado en el puerto : 8000
***********************************************************************************
Fecha / Hora : 2021/07/14 16:17:41
HTTP Server iniciado en el puerto : 8000
***********************************************************************************
Fecha / Hora : 2021/07/14 16:18:48
HTTP Server iniciado en el puerto : 8000
***********************************************************************************
Fecha / Hora : 2021/07/14 16:21:00
HTTP Server iniciado en el puerto : 8000
***********************************************************************************
Fecha / Hora : 2021/07/14 16:26:06
HTTP Server iniciado en el puerto : 8000
***********************************************************************************
Fecha / Hora : 2021/07/14 16:30:29
HTTP Server iniciado en el puerto : 8000
***********************************************************************************
Fecha / Hora : 2021/07/14 16:31:17
***********************************************************************************
Fecha / Hora : 2021/07/14 16:31:17
Error : [Errno 98] Address already in use
HTTP Server iniciado en el puerto : 8000
***********************************************************************************
Fecha / Hora : 2021/07/14 16:31:22
HTTP Server iniciado en el puerto : 8000
***********************************************************************************
Fecha / Hora : 2021/07/14 16:31:22
Error : [Errno 98] Address already in use
***********************************************************************************
Fecha / Hora : 2021/07/14 16:31:27
***********************************************************************************
Fecha / Hora : 2021/07/14 16:31:27
Error : [Errno 98] Address already in use
HTTP Server iniciado en el puerto : 8000
***********************************************************************************
Fecha / Hora : 2021/07/14 16:31:34
HTTP Server iniciado en el puerto : 8000
***********************************************************************************
Fecha / Hora : 2021/07/14 16:31:34
Error : [Errno 98] Address already in use
***********************************************************************************
Fecha / Hora : 2021/07/14 16:31:43
HTTP Server iniciado en el puerto : 8000
***********************************************************************************
Fecha / Hora : 2021/07/14 16:32:46
HTTP Server iniciado en el puerto : 8000
***********************************************************************************
Fecha / Hora : 2021/07/14 16:32:46
Error : [Errno 98] Address already in use
***********************************************************************************
Fecha / Hora : 2021/07/14 16:33:29
HTTP Server iniciado en el puerto : 8000
***********************************************************************************
Fecha / Hora : 2021/07/14 16:33:51
HTTP Server iniciado en el puerto : 8000
***********************************************************************************
Fecha / Hora : 2021/07/14 16:35:13
HTTP Server iniciado en el puerto : 8000
***********************************************************************************
Fecha / Hora : 2021/07/14 16:36:10
HTTP Server iniciado en el puerto : 8000
***********************************************************************************
Fecha / Hora : 2021/07/14 16:36:10
Error : [Errno 98] Address already in use
***********************************************************************************
Fecha / Hora : 2021/07/14 16:36:17
HTTP Server iniciado en el puerto : 8000
***********************************************************************************
Fecha / Hora : 2021/07/14 16:36:17
Error : [Errno 98] Address already in use
***********************************************************************************
Fecha / Hora : 2021/07/14 16:36:22
Error : [Errno 98] Address already in use
***********************************************************************************
Fecha / Hora : 2021/07/14 16:36:22
HTTP Server iniciado en el puerto : 8000
***********************************************************************************
Fecha / Hora : 2021/07/14 16:36:28
HTTP Server iniciado en el puerto : 8000
***********************************************************************************
Fecha / Hora : 2021/07/14 16:36:28
Error : [Errno 98] Address already in use
***********************************************************************************
Fecha / Hora : 2021/07/14 16:36:54
HTTP Server iniciado en el puerto : 8000
***********************************************************************************
Fecha / Hora : 2021/07/14 16:37:17
HTTP Server iniciado en el puerto : 8000
***********************************************************************************
Fecha / Hora : 2021/07/14 16:37:17
Error : [Errno 98] Address already in use
***********************************************************************************
Fecha / Hora : 2021/07/14 16:38:13
HTTP Server iniciado en el puerto : 8000
***********************************************************************************
Fecha / Hora : 2021/07/14 16:38:13
HTTP Server iniciado en el puerto : 8000
***********************************************************************************
Fecha / Hora : 2021/07/14 16:40:12
HTTP Server iniciado en el puerto : 8000
***********************************************************************************
Fecha / Hora : 2021/07/14 16:41:35
HTTP Server iniciado en el puerto : 8000
***********************************************************************************
Fecha / Hora : 2021/07/14 16:41:35
HTTP Server iniciado en el puerto : 8000
***********************************************************************************
Fecha / Hora : 2021/07/14 17:11:30
HTTP Server iniciado en el puerto : 8000
***********************************************************************************
Fecha / Hora : 2021/07/14 17:11:31
HTTP Server iniciado en el puerto : 8000
***********************************************************************************
Fecha / Hora : 2021/07/14 17:11:30
HTTP Server iniciado en el puerto : 8000
***********************************************************************************
Fecha / Hora : 2021/07/14 17:11:31
HTTP Server iniciado en el puerto : 8000
***********************************************************************************
Fecha / Hora : 2021/07/14 17:17:09
HTTP Server iniciado en el puerto : 8000
***********************************************************************************
Fecha / Hora : 2021/07/14 17:50:41
HTTP Server iniciado en el puerto : 8000
***********************************************************************************
Fecha / Hora : 2021/07/14 17:51:43
HTTP Server iniciado en el puerto : 8000
***********************************************************************************
Fecha / Hora : 2021/07/14 17:51:43
Error : [Errno 98] Address already in use
***********************************************************************************
Fecha / Hora : 2021/07/14 17:51:53
HTTP Server iniciado en el puerto : 8000
***********************************************************************************
Fecha / Hora : 2021/07/14 17:53:27
HTTP Server iniciado en el puerto : 8000
***********************************************************************************
Fecha / Hora : 2021/07/14 17:54:09
***********************************************************************************
Fecha / Hora : 2021/07/14 17:54:09
Error : [Errno 98] Address already in use
HTTP Server iniciado en el puerto : 8000
***********************************************************************************
Fecha / Hora : 2021/07/14 17:55:28
HTTP Server iniciado en el puerto : 8000
***********************************************************************************
Fecha / Hora : 2021/07/14 18:13:08
HTTP Server iniciado en el puerto : 8000
***********************************************************************************
Fecha / Hora : 2021/07/14 18:17:41
***********************************************************************************
Fecha / Hora : 2021/07/14 18:17:41
HTTP Server iniciado en el puerto : 8000
Error : [Errno 98] Address already in use
***********************************************************************************
Fecha / Hora : 2021/07/14 18:17:47
***********************************************************************************
Fecha / Hora : 2021/07/14 18:17:47
Error : [Errno 98] Address already in use
HTTP Server iniciado en el puerto : 8000
***********************************************************************************
Fecha / Hora : 2021/07/14 18:17:54
HTTP Server iniciado en el puerto : 8000
***********************************************************************************
Fecha / Hora : 2021/07/14 18:24:09
HTTP Server iniciado en el puerto : 8000
***********************************************************************************
Fecha / Hora : 2021/07/14 18:29:16
HTTP Server iniciado en el puerto : 8000
***********************************************************************************
Fecha / Hora : 2021/07/14 18:36:55
HTTP Server iniciado en el puerto : 8000
***********************************************************************************
Fecha / Hora : 2021/09/20 16:51:38
HTTP Server iniciado en el puerto : 8000
***********************************************************************************
Fecha / Hora : 2021/09/20 16:54:14
***********************************************************************************
Fecha / Hora : 2021/09/20 16:54:14
HTTP Server iniciado en el puerto : 8000
Error : [Errno 98] Address already in use
***********************************************************************************
Fecha / Hora : 2021/09/20 16:54:32
HTTP Server iniciado en el puerto : 8000
***********************************************************************************
Fecha / Hora : 2021/09/20 17:24:08
HTTP Server iniciado en el puerto : 8000
***********************************************************************************
Fecha / Hora : 2021/09/20 17:28:36
HTTP Server iniciado en el puerto : 8000
***********************************************************************************
Fecha / Hora : 2021/09/20 17:29:14
HTTP Server iniciado en el puerto : 8000
***********************************************************************************
Fecha / Hora : 2021/09/20 17:29:39
HTTP Server iniciado en el puerto : 8000
***********************************************************************************
Fecha / Hora : 2021/09/20 17:30:45
HTTP Server iniciado en el puerto : 8000
***********************************************************************************
Fecha / Hora : 2021/09/20 17:30:44
HTTP Server iniciado en el puerto : 8000
                                                                                                                                                                ***********************************************************************************
Fecha / Hora : 2021/09/21 06:17:17
HTTP Server iniciado en el puerto : 8000
***********************************************************************************
Fecha / Hora : 2021/09/21 06:18:08
***********************************************************************************
Fecha / Hora : 2021/09/21 06:18:08
HTTP Server iniciado en el puerto : 8000
Error : [Errno 98] Address already in use
***********************************************************************************
Fecha / Hora : 2021/09/21 06:18:26
HTTP Server iniciado en el puerto : 8000
***********************************************************************************
Fecha / Hora : 2021/09/21 08:17:16
HTTP Server iniciado en el puerto : 8000
***********************************************************************************
Fecha / Hora : 2021/09/21 08:35:58
***********************************************************************************
Fecha / Hora : 2021/09/21 08:35:58
HTTP Server iniciado en el puerto : 8000
Error : [Errno 98] Address already in use
***********************************************************************************
Fecha / Hora : 2021/09/21 08:36:14
HTTP Server iniciado en el puerto : 8000
***********************************************************************************
Fecha / Hora : 2021/09/21 08:36:48
HTTP Server iniciado en el puerto : 8000
***********************************************************************************
Fecha / Hora : 2021/09/21 09:22:33
HTTP Server iniciado en el puerto : 8000
***********************************************************************************
Fecha / Hora : 2021/09/21 09:29:28
HTTP Server iniciado en el puerto : 8000
***********************************************************************************
Fecha / Hora : 2021/09/21 09:54:15
HTTP Server iniciado en el puerto : 8000
***********************************************************************************
Fecha / Hora : 2021/09/21 10:00:50
HTTP Server iniciado en el puerto : 8000
***********************************************************************************
Fecha / Hora : 2021/09/21 10:09:07
HTTP Server iniciado en el puerto : 8000
***********************************************************************************
Fecha / Hora : 2021/09/21 10:23:30
HTTP Server iniciado en el puerto : 8000
***********************************************************************************
Fecha / Hora : 2021/09/21 10:29:47
HTTP Server iniciado en el puerto : 8000
***********************************************************************************
Fecha / Hora : 2021/09/21 10:32:40
HTTP Server iniciado en el puerto : 8000
***********************************************************************************
Fecha / Hora : 2021/09/21 10:38:13
HTTP Server iniciado en el puerto : 8000
***********************************************************************************
Fecha / Hora : 2021/09/21 10:17:16
HTTP Server iniciado en el puerto : 8000
***********************************************************************************
Fecha / Hora : 2021/09/21 10:32:17
HTTP Server iniciado en el puerto : 8000
***********************************************************************************
Fecha / Hora : 2021/09/21 10:17:14
HTTP Server iniciado en el puerto : 8000
***********************************************************************************
Fecha / Hora : 2021/09/21 10:17:13
HTTP Server iniciado en el puerto : 8000
***********************************************************************************
Fecha / Hora : 2021/09/21 10:17:15
HTTP Server iniciado en el puerto : 8000
***********************************************************************************
Fecha / Hora : 2021/09/21 10:57:12
HTTP Server iniciado en el puerto : 8000
***********************************************************************************
Fecha / Hora : 2021/09/21 12:35:30
HTTP Server iniciado en el puerto : 8000
***********************************************************************************
Fecha / Hora : 2021/09/21 12:37:05
HTTP Server iniciado en el puerto : 8000
***********************************************************************************
Fecha / Hora : 2021/09/21 12:38:46
HTTP Server iniciado en el puerto : 8000
***********************************************************************************
Fecha / Hora : 2021/09/21 12:39:34
HTTP Server iniciado en el puerto : 8000
***********************************************************************************
Fecha / Hora : 2021/09/21 12:44:03
HTTP Server iniciado en el puerto : 8000
***********************************************************************************
Fecha / Hora : 2021/09/21 12:47:50
***********************************************************************************
Fecha / Hora : 2021/09/21 12:47:50
Error : [Errno 98] Address already in use
HTTP Server iniciado en el puerto : 8000
***********************************************************************************
Fecha / Hora : 2021/09/21 12:47:56
Error : [Errno 98] Address already in use
***********************************************************************************
Fecha / Hora : 2021/09/21 12:47:56
HTTP Server iniciado en el puerto : 8000
***********************************************************************************
Fecha / Hora : 2021/09/21 12:48:10
HTTP Server iniciado en el puerto : 8000
***********************************************************************************
Fecha / Hora : 2021/09/21 12:48:10
Error : [Errno 98] Address already in use
                                                                                                                                                                                                                                                                                                                                 ***********************************************************************************
Fecha / Hora : 2021/09/21 12:17:17
HTTP Server iniciado en el puerto : 8000
***********************************************************************************
Fecha / Hora : 2021/09/21 12:21:23
HTTP Server iniciado en el puerto : 8000
***********************************************************************************
Fecha / Hora : 2021/09/21 12:24:33
HTTP Server iniciado en el puerto : 8000
***********************************************************************************
Fecha / Hora : 2021/09/21 12:26:05
HTTP Server iniciado en el puerto : 8000
***********************************************************************************
Fecha / Hora : 2021/09/21 12:42:34
HTTP Server iniciado en el puerto : 8000
***********************************************************************************
Fecha / Hora : 2021/09/21 13:00:26
HTTP Server iniciado en el puerto : 8000
***********************************************************************************
Fecha / Hora : 2021/09/21 13:10:43
HTTP Server iniciado en el puerto : 8000
***********************************************************************************
Fecha / Hora : 2021/09/21 13:12:46
HTTP Server iniciado en el puerto : 8000
***********************************************************************************
Fecha / Hora : 2021/09/21 13:13:50
HTTP Server iniciado en el puerto : 8000
***********************************************************************************
Fecha / Hora : 2021/09/21 13:13:59
HTTP Server iniciado en el puerto : 8000
***********************************************************************************
Fecha / Hora : 2021/09/21 13:31:07
HTTP Server iniciado en el puerto : 8000
***********************************************************************************
Fecha / Hora : 2021/09/21 13:39:37
HTTP Server iniciado en el puerto : 8000
***********************************************************************************
Fecha / Hora : 2021/09/21 13:41:53
HTTP Server iniciado en el puerto : 8000
***********************************************************************************
Fecha / Hora : 2021/09/21 13:43:45
HTTP Server iniciado en el puerto : 8000
***********************************************************************************
Fecha / Hora : 2021/09/21 13:56:01
HTTP Server iniciado en el puerto : 8000
***********************************************************************************
Fecha / Hora : 2021/09/21 13:56:08
HTTP Server iniciado en el puerto : 8000
***********************************************************************************
Fecha / Hora : 2021/09/21 14:02:37
HTTP Server iniciado en el puerto : 8000
***********************************************************************************
Fecha / Hora : 2021/09/21 14:34:27
HTTP Server iniciado en el puerto : 8000
***********************************************************************************
Fecha / Hora : 2021/09/21 14:40:48
HTTP Server iniciado en el puerto : 8000
***********************************************************************************
Fecha / Hora : 2021/09/21 14:45:50
HTTP Server iniciado en el puerto : 8000
***********************************************************************************
Fecha / Hora : 2021/09/21 15:08:00
HTTP Server iniciado en el puerto : 8000
***********************************************************************************
Fecha / Hora : 2021/09/21 15:10:25
HTTP Server iniciado en el puerto : 8000
***********************************************************************************
Fecha / Hora : 2021/09/21 15:13:20
HTTP Server iniciado en el puerto : 8000
***********************************************************************************
Fecha / Hora : 2021/09/21 15:16:29
HTTP Server iniciado en el puerto : 8000
***********************************************************************************
Fecha / Hora : 2021/09/21 15:18:38
HTTP Server iniciado en el puerto : 8000
***********************************************************************************
Fecha / Hora : 2021/09/21 15:19:38
HTTP Server iniciado en el puerto : 8000
***********************************************************************************
Fecha / Hora : 2021/09/21 15:22:08
HTTP Server iniciado en el puerto : 8000
***********************************************************************************
Fecha / Hora : 2021/09/21 15:23:28
HTTP Server iniciado en el puerto : 8000
***********************************************************************************
Fecha / Hora : 2021/09/21 15:24:21
HTTP Server iniciado en el puerto : 8000
***********************************************************************************
Fecha / Hora : 2021/09/21 15:25:16
HTTP Server iniciado en el puerto : 8000
***********************************************************************************
Fecha / Hora : 2021/09/21 15:27:15
HTTP Server iniciado en el puerto : 8000
***********************************************************************************
Fecha / Hora : 2021/09/21 15:34:11
HTTP Server iniciado en el puerto : 8000
***********************************************************************************
Fecha / Hora : 2021/09/21 15:35:04
HTTP Server iniciado en el puerto : 8000
***********************************************************************************
Fecha / Hora : 2021/09/21 15:36:05
HTTP Server iniciado en el puerto : 8000
***********************************************************************************
Fecha / Hora : 2021/09/21 15:37:56
HTTP Server iniciado en el puerto : 8000
***********************************************************************************
Fecha / Hora : 2021/09/21 15:39:14
HTTP Server iniciado en el puerto : 8000
***********************************************************************************
Fecha / Hora : 2021/09/21 15:40:02
HTTP Server iniciado en el puerto : 8000
***********************************************************************************
Fecha / Hora : 2021/09/21 15:41:27
HTTP Server iniciado en el puerto : 8000
***********************************************************************************
Fecha / Hora : 2021/09/21 15:47:27
HTTP Server iniciado en el puerto : 8000
***********************************************************************************
Fecha / Hora : 2021/09/21 15:48:11
HTTP Server iniciado en el puerto : 8000
***********************************************************************************
Fecha / Hora : 2021/09/21 15:50:37
HTTP Server iniciado en el puerto : 8000
***********************************************************************************
Fecha / Hora : 2021/09/21 15:52:05
HTTP Server iniciado en el puerto : 8000
***********************************************************************************
Fecha / Hora : 2021/09/21 15:55:15
HTTP Server iniciado en el puerto : 8000
***********************************************************************************
Fecha / Hora : 2021/09/21 15:57:56
HTTP Server iniciado en el puerto : 8000
***********************************************************************************
Fecha / Hora : 2021/09/21 16:52:18
HTTP Server iniciado en el puerto : 8000
***********************************************************************************
Fecha / Hora : 2021/09/21 16:56:13
HTTP Server iniciado en el puerto : 8000
***********************************************************************************
Fecha / Hora : 2021/09/21 17:00:53
HTTP Server iniciado en el puerto : 8000
***********************************************************************************
Fecha / Hora : 2021/09/21 17:02:32
HTTP Server iniciado en el puerto : 8000
***********************************************************************************
Fecha / Hora : 2021/09/21 17:04:06
HTTP Server iniciado en el puerto : 8000
***********************************************************************************
Fecha / Hora : 2021/09/21 17:10:40
HTTP Server iniciado en el puerto : 8000
***********************************************************************************
Fecha / Hora : 2021/09/21 17:11:56
HTTP Server iniciado en el puerto : 8000
***********************************************************************************
Fecha / Hora : 2021/09/21 16:17:16
HTTP Server iniciado en el puerto : 8000
***********************************************************************************
Fecha / Hora : 2021/09/21 16:19:57
HTTP Server iniciado en el puerto : 8000
***********************************************************************************
Fecha / Hora : 2021/09/21 16:23:43
HTTP Server iniciado en el puerto : 8000
***********************************************************************************
Fecha / Hora : 2021/09/21 16:24:58
HTTP Server iniciado en el puerto : 8000
***********************************************************************************
Fecha / Hora : 2021/09/21 16:35:54
HTTP Server iniciado en el puerto : 8000
***********************************************************************************
Fecha / Hora : 2021/09/21 16:17:13
HTTP Server iniciado en el puerto : 8000
***********************************************************************************
Fecha / Hora : 2021/09/21 16:17:13
HTTP Server iniciado en el puerto : 8000
***********************************************************************************
Fecha / Hora : 2021/09/21 16:19:34
HTTP Server iniciado en el puerto : 8000
***********************************************************************************
Fecha / Hora : 2021/09/21 16:17:13
HTTP Server iniciado en el puerto : 8000
***********************************************************************************
Fecha / Hora : 2021/09/21 16:18:30
Error : [Errno 98] Address already in use
***********************************************************************************
Fecha / Hora : 2021/09/21 16:18:30
HTTP Server iniciado en el puerto : 8000
***********************************************************************************
Fecha / Hora : 2021/09/21 16:18:37
HTTP Server iniciado en el puerto : 8000
***********************************************************************************
Fecha / Hora : 2021/09/21 16:21:07
HTTP Server iniciado en el puerto : 8000
***********************************************************************************
Fecha / Hora : 2021/09/21 16:22:05
HTTP Server iniciado en el puerto : 8000
***********************************************************************************
Fecha / Hora : 2021/09/21 16:22:56
HTTP Server iniciado en el puerto : 8000
***********************************************************************************
Fecha / Hora : 2021/09/21 16:25:06
HTTP Server iniciado en el puerto : 8000
***********************************************************************************
Fecha / Hora : 2021/09/21 16:25:52
HTTP Server iniciado en el puerto : 8000
***********************************************************************************
Fecha / Hora : 2021/09/21 16:26:48
HTTP Server iniciado en el puerto : 8000
***********************************************************************************
Fecha / Hora : 2021/09/21 16:27:27
HTTP Server iniciado en el puerto : 8000
***********************************************************************************
Fecha / Hora : 2021/09/21 16:30:47
HTTP Server iniciado en el puerto : 8000
***********************************************************************************
Fecha / Hora : 2021/09/21 17:33:23
HTTP Server iniciado en el puerto : 8000
***********************************************************************************
Fecha / Hora : 2021/09/21 17:37:13
HTTP Server iniciado en el puerto : 8000
***********************************************************************************
Fecha / Hora : 2021/09/21 17:39:13
HTTP Server iniciado en el puerto : 8000
***********************************************************************************
Fecha / Hora : 2021/09/21 17:47:29
HTTP Server iniciado en el puerto : 8000
***********************************************************************************
Fecha / Hora : 2021/09/21 17:58:00
HTTP Server iniciado en el puerto : 8000
***********************************************************************************
Fecha / Hora : 2021/09/21 17:59:56
HTTP Server iniciado en el puerto : 8000
***********************************************************************************
Fecha / Hora : 2021/09/21 18:01:30
HTTP Server iniciado en el puerto : 8000
***********************************************************************************
Fecha / Hora : 2021/09/21 18:24:35
HTTP Server iniciado en el puerto : 8000
***********************************************************************************
Fecha / Hora : 2021/09/21 18:17:14
HTTP Server iniciado en el puerto : 8000
***********************************************************************************
Fecha / Hora : 2021/09/21 18:18:44
***********************************************************************************
Fecha / Hora : 2021/09/21 18:18:44
HTTP Server iniciado en el puerto : 8000
Error : [Errno 98] Address already in use
***********************************************************************************
Fecha / Hora : 2021/09/21 18:18:50
HTTP Server iniciado en el puerto : 8000
***********************************************************************************
Fecha / Hora : 2021/09/21 18:17:14
HTTP Server iniciado en el puerto : 8000
***********************************************************************************
Fecha / Hora : 2021/09/21 18:17:16
HTTP Server iniciado en el puerto : 8000
***********************************************************************************
Fecha / Hora : 2021/09/21 18:23:17
HTTP Server iniciado en el puerto : 8000
***********************************************************************************
Fecha / Hora : 2021/09/21 18:23:25
HTTP Server iniciado en el puerto : 8000
***********************************************************************************
Fecha / Hora : 2021/09/21 19:17:14
HTTP Server iniciado en el puerto : 8000
***********************************************************************************
Fecha / Hora : 2021/09/21 19:17:14
HTTP Server iniciado en el puerto : 8000
***********************************************************************************
Fecha / Hora : 2021/09/21 19:17:13
HTTP Server iniciado en el puerto : 8000
***********************************************************************************
Fecha / Hora : 2021/09/21 19:17:13
HTTP Server iniciado en el puerto : 8000
***********************************************************************************
Fecha / Hora : 2021/09/21 19:17:14
HTTP Server iniciado en el puerto : 8000
***********************************************************************************
Fecha / Hora : 2021/09/21 19:17:13
HTTP Server iniciado en el puerto : 8000
***********************************************************************************
Fecha / Hora : 2021/09/21 19:17:13
HTTP Server iniciado en el puerto : 8000
***********************************************************************************
Fecha / Hora : 2021/09/21 19:20:51
HTTP Server iniciado en el puerto : 8000
***********************************************************************************
Fecha / Hora : 2021/09/21 19:17:13
HTTP Server iniciado en el puerto : 8000
***********************************************************************************
Fecha / Hora : 2021/09/21 19:17:13
HTTP Server iniciado en el puerto : 8000
***********************************************************************************
Fecha / Hora : 2021/09/21 19:17:14
HTTP Server iniciado en el puerto : 8000
***********************************************************************************
Fecha / Hora : 2021/09/21 19:17:13
HTTP Server iniciado en el puerto : 8000
***********************************************************************************
Fecha / Hora : 2021/09/21 19:17:13
HTTP Server iniciado en el puerto : 8000
***********************************************************************************
Fecha / Hora : 2021/09/21 19:18:33
HTTP Server iniciado en el puerto : 8000
***********************************************************************************
Fecha / Hora : 2021/09/21 19:17:15
HTTP Server iniciado en el puerto : 8000
***********************************************************************************
Fecha / Hora : 2021/09/21 19:17:13
HTTP Server iniciado en el puerto : 8000
***********************************************************************************
Fecha / Hora : 2021/09/21 19:17:12
HTTP Server iniciado en el puerto : 8000
***********************************************************************************
Fecha / Hora : 2021/09/21 19:17:13
HTTP Server iniciado en el puerto : 8000
***********************************************************************************
Fecha / Hora : 2021/09/21 19:17:13
HTTP Server iniciado en el puerto : 8000
***********************************************************************************
Fecha / Hora : 2021/09/21 19:17:13
HTTP Server iniciado en el puerto : 8000
***********************************************************************************
Fecha / Hora : 2023/09/20 09:56:22
HTTP Server iniciado en el puerto : 8000
***********************************************************************************
Fecha / Hora : 2023/09/20 09:56:22
Error : [Errno 98] Address already in use
***********************************************************************************
Fecha / Hora : 2023/09/20 10:05:19
HTTP Server iniciado en el puerto : 8000
***********************************************************************************
Fecha / Hora : 2023/09/20 10:05:19
Error : [Errno 98] Address already in use
***********************************************************************************
Fecha / Hora : 2023/09/20 10:06:39
HTTP Server iniciado en el puerto : 8000
***********************************************************************************
Fecha / Hora : 2023/09/20 10:06:48
HTTP Server iniciado en el puerto : 8000
***********************************************************************************
Fecha / Hora : 2023/09/20 10:10:36
HTTP Server iniciado en el puerto : 8000
***********************************************************************************
Fecha / Hora : 2023/09/20 10:10:36
Error : [Errno 98] Address already in use
***********************************************************************************
Fecha / Hora : 2023/09/20 10:11:04
HTTP Server iniciado en el puerto : 8000
***********************************************************************************
Fecha / Hora : 2023/09/20 10:11:04
Error : [Errno 98] Address already in use
***********************************************************************************
Fecha / Hora : 2023/09/20 10:12:19
HTTP Server iniciado en el puerto : 8000
***********************************************************************************
Fecha / Hora : 2023/09/20 15:33:15
HTTP Server iniciado en el puerto : 8000
***********************************************************************************
Fecha / Hora : 2023/09/20 15:33:15
Error : [Errno 98] Address already in use
***********************************************************************************
Fecha / Hora : 2023/09/20 15:34:01
HTTP Server iniciado en el puerto : 8000
***********************************************************************************
Fecha / Hora : 2023/09/20 15:34:01
Error : [Errno 98] Address already in use
***********************************************************************************
Fecha / Hora : 2023/09/20 15:34:20
HTTP Server iniciado en el puerto : 8000
***********************************************************************************
Fecha / Hora : 2023/09/20 15:34:20
Error : [Errno 98] Address already in use
***********************************************************************************
Fecha / Hora : 2023/09/20 15:35:09
HTTP Server iniciado en el puerto : 8000
***********************************************************************************
Fecha / Hora : 2023/09/20 15:35:09
Error : [Errno 98] Address already in use
***********************************************************************************
Fecha / Hora : 2023/09/20 15:37:42
HTTP Server iniciado en el puerto : 8000
***********************************************************************************
Fecha / Hora : 2023/09/21 09:54:37
***********************************************************************************
Fecha / Hora : 2023/09/21 09:54:37
HTTP Server iniciado en el puerto : 8000
Error : [Errno 98] Address already in use
***********************************************************************************
Fecha / Hora : 2023/09/21 09:56:07
HTTP Server iniciado en el puerto : 8000
***********************************************************************************
Fecha / Hora : 2023/09/21 09:57:27
HTTP Server iniciado en el puerto : 8000
***********************************************************************************
Fecha / Hora : 2023/09/21 09:57:27
Error : [Errno 98] Address already in use
***********************************************************************************
Fecha / Hora : 2023/09/21 09:57:55
***********************************************************************************
Fecha / Hora : 2023/09/21 09:57:55
HTTP Server iniciado en el puerto : 8000
Error : [Errno 98] Address already in use
***********************************************************************************
Fecha / Hora : 2023/09/21 10:00:23
***********************************************************************************
Fecha / Hora : 2023/09/21 10:00:23
HTTP Server iniciado en el puerto : 8000
Error : [Errno 98] Address already in use
***********************************************************************************
Fecha / Hora : 2023/09/21 10:05:56
HTTP Server iniciado en el puerto : 8000
***********************************************************************************
Fecha / Hora : 2023/09/21 10:14:01
HTTP Server iniciado en el puerto : 8000
***********************************************************************************
Fecha / Hora : 2023/09/21 10:22:13
HTTP Server iniciado en el puerto : 8000
***********************************************************************************
Fecha / Hora : 2023/09/21 10:23:08
HTTP Server iniciado en el puerto : 8000
***********************************************************************************
Fecha / Hora : 2023/09/21 10:23:08
Error : [Errno 98] Address already in use
***********************************************************************************
Fecha / Hora : 2023/09/21 10:46:34
***********************************************************************************
Fecha / Hora : 2023/09/21 10:46:34
Error : [Errno 98] Address already in use
HTTP Server iniciado en el puerto : 8000
***********************************************************************************
Fecha / Hora : 2023/09/21 10:46:56
***********************************************************************************
Fecha / Hora : 2023/09/21 10:46:56
HTTP Server iniciado en el puerto : 8000
Error : [Errno 98] Address already in use
***********************************************************************************
Fecha / Hora : 2023/09/21 11:10:10
HTTP Server iniciado en el puerto : 8000
***********************************************************************************
Fecha / Hora : 2023/09/21 11:11:04
***********************************************************************************
Fecha / Hora : 2023/09/21 11:11:04
HTTP Server iniciado en el puerto : 8000
Error : [Errno 98] Address already in use
***********************************************************************************
Fecha / Hora : 2023/09/21 11:30:07
HTTP Server iniciado en el puerto : 8000
***********************************************************************************
Fecha / Hora : 2023/09/21 11:30:07
Error : [Errno 98] Address already in use
***********************************************************************************
Fecha / Hora : 2023/09/21 11:49:44
HTTP Server iniciado en el puerto : 8000
***********************************************************************************
Fecha / Hora : 2023/09/21 11:50:24
HTTP Server iniciado en el puerto : 8000
***********************************************************************************
Fecha / Hora : 2023/09/21 11:50:24
Error : [Errno 98] Address already in use
***********************************************************************************
Fecha / Hora : 2023/09/22 10:44:22
HTTP Server iniciado en el puerto : 8000
***********************************************************************************
Fecha / Hora : 2023/09/25 07:35:50
HTTP Server iniciado en el puerto : 8000
***********************************************************************************
Fecha / Hora : 2023/09/26 14:47:40
HTTP Server iniciado en el puerto : 8000
***********************************************************************************
Fecha / Hora : 2023/10/25 09:21:06
HTTP Server iniciado en el puerto : 8000
***********************************************************************************
Fecha / Hora : 2023/10/25 15:39:32
HTTP Server iniciado en el puerto : 8000
***********************************************************************************
Fecha / Hora : 2023/10/25 15:42:19
HTTP Server iniciado en el puerto : 8000
***********************************************************************************
Fecha / Hora : 2023/10/25 15:49:04
HTTP Server iniciado en el puerto : 8000
***********************************************************************************
Fecha / Hora : 2023/10/25 15:49:04
Error : [Errno 98] Address already in use
***********************************************************************************
Fecha / Hora : 2023/10/25 15:49:30
***********************************************************************************
Fecha / Hora : 2023/10/25 15:49:30
Error : [Errno 98] Address already in use
HTTP Server iniciado en el puerto : 8000
***********************************************************************************
Fecha / Hora : 2023/10/25 15:50:01
***********************************************************************************
Fecha / Hora : 2023/10/25 15:50:01
Error : [Errno 98] Address already in use
HTTP Server iniciado en el puerto : 8000
***********************************************************************************
Fecha / Hora : 2023/10/25 15:53:59
HTTP Server iniciado en el puerto : 8000
***********************************************************************************
Fecha / Hora : 2023/10/26 09:53:12
HTTP Server iniciado en el puerto : 8000
***********************************************************************************
Fecha / Hora : 2023/10/26 09:53:44
HTTP Server iniciado en el puerto : 8000
***********************************************************************************
Fecha / Hora : 2023/10/26 10:00:15
HTTP Server iniciado en el puerto : 8000
***********************************************************************************
Fecha / Hora : 2023/10/26 10:00:39
***********************************************************************************
Fecha / Hora : 2023/10/26 10:00:39
Error : [Errno 98] Address already in use
HTTP Server iniciado en el puerto : 8000
***********************************************************************************
Fecha / Hora : 2023/10/26 10:01:40
***********************************************************************************
Fecha / Hora : 2023/10/26 10:01:40
Error : [Errno 98] Address already in use
HTTP Server iniciado en el puerto : 8000
***********************************************************************************
Fecha / Hora : 2023/10/26 10:28:00
HTTP Server iniciado en el puerto : 8000
***********************************************************************************
Fecha / Hora : 2023/10/26 10:32:35
Error : [Errno 98] Address already in use
***********************************************************************************
Fecha / Hora : 2023/10/26 10:32:35
HTTP Server iniciado en el puerto : 8000
***********************************************************************************
Fecha / Hora : 2023/10/26 10:33:40
***********************************************************************************
Fecha / Hora : 2023/10/26 10:33:40
Error : [Errno 98] Address already in use
HTTP Server iniciado en el puerto : 8000
***********************************************************************************
Fecha / Hora : 2023/10/26 10:35:54
HTTP Server iniciado en el puerto : 8000
***********************************************************************************
Fecha / Hora : 2023/10/26 10:35:54
Error : [Errno 98] Address already in use
***********************************************************************************
Fecha / Hora : 2023/10/26 10:40:04
HTTP Server iniciado en el puerto : 8000
***********************************************************************************
Fecha / Hora : 2023/10/26 10:40:04
Error : [Errno 98] Address already in use
***********************************************************************************
Fecha / Hora : 2023/10/26 10:42:35
HTTP Server iniciado en el puerto : 8000
***********************************************************************************
Fecha / Hora : 2023/10/26 10:42:35
Error : [Errno 98] Address already in use
***********************************************************************************
Fecha / Hora : 2023/10/26 10:43:09
HTTP Server iniciado en el puerto : 8000
***********************************************************************************
Fecha / Hora : 2023/10/26 10:43:09
Error : [Errno 98] Address already in use
***********************************************************************************
Fecha / Hora : 2023/10/26 10:47:32
Error : [Errno 98] Address already in use
***********************************************************************************
Fecha / Hora : 2023/10/26 10:49:35
HTTP Server iniciado en el puerto : 8000
***********************************************************************************
Fecha / Hora : 2023/10/26 10:49:35
Error : [Errno 98] Address already in use
                                                                                                                                                                                                                                                                                                                                 ***********************************************************************************
Fecha / Hora : 2023/10/26 10:54:18
HTTP Server iniciado en el puerto : 8000
***********************************************************************************
Fecha / Hora : 2023/10/26 11:37:34
HTTP Server iniciado en el puerto : 8000
***********************************************************************************
Fecha / Hora : 2023/10/26 11:40:13
HTTP Server iniciado en el puerto : 8000
***********************************************************************************
Fecha / Hora : 2023/10/26 11:40:13
Error : [Errno 98] Address already in use
***********************************************************************************
Fecha / Hora : 2023/10/26 11:43:41
HTTP Server iniciado en el puerto : 8000
***********************************************************************************
Fecha / Hora : 2023/10/26 11:46:28
HTTP Server iniciado en el puerto : 8000
***********************************************************************************
Fecha / Hora : 2023/10/26 11:46:28
Error : [Errno 98] Address already in use
***********************************************************************************
Fecha / Hora : 2023/10/26 11:50:13
HTTP Server iniciado en el puerto : 8000
***********************************************************************************
Fecha / Hora : 2023/10/26 11:57:00
HTTP Server iniciado en el puerto : 8000
***********************************************************************************
Fecha / Hora : 2023/11/01 16:10:48
HTTP Server iniciado en el puerto : 8000
                                                                                                                                                                