USB Port : 2  /  Caracter leido : Err
USB Port : 2  /  Caracter leido : Err
USB Port : 3  /  Caracter leido : Err
USB Port : 3  /  Caracter leido : Err
USB Port : 3  /  Caracter leido : Err
USB Port : 3  /  Caracter leido : Err
USB Port : 3  /  Caracter leido : Err
USB Port : 3  /  Caracter leido : Err
USB Port : 3  /  Caracter leido : Err
USB Port : 3  /  Caracter leido : Err
USB Port : 3  /  Caracter leido : Err
USB Port : 3  /  Caracter leido : Err
USB Port : 3  /  Caracter leido : Err
USB Port : 3  /  Caracter leido : Err
USB Port : 3  /  Caracter leido : Err
USB Port : 3  /  Caracter leido : Err
USB Port : 3  /  Caracter leido : Err
USB Port : 3  /  Caracter leido : Err
USB Port : 3  /  Caracter leido : Err
USB Port : 3  /  Caracter leido : Err
USB Port : 3  /  Caracter leido : Err
USB Port : 3  /  Caracter leido : Err
USB Port : 3  /  Caracter leido : Err
USB Port : 3  /  Caracter leido : Err
USB Port : 3  /  Caracter leido : Err
USB Port : 3  /  Caracter leido : Err
USB Port : 3  /  Caracter leido : Err
USB Port : 3  /  Caracter leido : Err
USB Port : 3  /  Caracter leido : Err
USB Port : 3  /  Caracter leido : Err
USB Port : 3  /  Caracter leido : Err
USB Port : 3  /  Caracter leido : Err
USB Port : 3  /  Caracter leido : Err
USB Port : 3  /  Caracter leido : Err
USB Port : 3  /  Caracter leido : Err
USB Port : 3  /  Caracter leido : Err
USB Port : 3  /  Caracter leido : Err
USB Port : 3  /  Caracter leido : Err
USB Port : 3  /  Caracter leido : Err
USB Port : 3  /  Caracter leido : Err
USB Port : 3  /  Caracter leido : Err
USB Port : 3  /  Caracter leido : Err
USB Port : 3  /  Caracter leido : Err
USB Port : 3  /  Caracter leido : Err
USB Port : 3  /  Caracter leido : Err
USB Port : 3  /  Caracter leido : Err
USB Port : 3  /  Caracter leido : Err
USB Port : 3  /  Caracter leido : Err
USB Port : 3  /  Caracter leido : Err
USB Port : 3  /  Caracter leido : Err
USB Port : 3  /  Caracter leido : Err
USB Port : 3  /  Caracter leido : Err
USB Port : 3  /  Caracter leido : Err
USB Port : 3  /  Caracter leido : Err
USB Port : 3  /  Caracter leido : Err
USB Port : 3  /  Caracter leido : Err
USB Port : 3  /  Caracter leido : Err
USB Port : 3  /  Caracter leido : Err
USB Port : 3  /  Caracter leido : Err
USB Port : 3  /  Caracter leido : Err
USB Port : 3  /  Caracter leido : Err
USB Port : 3  /  Caracter leido : Err
USB Port : 3  /  Caracter leido : Err
USB Port : 3  /  Caracter leido : Err
USB Port : 3  /  Caracter leido : Err
USB Port : 3  /  Caracter leido : Err
USB Port : 3  /  Caracter leido : Err
USB Port : 3  /  Caracter leido : Err
USB Port : 3  /  Caracter leido : Err
USB Port : 3  /  Caracter leido : Err
USB Port : 3  /  Caracter leido : Err
USB Port : 3  /  Caracter leido : Err
USB Port : 3  /  Caracter leido : Err
USB Port : 3  /  Caracter leido : Err
USB Port : 3  /  Caracter leido : Err
USB Port : 3  /  Caracter leido : Err
USB Port : 3  /  Caracter leido : Err
USB Port : 3  /  Caracter leido : Err
USB Port : 3  /  Caracter leido : Err
USB Port : 3  /  Caracter leido : Err
USB Port : 3  /  Caracter leido : Err
USB Port : 3  /  Caracter leido : Err
USB Port : 3  /  Caracter leido : Err
USB Port : 3  /  Caracter leido : Err
USB Port : 3  /  Caracter leido : Err
USB Port : 3  /  Caracter leido : Err
USB Port : 3  /  Caracter leido : Err
USB Port : 3  /  Caracter leido : Err
USB Port : 3  /  Caracter leido : Err
USB Port : 3  /  Caracter leido : Err
USB Port : 3  /  Caracter leido : Err
USB Port : 3  /  Caracter leido : Err
USB Port : 3  /  Caracter leido : Err
USB Port : 3  /  Caracter leido : Err
USB Port : 4  /  Caracter leido : 8
USB Port : 4  /  Caracter leido : 8
USB Port : 4  /  Caracter leido : 8
USB Port : 4  /  Caracter leido : 8
USB Port : 4  /  Caracter leido : 8
USB Port : 4  /  Caracter leido : 8
USB Port : 4  /  Caracter leido : 8
USB Port : 4  /  Caracter leido : Err
USB Port : 4  /  Caracter leido : 8
USB Port : 4  /  Caracter leido : Enter
***********************************************************************************
Fecha / Hora : 2021/06/08 12:42:18
Valor : 88888888@4
USB Port : 4  /  Caracter leido : 1
USB Port : 4  /  Caracter leido : 2
USB Port : 4  /  Caracter leido : 3
USB Port : 4  /  Caracter leido : 4
USB Port : 4  /  Caracter leido : Enter
***********************************************************************************
Fecha / Hora : 2021/06/08 12:42:35
Valor : 1234@4
USB Port : 4  /  Caracter leido : Err
USB Port : 4  /  Caracter leido : 1
USB Port : 4  /  Caracter leido : 2
USB Port : 4  /  Caracter leido : 3
USB Port : 4  /  Caracter leido : 4
USB Port : 4  /  Caracter leido : 5
USB Port : 4  /  Caracter leido : 6
USB Port : 4  /  Caracter leido : Enter
***********************************************************************************
Fecha / Hora : 2021/06/08 12:42:38
Valor : 123456@4
USB Port : 4  /  Caracter leido : 1
USB Port : 4  /  Caracter leido : 2
USB Port : 4  /  Caracter leido : 3
USB Port : 4  /  Caracter leido : 4
USB Port : 4  /  Caracter leido : 5
USB Port : 4  /  Caracter leido : 6
USB Port : 4  /  Caracter leido : 7
USB Port : 4  /  Caracter leido : 8
USB Port : 4  /  Caracter leido : 9
USB Port : 4  /  Caracter leido : 0
USB Port : 4  /  Caracter leido : Enter
***********************************************************************************
Fecha / Hora : 2021/06/08 12:42:43
Valor : 1234567890@4
USB Port : 4  /  Caracter leido : 4
USB Port : 4  /  Caracter leido : 5
USB Port : 4  /  Caracter leido : 6
USB Port : 4  /  Caracter leido : 8
USB Port : 4  /  Caracter leido : 5
USB Port : 4  /  Caracter leido : Err
USB Port : 4  /  Caracter leido : 9
USB Port : 4  /  Caracter leido : Enter
***********************************************************************************
Fecha / Hora : 2021/06/08 12:54:21
Valor : 456859@4
DNI Completo : 456859
USB Port : 4  /  Caracter leido : 8
USB Port : 4  /  Caracter leido : Err
USB Port : 4  /  Caracter leido : 5
USB Port : 4  /  Caracter leido : 6
USB Port : 4  /  Caracter leido : 9
USB Port : 4  /  Caracter leido : Enter
***********************************************************************************
Fecha / Hora : 2021/06/08 12:54:30
Valor : 8569@4
DNI Completo : 8569
USB Port : 4  /  Caracter leido : 3
USB Port : 4  /  Caracter leido : 5
USB Port : 4  /  Caracter leido : Err
USB Port : 4  /  Caracter leido : 6
USB Port : 4  /  Caracter leido : 9
USB Port : 4  /  Caracter leido : Enter
***********************************************************************************
Fecha / Hora : 2021/06/08 12:54:34
Valor : 3569@4
DNI Completo : 3569
USB Port : 4  /  Caracter leido : 6
USB Port : 4  /  Caracter leido : 8
USB Port : 4  /  Caracter leido : 9
USB Port : 4  /  Caracter leido : Enter
***********************************************************************************
Fecha / Hora : 2021/06/08 12:57:22
Valor : 689@4
DNI Completo : 689
Cant. caracteres DNI : 3
USB Port : 4  /  Caracter leido : 7
USB Port : 4  /  Caracter leido : 5
USB Port : 4  /  Caracter leido : 8
USB Port : 4  /  Caracter leido : Enter
***********************************************************************************
Fecha / Hora : 2021/06/08 13:01:32
Valor : 758@4
DNI Completo : 758
Cant. caracteres DNI : 3
USB Port : 4  /  Caracter leido : 5
USB Port : 4  /  Caracter leido : 8
USB Port : 4  /  Caracter leido : 9
USB Port : 4  /  Caracter leido : Err
USB Port : 4  /  Caracter leido : Cancel
USB Port : 4  /  Caracter leido : Enter
***********************************************************************************
Fecha / Hora : 2021/06/08 13:01:38
Valor : 589Cancel@4
DNI Completo : 589Cancel
Cant. caracteres DNI : 9
USB Port : 4  /  Caracter leido : 2
USB Port : 4  /  Caracter leido : 4
USB Port : 4  /  Caracter leido : 7
USB Port : 4  /  Caracter leido : 8
USB Port : 4  /  Caracter leido : 9
USB Port : 4  /  Caracter leido : 4
USB Port : 4  /  Caracter leido : Err
USB Port : 4  /  Caracter leido : 5
USB Port : 4  /  Caracter leido : 6
USB Port : 4  /  Caracter leido : Enter
Msg : enviando DNI...
USB Port : 4  /  Caracter leido : 5
USB Port : 4  /  Caracter leido : 8
USB Port : 4  /  Caracter leido : 9
USB Port : 4  /  Caracter leido : 6
USB Port : 4  /  Caracter leido : Enter
Msg : Error en el DNI
USB Port : 4  /  Caracter leido : 5
USB Port : 4  /  Caracter leido : 6
USB Port : 4  /  Caracter leido : Enter
Msg : Error en el DNI
USB Port : 4  /  Caracter leido : 9
USB Port : 4  /  Caracter leido : Enter
Msg : Error en el DNI
USB Port : 4  /  Caracter leido : 8
USB Port : 4  /  Caracter leido : 9
USB Port : 4  /  Caracter leido : 5
USB Port : 4  /  Caracter leido : 6
USB Port : 4  /  Caracter leido : 2
USB Port : 4  /  Caracter leido : 3
USB Port : 4  /  Caracter leido : 3
USB Port : 4  /  Caracter leido : 3
USB Port : 4  /  Caracter leido : Enter
Msg : enviando DNI...
USB Port : 4  /  Caracter leido : 1
USB Port : 4  /  Caracter leido : 2
USB Port : 4  /  Caracter leido : 3
USB Port : 4  /  Caracter leido : 4
USB Port : 4  /  Caracter leido : 5
USB Port : 4  /  Caracter leido : 6
USB Port : 4  /  Caracter leido : 7
USB Port : 4  /  Caracter leido : 8
USB Port : 4  /  Caracter leido : Enter
Msg : enviando DNI...
jsonEnvio : {"id": "1", "dni": "12345678"}
USB Port : 4  /  Caracter leido : 6
USB Port : 4  /  Caracter leido : 5
USB Port : 4  /  Caracter leido : 8
USB Port : 4  /  Caracter leido : 9
USB Port : 4  /  Caracter leido : 5
USB Port : 4  /  Caracter leido : Enter
Msg : Error en el DNI
USB Port : 4  /  Caracter leido : 1
USB Port : 4  /  Caracter leido : 2
USB Port : 4  /  Caracter leido : 3
USB Port : 4  /  Caracter leido : 4
USB Port : 4  /  Caracter leido : 5
USB Port : 4  /  Caracter leido : 6
USB Port : 4  /  Caracter leido : 7
USB Port : 4  /  Caracter leido : 8
USB Port : 4  /  Caracter leido : Enter
Msg : enviando DNI...
jsonEnvio : {"id": "1", "dni": "12345678"}
USB Port : 4  /  Caracter leido : 9
USB Port : 4  /  Caracter leido : 8
USB Port : 4  /  Caracter leido : 7
USB Port : 4  /  Caracter leido : 6
USB Port : 4  /  Caracter leido : 5
USB Port : 4  /  Caracter leido : 4
USB Port : 4  /  Caracter leido : Enter
Msg : Error en el DNI
USB Port : 4  /  Caracter leido : 6
USB Port : 4  /  Caracter leido : 5
USB Port : 4  /  Caracter leido : 4
USB Port : 4  /  Caracter leido : 9
USB Port : 4  /  Caracter leido : 8
USB Port : 4  /  Caracter leido : 7
USB Port : 4  /  Caracter leido : 7
USB Port : 4  /  Caracter leido : 2
USB Port : 4  /  Caracter leido : 3
USB Port : 4  /  Caracter leido : Enter
Msg : enviando DNI...
jsonEnvio : {"id": "1", "dni": "654987723"}
USB Port : 4  /  Caracter leido : 8
USB Port : 4  /  Caracter leido : 8
USB Port : 4  /  Caracter leido : 8
USB Port : 4  /  Caracter leido : 8
USB Port : 4  /  Caracter leido : 8
USB Port : 4  /  Caracter leido : 8
USB Port : 4  /  Caracter leido : 8
USB Port : 4  /  Caracter leido : 8
USB Port : 4  /  Caracter leido : 8
USB Port : 4  /  Caracter leido : 8
USB Port : 4  /  Caracter leido : 8
USB Port : 4  /  Caracter leido : 8
USB Port : 4  /  Caracter leido : 8
USB Port : 4  /  Caracter leido : 8
USB Port : 4  /  Caracter leido : 8
USB Port : 4  /  Caracter leido : 8
USB Port : 4  /  Caracter leido : Enter
Msg : enviando DNI...
jsonEnvio : {"id": "1", "dni": "888888888"}
USB Port : 4  /  Caracter leido : Cancel
USB Port : 4  /  Caracter leido : Cancel
USB Port : 4  /  Caracter leido : Cancel
USB Port : 4  /  Caracter leido : 9
USB Port : 4  /  Caracter leido : 6
USB Port : 4  /  Caracter leido : 5
USB Port : 4  /  Caracter leido : 8
USB Port : 4  /  Caracter leido : 5
USB Port : 4  /  Caracter leido : 6
USB Port : 4  /  Caracter leido : 9
USB Port : 4  /  Caracter leido : 5
USB Port : 4  /  Caracter leido : 2
USB Port : 4  /  Caracter leido : 7
USB Port : 4  /  Caracter leido : 2
USB Port : 4  /  Caracter leido : 8
USB Port : 4  /  Caracter leido : Cancel
USB Port : 4  /  Caracter leido : 8
USB Port : 4  /  Caracter leido : 5
USB Port : 4  /  Caracter leido : 8
USB Port : 4  /  Caracter leido : 4
USB Port : 4  /  Caracter leido : 4
USB Port : 4  /  Caracter leido : 7
USB Port : 4  /  Caracter leido : Enter
Msg : enviando DNI...
jsonEnvio : {"id": "1", "dni": "965856958"}
USB Port : 4  /  Caracter leido : 2
USB Port : 4  /  Caracter leido : 2
USB Port : 4  /  Caracter leido : 3
USB Port : 4  /  Caracter leido : Enter
Msg : Error en el DNI
USB Port : 4  /  Caracter leido : 2
USB Port : 4  /  Caracter leido : 2
USB Port : 4  /  Caracter leido : 2
USB Port : 4  /  Caracter leido : Enter
Msg : error en el DNI
USB Port : 4  /  Caracter leido : 2
USB Port : 4  /  Caracter leido : 2
USB Port : 4  /  Caracter leido : Enter
Msg : error en el DNI
USB Port : 4  /  Caracter leido : 2
USB Port : 4  /  Caracter leido : 2
USB Port : 4  /  Caracter leido : 5
USB Port : 4  /  Caracter leido : 5
USB Port : 4  /  Caracter leido : 5
USB Port : 4  /  Caracter leido : 6
USB Port : 4  /  Caracter leido : 6
USB Port : 4  /  Caracter leido : 6
USB Port : 4  /  Caracter leido : 6
USB Port : 4  /  Caracter leido : Enter
Msg : enviando DNI...
jsonEnvio : {"id": "1", "dni": "25556666"}
USB Port : 4  /  Caracter leido : Enter
Msg : error en el DNI
USB Port : 4  /  Caracter leido : 3
USB Port : 4  /  Caracter leido : 3
USB Port : 4  /  Caracter leido : 3
USB Port : 4  /  Caracter leido : 2
USB Port : 4  /  Caracter leido : 2
USB Port : 4  /  Caracter leido : 2
USB Port : 4  /  Caracter leido : 2
USB Port : 4  /  Caracter leido : 2
USB Port : 4  /  Caracter leido : 2
USB Port : 4  /  Caracter leido : 2
USB Port : 4  /  Caracter leido : 2
USB Port : 4  /  Caracter leido : 2
USB Port : 4  /  Caracter leido : Cancel
USB Port : 4  /  Caracter leido : Cancel
USB Port : 4  /  Caracter leido : Cancel
USB Port : 4  /  Caracter leido : Err
USB Port : 4  /  Caracter leido : Cancel
USB Port : 4  /  Caracter leido : Cancel
USB Port : 4  /  Caracter leido : Cancel
USB Port : 4  /  Caracter leido : Cancel
USB Port : 4  /  Caracter leido : Err
USB Port : 4  /  Caracter leido : Cancel
USB Port : 4  /  Caracter leido : Cancel
USB Port : 4  /  Caracter leido : Cancel
USB Port : 4  /  Caracter leido : Cancel
USB Port : 4  /  Caracter leido : Cancel
USB Port : 4  /  Caracter leido : Err
USB Port : 4  /  Caracter leido : Cancel
USB Port : 4  /  Caracter leido : Cancel
USB Port : 4  /  Caracter leido : Enter
Msg : error en el DNI
USB Port : 4  /  Caracter leido : Err
USB Port : 4  /  Caracter leido : 6
USB Port : 4  /  Caracter leido : 6
USB Port : 4  /  Caracter leido : 6
USB Port : 4  /  Caracter leido : Cancel
USB Port : 4  /  Caracter leido : Cancel
USB Port : 4  /  Caracter leido : Cancel
USB Port : 4  /  Caracter leido : Cancel
USB Port : 4  /  Caracter leido : Cancel
USB Port : 4  /  Caracter leido : Cancel
USB Port : 4  /  Caracter leido : Cancel
USB Port : 4  /  Caracter leido : Cancel
USB Port : 4  /  Caracter leido : Cancel
USB Port : 4  /  Caracter leido : Cancel
USB Port : 4  /  Caracter leido : Enter
Msg : error en el DNI
USB Port : 4  /  Caracter leido : 3
USB Port : 4  /  Caracter leido : 3
USB Port : 4  /  Caracter leido : 3
USB Port : 4  /  Caracter leido : 3
USB Port : 4  /  Caracter leido : 3
USB Port : 4  /  Caracter leido : Enter
Msg : error en el DNI
USB Port : 4  /  Caracter leido : 3
USB Port : 4  /  Caracter leido : 3
USB Port : 4  /  Caracter leido : 3
USB Port : 4  /  Caracter leido : 3
USB Port : 4  /  Caracter leido : 3
USB Port : 4  /  Caracter leido : 3
USB Port : 4  /  Caracter leido : 3
USB Port : 4  /  Caracter leido : 3
USB Port : 4  /  Caracter leido : Enter
Msg : enviando DNI...
jsonEnvio : {"id": "1", "dni": "33333333"}
USB Port : 4  /  Caracter leido : 2
USB Port : 4  /  Caracter leido : 5
USB Port : 4  /  Caracter leido : 6
USB Port : 4  /  Caracter leido : 8
USB Port : 4  /  Caracter leido : 5
USB Port : 4  /  Caracter leido : 4
USB Port : 4  /  Caracter leido : 7
USB Port : 4  /  Caracter leido : 8
USB Port : 4  /  Caracter leido : 8
USB Port : 4  /  Caracter leido : 8
USB Port : 4  /  Caracter leido : Cancel
USB Port : 4  /  Caracter leido : Cancel
USB Port : 4  /  Caracter leido : Cancel
USB Port : 4  /  Caracter leido : Cancel
USB Port : 4  /  Caracter leido : Cancel
USB Port : 4  /  Caracter leido : Cancel
USB Port : 4  /  Caracter leido : Enter
Msg : error en el DNI
USB Port : 4  /  Caracter leido : 2
USB Port : 4  /  Caracter leido : 5
USB Port : 4  /  Caracter leido : 6
USB Port : 4  /  Caracter leido : 6
USB Port : 4  /  Caracter leido : 6
USB Port : 4  /  Caracter leido : 6
USB Port : 4  /  Caracter leido : 8
USB Port : 4  /  Caracter leido : 9
USB Port : 4  /  Caracter leido : Err
USB Port : 4  /  Caracter leido : Cancel
USB Port : 4  /  Caracter leido : Cancel
USB Port : 4  /  Caracter leido : Cancel
USB Port : 4  /  Caracter leido : Cancel
USB Port : 4  /  Caracter leido : Cancel
USB Port : 4  /  Caracter leido : Err
USB Port : 4  /  Caracter leido : Enter
Msg : error en el DNI256666Err
USB Port : 4  /  Caracter leido : 2
USB Port : 4  /  Caracter leido : 5
USB Port : 4  /  Caracter leido : 6
USB Port : 4  /  Caracter leido : 8
USB Port : 4  /  Caracter leido : 9
USB Port : 4  /  Caracter leido : Cancel
USB Port : 4  /  Caracter leido : Cancel
USB Port : 4  /  Caracter leido : Cancel
USB Port : 4  /  Caracter leido : Cancel
USB Port : 4  /  Caracter leido : 2
USB Port : 4  /  Caracter leido : 4
USB Port : 4  /  Caracter leido : 1
USB Port : 4  /  Caracter leido : 2
USB Port : 4  /  Caracter leido : 3
USB Port : 4  /  Caracter leido : Cancel
USB Port : 4  /  Caracter leido : Cancel
USB Port : 4  /  Caracter leido : 5
USB Port : 4  /  Caracter leido : 5
USB Port : 4  /  Caracter leido : 8
USB Port : 4  /  Caracter leido : Cancel
USB Port : 4  /  Caracter leido : 9
USB Port : 4  /  Caracter leido : Err
USB Port : 4  /  Caracter leido : 9
USB Port : 4  /  Caracter leido : Enter
Msg : enviando DNI...
jsonEnvio : {"id": "1", "dni": "22415599"}
Disp HID / vendor_ID: 1504 / product_ID: 4608 no encontrado!
Disp HID / vendor_ID: 3118 / product_ID: 3041 no encontrado!
Valor Wiegand Completo : 0000000100111111110100001110000110
Valor Wiegand Completo : 0000000100111111110100001110000110
Valor Wiegand Completo : 0000000100111111110100001110000110
Disp HID / vendor_ID: 1504 / product_ID: 4608 no encontrado!
Disp HID / vendor_ID: 3118 / product_ID: 3041 no encontrado!
Disp HID / vendor_ID: 1504 / product_ID: 4608 no encontrado!
Disp HID / vendor_ID: 3118 / product_ID: 3041 no encontrado!
Disp HID / vendor_ID: 1504 / product_ID: 4608 no encontrado!
Disp HID / vendor_ID: 3118 / product_ID: 3041 no encontrado!
Disp HID / vendor_ID: 1504 / product_ID: 4608 no encontrado!
Disp HID / vendor_ID: 3118 / product_ID: 3041 no encontrado!
Disp HID / vendor_ID: 1504 / product_ID: 4608 no encontrado!
Disp HID / vendor_ID: 3118 / product_ID: 3041 no encontrado!
Valor Wiegand Completo : 0000000100111111110100001110000110
Disp HID / vendor_ID: 1504 / product_ID: 4608 no encontrado!
Disp HID / vendor_ID: 3118 / product_ID: 3041 no encontrado!
Disp HID / vendor_ID: 1504 / product_ID: 4608 no encontrado!
Disp HID / vendor_ID: 3118 / product_ID: 3041 no encontrado!
Disp HID / vendor_ID: 1504 / product_ID: 4608 no encontrado!
Disp HID / vendor_ID: 3118 / product_ID: 3041 no encontrado!
Disp HID / vendor_ID: 1504 / product_ID: 4608 no encontrado!
Disp HID / vendor_ID: 3118 / product_ID: 3041 no encontrado!
Valor Wiegand Completo : 0000000100111111110100001110000110
Disp HID / vendor_ID: 1504 / product_ID: 4608 no encontrado!
Disp HID / vendor_ID: 3118 / product_ID: 3041 no encontrado!
Valor Wiegand Completo : 0000000100100101011101011101011001
Disp HID / vendor_ID: 1504 / product_ID: 4608 no encontrado!
Disp HID / vendor_ID: 3118 / product_ID: 3041 no encontrado!
Valor Wiegand Completo : 0000000100100101011101011101011001
Valor Wiegand Completo : 0000000100111111110100001110000110
Valor Wiegand Completo : 0000000100111111110100001110000110
Valor Wiegand Completo : 0000000100111111110100001110000110
Valor Wiegand Completo : 0000000100100101011101011101011001
Valor Wiegand Completo : 1000000100100101111001101101111100
Valor Wiegand Completo : 0000000100110010001010001101001111
Valor Wiegand Completo : 0000000100110010001010001101001111
Valor Wiegand Completo : 0000000100110010001010001101001111
Valor Wiegand Completo : 0000000100110010001010001101001111
Valor Wiegand Completo : 0000000100110010001010001101001111
Valor Wiegand Completo : 0000000100110010001010001101001111
Valor Wiegand Completo : 1000000100111111011111010011000111
Valor Wiegand Completo : 0000000100100101011101011101011001
Valor Wiegand Completo : 1000000100001011111011100111100110
Valor Wiegand Completo : 1000000100001011111011100111100110
Valor Wiegand Completo : 1000000100001011111011100111100110
Valor Wiegand Completo : 0000000100101100000000001011100111
Valor Wiegand Completo : 1000000100110000011111011011000110
Valor Wiegand Completo : 1000000100110000011111011011000110
Valor Wiegand Completo : 1000000100110000011111011011000110
Valor Wiegand Completo : 0000000100110000100001100000100101
Valor Wiegand Completo : 1000000100101011001000100100101110
Valor Wiegand Completo : 1000000100101011001000100100101110
Disp HID / vendor_ID: 1504 / product_ID: 4608 no encontrado!
Disp HID / vendor_ID: 3118 / product_ID: 3041 no encontrado!
Disp HID / vendor_ID: 1504 / product_ID: 4608 no encontrado!
Disp HID / vendor_ID: 3118 / product_ID: 3041 no encontrado!
Valor Wiegand Completo : 0000000100110000100001100000100101
Valor Wiegand Completo : 0000000100110000100001100000100101
Disp HID / vendor_ID: 1504 / product_ID: 4608 no encontrado!
Disp HID / vendor_ID: 3118 / product_ID: 3041 no encontrado!
Valor Wiegand Completo : 0000000100110000100001100000100101
Valor Wiegand Completo : 0000000100110000100001100000100101
Valor Wiegand Completo : 0000000100110000100001100000100101
Valor Wiegand Completo : 0000000100110000100001100000100101
Valor Wiegand Completo : 0000000100110000100001100000100101
Valor Wiegand Completo : 0000000100110000100001100000100101
Valor Wiegand Completo : 0000000100110000100001100000100101
Valor Wiegand Completo : 0000000100110000100001100000100101
Disp HID / vendor_ID: 1504 / product_ID: 4608 no encontrado!
Disp HID / vendor_ID: 3118 / product_ID: 3041 no encontrado!
Valor Wiegand Completo : 0000000100110000100001100000100101
Valor Wiegand Completo : 0000000100110000100001100000100101
Valor Wiegand Completo : 0000000100110000100001100000100101
Valor Wiegand Completo : 0000000100110000100001100000100101
Disp HID / vendor_ID: 1504 / product_ID: 4608 no encontrado!
Disp HID / vendor_ID: 3118 / product_ID: 3041 no encontrado!
Valor Wiegand Completo : 0000000100110000100001100000100101
Valor Wiegand Completo : 0000000100110000100001100000100101
Valor Wiegand Completo : 0000000100110000100001100000100101
Valor Wiegand Completo : 0000000100110000100001100000100101
Valor Wiegand Completo : 0000000100110000100001100000100101
Valor Wiegand Completo : 0000000100110000100001100000100101
Valor Wiegand Completo : 0000000100110000100001100000100101
Valor Wiegand Completo : 0000000100110000100001100000100101
Valor Wiegand Completo : 1000000100100101111001101101111100
Valor Wiegand Completo : 1000000100100101111001101101111100
Valor Wiegand Completo : 1000000100101111100010111101110001
Valor Wiegand Completo : 1000000100110000011111011011000110
Valor Wiegand Completo : 1000000100111111011111010011000111
Valor Wiegand Completo : 1000000100110101010100101000110001
Valor Wiegand Completo : 1000000100101011001000100100101110
Valor Wiegand Completo : 1000000100110100101001100100110001
Valor Wiegand Completo : 1000000100101100101110110000100001
Valor Wiegand Completo : 0000000100110011101001101010011011
Valor Wiegand Completo : 0000000100110011101001101010011011
Valor Wiegand Completo : 1000000100101100101110110000100001
Valor Wiegand Completo : 1000000100101100101110110000100001
Valor Wiegand Completo : 1000000100101100101110110000100001
Valor Wiegand Completo : 1000000011010100111000000011100000
Valor Wiegand Completo : 1000000011010100111000000011100000
Valor Wiegand Completo : 1000000011010100111000000011100000
Valor Wiegand Completo : 1000000011010100111000000011100000
Valor Wiegand Completo : 1000000011010100111000000011100000
Valor Wiegand Completo : 1000000011010100111000000011100000
Valor Wiegand Completo : 1000000011010100111000000011100000
Valor Wiegand Completo : 1000000011010100111000000011100000
Valor Wiegand Completo : 1000000011010100111000000011100000
Disp HID / vendor_ID: 1504 / product_ID: 4608 no encontrado!
Disp HID / vendor_ID: 3118 / product_ID: 3041 no encontrado!
Disp HID / vendor_ID: 1504 / product_ID: 4608 no encontrado!
Disp HID / vendor_ID: 3118 / product_ID: 3041 no encontrado!
Disp HID / vendor_ID: 1504 / product_ID: 4608 no encontrado!
Disp HID / vendor_ID: 3118 / product_ID: 3041 no encontrado!
Disp HID / vendor_ID: 1504 / product_ID: 4608 no encontrado!
Disp HID / vendor_ID: 3118 / product_ID: 3041 no encontrado!
Disp HID / vendor_ID: 1504 / product_ID: 4608 no encontrado!
Disp HID / vendor_ID: 3118 / product_ID: 3041 no encontrado!
Disp HID / vendor_ID: 1504 / product_ID: 4608 no encontrado!
Disp HID / vendor_ID: 3118 / product_ID: 3041 no encontrado!
Disp HID / vendor_ID: 1504 / product_ID: 4608 no encontrado!
Disp HID / vendor_ID: 3118 / product_ID: 3041 no encontrado!
Disp HID / vendor_ID: 1504 / product_ID: 4608 no encontrado!
Disp HID / vendor_ID: 3118 / product_ID: 3041 no encontrado!
Disp HID / vendor_ID: 1504 / product_ID: 4608 no encontrado!
Disp HID / vendor_ID: 3118 / product_ID: 3041 no encontrado!
Disp HID / vendor_ID: 1504 / product_ID: 4608 no encontrado!
Disp HID / vendor_ID: 3118 / product_ID: 3041 no encontrado!
Disp HID / vendor_ID: 1504 / product_ID: 4608 no encontrado!
Disp HID / vendor_ID: 3118 / product_ID: 3041 no encontrado!
Valor Wiegand Completo : 0000000100111111110100001110000110
Valor Wiegand Completo : 0000000100111111110100001110000110
Valor Wiegand Completo : 0000000100111111110100001110000110
Valor Wiegand Completo : 0000000100111111110100001110000110
Valor Wiegand Completo : 0000000100111111110100001110000110
Valor Wiegand Completo : 0000000100111111110100001110000110
Valor Wiegand Completo : 0000000100111111110100001110000110
Valor Wiegand Completo : 0000000100111111110100001110000110
Valor Wiegand Completo : 0000000100111111110100001110000110
Valor Wiegand Completo : 0000000100100101011101011101011001
Valor Wiegand Completo : 0000000100100101011101011101011001
Valor Wiegand Completo : 0000000100111111110100001110000110
Valor Wiegand Completo : 0000000100111111110100001110000110
Valor Wiegand Completo : 0000000100110110111111010010110000
Valor Wiegand Completo : 0000000100110110111111010010110000
Valor Wiegand Completo : 0000000100111111110011101111111000
Valor Wiegand Completo : 0000000100111111110011101111111000
Valor Wiegand Completo : 0000000100011110100010111011000010
Valor Wiegand Completo : 0000000100011110100010111011000010
Disp HID / vendor_ID: 1504 / product_ID: 4608 no encontrado!
Disp HID / vendor_ID: 3118 / product_ID: 3041 no encontrado!
Valor Wiegand Completo : 0000000100100101011101011101011001
Valor Wiegand Completo : 0000000100111011001110001111100100
Valor Wiegand Completo : 0000000100111011001110001111100100
Valor Wiegand Completo : 0000000100111011001110001111100100
Valor Wiegand Completo : 0000000100111011001110001111100100
Valor Wiegand Completo : 0000000100111011001110001111100100
Valor Wiegand Completo : 0000000100111011001110001111100100
Valor Wiegand Completo : 0000000100111011001110001111100100
Disp HID / vendor_ID: 1504 / product_ID: 4608 no encontrado!
Disp HID / vendor_ID: 3118 / product_ID: 3041 no encontrado!
Disp HID / vendor_ID: 1504 / product_ID: 4608 no encontrado!
Disp HID / vendor_ID: 3118 / product_ID: 3041 no encontrado!
Disp HID / vendor_ID: 1504 / product_ID: 4608 no encontrado!
Disp HID / vendor_ID: 3118 / product_ID: 3041 no encontrado!
Disp HID / vendor_ID: 1504 / product_ID: 4608 no encontrado!
Disp HID / vendor_ID: 3118 / product_ID: 3041 no encontrado!
Valor Wiegand Completo : 0000000100111011001110001111100100
Valor Wiegand Completo : 0000000100111011001110001111100100
Disp HID / vendor_ID: 1504 / product_ID: 4608 no encontrado!
Disp HID / vendor_ID: 3118 / product_ID: 3041 no encontrado!
Disp HID / vendor_ID: 1504 / product_ID: 4608 no encontrado!
Disp HID / vendor_ID: 3118 / product_ID: 3041 no encontrado!
Disp HID / vendor_ID: 1504 / product_ID: 4608 no encontrado!
Disp HID / vendor_ID: 3118 / product_ID: 3041 no encontrado!
Disp HID / vendor_ID: 1504 / product_ID: 4608 no encontrado!
Disp HID / vendor_ID: 3118 / product_ID: 3041 no encontrado!
Disp HID / vendor_ID: 1504 / product_ID: 4608 no encontrado!
Disp HID / vendor_ID: 3118 / product_ID: 3041 no encontrado!
Valor Wiegand Completo : 0000000100111011001110001111100100
Valor Wiegand Completo : 0000000100111011001110001111100100
Valor Wiegand Completo : 0000000100111011001110001111100100
Valor Wiegand Completo : 0000000100111011001110001111100100
Valor Wiegand Completo : 0000000100111011001110001111100100
Valor Wiegand Completo : 0000000100111011001110001111100100
Disp HID / vendor_ID: 1504 / product_ID: 4608 no encontrado!
Disp HID / vendor_ID: 3118 / product_ID: 3041 no encontrado!
Disp HID / vendor_ID: 1504 / product_ID: 4608 no encontrado!
Disp HID / vendor_ID: 3118 / product_ID: 3041 no encontrado!
Disp HID / vendor_ID: 1504 / product_ID: 4608 no encontrado!
Disp HID / vendor_ID: 3118 / product_ID: 3041 no encontrado!
Disp HID / vendor_ID: 1504 / product_ID: 4608 no encontrado!
Disp HID / vendor_ID: 3118 / product_ID: 3041 no encontrado!
Disp HID / vendor_ID: 1504 / product_ID: 4608 no encontrado!
Disp HID / vendor_ID: 3118 / product_ID: 3041 no encontrado!
Disp HID / vendor_ID: 1504 / product_ID: 4608 no encontrado!
Disp HID / vendor_ID: 3118 / product_ID: 3041 no encontrado!
Disp HID / vendor_ID: 1504 / product_ID: 4608 no encontrado!
Disp HID / vendor_ID: 3118 / product_ID: 3041 no encontrado!
Disp HID / vendor_ID: 1504 / product_ID: 4608 no encontrado!
Disp HID / vendor_ID: 3118 / product_ID: 3041 no encontrado!
Valor Wiegand Completo : 0000000100111011001110001111100100
Valor Wiegand Completo : 0000000100111011001110001111100100
Valor Wiegand Completo : 0000000100111011001110001111100100
Valor Wiegand Completo : 0000000100111110001010100111001110
Valor Wiegand Completo : 0000000100111110001010100111001110
Disp HID / vendor_ID: 1504 / product_ID: 4608 no encontrado!
Disp HID / vendor_ID: 3118 / product_ID: 3041 no encontrado!
Disp HID / vendor_ID: 1504 / product_ID: 4608 no encontrado!
Disp HID / vendor_ID: 3118 / product_ID: 3041 no encontrado!
Valor Wiegand Completo : 0000001011011100000000110000111110
Disp HID / vendor_ID: 1504 / product_ID: 4608 no encontrado!
Disp HID / vendor_ID: 3118 / product_ID: 3041 no encontrado!
Disp HID / vendor_ID: 1504 / product_ID: 4608 no encontrado!
Disp HID / vendor_ID: 3118 / product_ID: 3041 no encontrado!
Disp HID / vendor_ID: 1504 / product_ID: 4608 no encontrado!
Disp HID / vendor_ID: 3118 / product_ID: 3041 no encontrado!
Disp HID / vendor_ID: 1504 / product_ID: 4608 no encontrado!
Disp HID / vendor_ID: 3118 / product_ID: 3041 no encontrado!
Disp HID / vendor_ID: 1504 / product_ID: 4608 no encontrado!
Disp HID / vendor_ID: 3118 / product_ID: 3041 no encontrado!
Disp HID / vendor_ID: 1504 / product_ID: 4608 no encontrado!
Disp HID / vendor_ID: 3118 / product_ID: 3041 no encontrado!
Disp HID / vendor_ID: 1504 / product_ID: 4608 no encontrado!
Disp HID / vendor_ID: 3118 / product_ID: 3041 no encontrado!
Disp HID / vendor_ID: 1504 / product_ID: 4608 no encontrado!
Disp HID / vendor_ID: 3118 / product_ID: 3041 no encontrado!
Disp HID / vendor_ID: 1504 / product_ID: 4608 no encontrado!
Disp HID / vendor_ID: 3118 / product_ID: 3041 no encontrado!
Disp HID / vendor_ID: 1504 / product_ID: 4608 no encontrado!
Disp HID / vendor_ID: 3118 / product_ID: 3041 no encontrado!
Disp HID / vendor_ID: 1504 / product_ID: 4608 no encontrado!
Disp HID / vendor_ID: 3118 / product_ID: 3041 no encontrado!
Disp HID / vendor_ID: 1504 / product_ID: 4608 no encontrado!
Disp HID / vendor_ID: 3118 / product_ID: 3041 no encontrado!
Disp HID / vendor_ID: 1504 / product_ID: 4608 no encontrado!
Disp HID / vendor_ID: 3118 / product_ID: 3041 no encontrado!
Disp HID / vendor_ID: 1504 / product_ID: 4608 no encontrado!
Disp HID / vendor_ID: 3118 / product_ID: 3041 no encontrado!
Disp HID / vendor_ID: 1504 / product_ID: 4608 no encontrado!
Disp HID / vendor_ID: 3118 / product_ID: 3041 no encontrado!
Disp HID / vendor_ID: 1504 / product_ID: 4608 no encontrado!
Disp HID / vendor_ID: 3118 / product_ID: 3041 no encontrado!
Disp HID / vendor_ID: 1504 / product_ID: 4608 no encontrado!
Disp HID / vendor_ID: 3118 / product_ID: 3041 no encontrado!
Disp HID / vendor_ID: 1504 / product_ID: 4608 no encontrado!
Disp HID / vendor_ID: 3118 / product_ID: 3041 no encontrado!
Disp HID / vendor_ID: 1504 / product_ID: 4608 no encontrado!
Disp HID / vendor_ID: 3118 / product_ID: 3041 no encontrado!
Valor Wiegand Completo : 0000000100110011101001101010011011
Valor Wiegand Completo : 0000000100110011101001101010011011
Valor Wiegand Completo : 0000000100110011101001101010011011
Valor Wiegand Completo : 0000000100110011101001101010011011
Valor Wiegand Completo : 0000001011011100000000110000111110
Valor Wiegand Completo : 0000001011011100000000110000111110
Valor Wiegand Completo : 0000000100110011101001101010011011
Valor Wiegand Completo : 0000001011011100000000110000111110
Valor Wiegand Completo : 1000000100110111110100001100111110
Valor Wiegand Completo : 1000000100110111110100001100111110
Valor Wiegand Completo : 1000000100110111110100001100111110
Valor Wiegand Completo : 1000000100110111110100001100111110
Valor Wiegand Completo : 1000000100110111110100001100111110
Valor Wiegand Completo : 1000000100110111110100001100111110
Valor Wiegand Completo : 1000000100110111110100001100111110
Valor Wiegand Completo : 1000000100110111110100001100111110
Valor Wiegand Completo : 1000000100110111110100001100111110
Disp HID / vendor_ID: 1504 / product_ID: 4608 no encontrado!
Disp HID / vendor_ID: 3118 / product_ID: 3041 no encontrado!
Valor Wiegand Completo : 0000000100110011101001101010011011
Valor Wiegand Completo : 0000000100110011101001101010011011
Valor Wiegand Completo : 0000000100110011101001101010011011
Disp HID / vendor_ID: 1504 / product_ID: 4608 no encontrado!
Disp HID / vendor_ID: 3118 / product_ID: 3041 no encontrado!
Disp HID / vendor_ID: 1504 / product_ID: 4608 no encontrado!
Disp HID / vendor_ID: 3118 / product_ID: 3041 no encontrado!
Disp HID / vendor_ID: 1504 / product_ID: 4608 no encontrado!
Disp HID / vendor_ID: 3118 / product_ID: 3041 no encontrado!
Disp HID / vendor_ID: 1504 / product_ID: 4608 no encontrado!
Disp HID / vendor_ID: 3118 / product_ID: 3041 no encontrado!
Disp HID / vendor_ID: 1504 / product_ID: 4608 no encontrado!
Disp HID / vendor_ID: 3118 / product_ID: 3041 no encontrado!
Disp HID / vendor_ID: 1504 / product_ID: 4608 no encontrado!
Disp HID / vendor_ID: 3118 / product_ID: 3041 no encontrado!
Disp HID / vendor_ID: 1504 / product_ID: 4608 no encontrado!
Disp HID / vendor_ID: 3118 / product_ID: 3041 no encontrado!
Disp HID / vendor_ID: 1504 / product_ID: 4608 no encontrado!
Disp HID / vendor_ID: 3118 / product_ID: 3041 no encontrado!
Disp HID / vendor_ID: 1504 / product_ID: 4608 no encontrado!
Disp HID / vendor_ID: 3118 / product_ID: 3041 no encontrado!
Disp HID / vendor_ID: 1504 / product_ID: 4608 no encontrado!
Disp HID / vendor_ID: 3118 / product_ID: 3041 no encontrado!
Disp HID / vendor_ID: 1504 / product_ID: 4608 no encontrado!
Disp HID / vendor_ID: 3118 / product_ID: 3041 no encontrado!
Disp HID / vendor_ID: 1504 / product_ID: 4608 no encontrado!
Disp HID / vendor_ID: 3118 / product_ID: 3041 no encontrado!
Disp HID / vendor_ID: 1504 / product_ID: 4608 no encontrado!
Disp HID / vendor_ID: 3118 / product_ID: 3041 no encontrado!
Disp HID / vendor_ID: 1504 / product_ID: 4608 no encontrado!
Disp HID / vendor_ID: 3118 / product_ID: 3041 no encontrado!
Disp HID / vendor_ID: 1504 / product_ID: 4608 no encontrado!
Disp HID / vendor_ID: 3118 / product_ID: 3041 no encontrado!
Disp HID / vendor_ID: 1504 / product_ID: 4608 no encontrado!
Disp HID / vendor_ID: 3118 / product_ID: 3041 no encontrado!
Disp HID / vendor_ID: 1504 / product_ID: 4608 no encontrado!
Disp HID / vendor_ID: 3118 / product_ID: 3041 no encontrado!
Valor Wiegand Completo : 1000000100110111110100001100111110
Valor Wiegand Completo : 0000000100110011101001101010011011
Valor Wiegand Completo : 0000000100111111110100001110000110
Valor Wiegand Completo : 0000000100111111110100001110000110
Valor Wiegand Completo : 0000000100111111110100001110000110
Valor Wiegand Completo : 0000000100111111110100001110000110
Valor Wiegand Completo : 0000000100111111110100001110000110
Valor Wiegand Completo : 0000000100111111110100001110000110
Valor Wiegand Completo : 0000000100111111110100001110000110
Valor Wiegand Completo : 0000000100111111110100001110000110
Valor Wiegand Completo : 0000000100111111110100001110000110
Valor Wiegand Completo : 0000000100111111110100001110000110
Valor Wiegand Completo : 0000000100111111110100001110000110
Valor Wiegand Completo : 0000000100111111110100001110000110
Valor Wiegand Completo : 0000000100111111110100001110000110
Valor Wiegand Completo : 0000000100111111110100001110000110
Valor Wiegand Completo : 0000000100111111110100001110000110
Valor Wiegand Completo : 0000000100111111110100001110000110
Valor Wiegand Completo : 0000000100111111110100001110000110
Valor Wiegand Completo : 0000000100111111110100001110000110
Valor Wiegand Completo : 0000000100111111110100001110000110
Valor Wiegand Completo : 0000000100111111110100001110000110
Valor Wiegand Completo : 0000000100111111110100001110000110
Valor Wiegand Completo : 0000000100111111110100001110000110
Valor Wiegand Completo : 0000000100111111110100001110000110
Valor Wiegand Completo : 0000000100111111110100001110000110
Valor Wiegand Completo : 0000000100111111110100001110000110
Valor Wiegand Completo : 0000000100111111110100001110000110
Valor Wiegand Completo : 0000000100111111110100001110000110
Valor Wiegand Completo : 0000000100111111110100001110000110
Valor Wiegand Completo : 0000000100111111110100001110000110
Valor Wiegand Completo : 0000000100111111110100001110000110
Valor Wiegand Completo : 0000000100111111110100001110000110
Valor Wiegand Completo : 0000000100111111110100001110000110
Valor Wiegand Completo : 0000000100111111110100001110000110
Valor Wiegand Completo : 0000000100111111110100001110000110
Valor Wiegand Completo : 0000000100111111110100001110000110
Valor Wiegand Completo : 0000000100111111110100001110000110
Valor Wiegand Completo : 0000000100111111110100001110000110
Valor Wiegand Completo : 0000000100111111110100001110000110
Valor Wiegand Completo : 0000000100111111110100001110000110
Valor Wiegand Completo : 0000000100111111110100001110000110
Valor Wiegand Completo : 0000000100111111110100001110000110
Valor Wiegand Completo : 0000000100111111110100001110000110
Valor Wiegand Completo : 0000000100111111110100001110000110
Valor Wiegand Completo : 0000000100111111110100001110000110
Valor Wiegand Completo : 0000000100111111110100001110000110
Valor Wiegand Completo : 0000000100111111110100001110000110
Valor Wiegand Completo : 0000000100111111110100001110000110
Valor Wiegand Completo : 0000000100111111110100001110000110
Valor Wiegand Completo : 0000000100111111110100001110000110
Valor Wiegand Completo : 0000000100111111110100001110000110
Valor Wiegand Completo : 0000000100111111110100001110000110
Valor Wiegand Completo : 0000000100111111110100001110000110
Valor Wiegand Completo : 0000000100111111110100001110000110
Valor Wiegand Completo : 0000000100111111110100001110000110
Valor Wiegand Completo : 0000000100111111110100001110000110
Valor Wiegand Completo : 0000000100111111110100001110000110
Valor Wiegand Completo : 0000000100111111110100001110000110
Valor Wiegand Completo : 0000000100111111110100001110000110
Valor Wiegand Completo : 0000000100111111110100001110000110
Valor Wiegand Completo : 0000000100111111110100001110000110
Valor Wiegand Completo : 0000000100111111110100001110000110
Valor Wiegand Completo : 0000000100111111110100001110000110
Valor Wiegand Completo : 0000000100111111110100001110000110
Valor Wiegand Completo : 0000000100111111110100001110000110
Valor Wiegand Completo : 0000000100111111110100001110000110
Valor Wiegand Completo : 0000000100111111110100001110000110
Valor Wiegand Completo : 0000000100111111110100001110000110
Valor Wiegand Completo : 0000000100111111110100001110000110
Valor Wiegand Completo : 0000000100111111110100001110000110
Valor Wiegand Completo : 0000000100111111110100001110000110
Valor Wiegand Completo : 0000000100111111110100001110000110
Valor Wiegand Completo : 0000000100111111110100001110000110
Valor Wiegand Completo : 0000000100111111110100001110000110
Valor Wiegand Completo : 0000000100111111110100001110000110
Valor Wiegand Completo : 0000000100111111110100001110000110
Valor Wiegand Completo : 0000000100111111110100001110000110
Valor Wiegand Completo : 0000000100111111110100001110000110
Valor Wiegand Completo : 0000000100111111110100001110000110
Valor Wiegand Completo : 0000000100111111110100001110000110
Valor Wiegand Completo : 0000000100111111110100001110000110
Disp HID / vendor_ID: 1504 / product_ID: 4608 no encontrado!
Disp HID / vendor_ID: 3118 / product_ID: 3041 no encontrado!
Valor Wiegand Completo : 0000000100111111110100001110000110
Valor Wiegand Completo : 0000000100111111110100001110000110
Valor Wiegand Completo : 0000000100111111110100001110000110
Valor Wiegand Completo : 0000000100111111110100001110000110
Valor Wiegand Completo : 0000000100111111110100001110000110
Valor Wiegand Completo : 0000000100111111110100001110000110
Valor Wiegand Completo : 0000000100111111110100001110000110
Valor Wiegand Completo : 0000000100111111110100001110000110
Valor Wiegand Completo : 0000000100111111110100001110000110
Valor Wiegand Completo : 0000000100111111110100001110000110
Disp HID / vendor_ID: 1504 / product_ID: 4608 no encontrado!
Disp HID / vendor_ID: 3118 / product_ID: 3041 no encontrado!
Disp HID / vendor_ID: 1504 / product_ID: 4608 no encontrado!
Disp HID / vendor_ID: 3118 / product_ID: 3041 no encontrado!
Disp HID / vendor_ID: 1504 / product_ID: 4608 no encontrado!
Disp HID / vendor_ID: 3118 / product_ID: 3041 no encontrado!
Disp HID / vendor_ID: 1504 / product_ID: 4608 no encontrado!
Disp HID / vendor_ID: 3118 / product_ID: 3041 no encontrado!
Valor Wiegand Completo : 0000000100111111110100001110000110
Valor Wiegand Completo : 0000000100111111110100001110000110
Valor Wiegand Completo : 0000000100111111110100001110000110
Valor Wiegand Completo : 0000000100111111110100001110000110
Valor Wiegand Completo : 0000000100111111110100001110000110
Valor Wiegand Completo : 0000000100111111110100001110000110
Valor Wiegand Completo : 0000000100111111110100001110000110
Valor Wiegand Completo : 0000000100111111110100001110000110
Valor Wiegand Completo : 0000000100111111110100001110000110
Valor Wiegand Completo : 0000000100111111110100001110000110
Valor Wiegand Completo : 0000000100111111110100001110000110
Valor Wiegand Completo : 0000000100111111110100001110000110
Valor Wiegand Completo : 0000000100111111110100001110000110
Valor Wiegand Completo : 0000000100111111110100001110000110
Valor Wiegand Completo : 0000000100111111110100001110000110
Valor Wiegand Completo : 0000000100111111110100001110000110
Valor Wiegand Completo : 0000000100111111110100001110000110
Valor Wiegand Completo : 0000000100111111110100001110000110
Valor Wiegand Completo : 0000000100111111110100001110000110
Valor Wiegand Completo : 0000000100111111110100001110000110
Valor Wiegand Completo : 0000000100111111110100001110000110
Valor Wiegand Completo : 0000000100111111110100001110000110
Valor Wiegand Completo : 0000000100111111110100001110000110
Valor Wiegand Completo : 0000000100111111110100001110000110
Valor Wiegand Completo : 0000000100111111110100001110000110
Valor Wiegand Completo : 0000000100111111110100001110000110
Valor Wiegand Completo : 0000000100111111110100001110000110
Valor Wiegand Completo : 0000000100111111110100001110000110
Valor Wiegand Completo : 0000000100111111110100001110000110
Valor Wiegand Completo : 0000000100111111110100001110000110
Valor Wiegand Completo : 0000000100111111110100001110000110
Valor Wiegand Completo : 0000000100111111110100001110000110
Valor Wiegand Completo : 0000000100111111110100001110000110
Valor Wiegand Completo : 0000000100111111110100001110000110
Valor Wiegand Completo : 0000000100111111110100001110000110
Valor Wiegand Completo : 0000000100111111110100001110000110
Valor Wiegand Completo : 0000000100111111110100001110000110
Valor Wiegand Completo : 0000000100111111110100001110000110
Valor Wiegand Completo : 0000000100111111110100001110000110
Valor Wiegand Completo : 0000000100111111110100001110000110
Valor Wiegand Completo : 0000000100111111110100001110000110
Valor Wiegand Completo : 0000000100111111110100001110000110
Valor Wiegand Completo : 0000000100111111110100001110000110
Valor Wiegand Completo : 0000000100111111110100001110000110
Valor Wiegand Completo : 0000000100111111110100001110000110
Valor Wiegand Completo : 0000000100111111110100001110000110
Valor Wiegand Completo : 0000000100111111110100001110000110
Valor Wiegand Completo : 0000000100111111110100001110000110
Valor Wiegand Completo : 0000000100111111110100001110000110
Valor Wiegand Completo : 0000000100111111110100001110000110
Valor Wiegand Completo : 0000000100111111110100001110000110
Valor Wiegand Completo : 0000000100111111110100001110000110
Valor Wiegand Completo : 0000000100111111110100001110000110
Valor Wiegand Completo : 0000000100111111110100001110000110
Valor Wiegand Completo : 0000000100111111110100001110000110
Valor Wiegand Completo : 0000000100111111110100001110000110
Valor Wiegand Completo : 0000000100111111110100001110000110
Valor Wiegand Completo : 0000000100111111110100001110000110
Valor Wiegand Completo : 0000000100111111110100001110000110
Valor Wiegand Completo : 0000000100111111110100001110000110
Valor Wiegand Completo : 0000000100111111110100001110000110
Valor Wiegand Completo : 0000000100111111110100001110000110
Valor Wiegand Completo : 0000000100111111110100001110000110
Valor Wiegand Completo : 0000000100111111110100001110000110
Valor Wiegand Completo : 0000000100111111110100001110000110
Valor Wiegand Completo : 0000000100111111110100001110000110
Valor Wiegand Completo : 0000000100111111110100001110000110
Valor Wiegand Completo : 0000000100111111110100001110000110
Valor Wiegand Completo : 0000000100111111110100001110000110
Valor Wiegand Completo : 0000000100111111110100001110000110
Valor Wiegand Completo : 0000000100111111110100001110000110
Valor Wiegand Completo : 0000000100111111110100001110000110
Valor Wiegand Completo : 0000000100111111110100001110000110
Valor Wiegand Completo : 0000000100111111110100001110000110
Valor Wiegand Completo : 0000000100111111110100001110000110
Valor Wiegand Completo : 0000000100111111110100001110000110
Valor Wiegand Completo : 0000000100111111110100001110000110
Valor Wiegand Completo : 0000000100111111110100001110000110
Valor Wiegand Completo : 0000000100111111110100001110000110
Valor Wiegand Completo : 0000000100111111110100001110000110
Valor Wiegand Completo : 0000000100111111110100001110000110
Valor Wiegand Completo : 0000000100111111110100001110000110
Valor Wiegand Completo : 0000000100111111110100001110000110
Valor Wiegand Completo : 0000000100111111110100001110000110
Valor Wiegand Completo : 0000000100111111110100001110000110
Valor Wiegand Completo : 0000000100111111110100001110000110
Valor Wiegand Completo : 0000000100111111110100001110000110
Valor Wiegand Completo : 0000000100111111110100001110000110
Valor Wiegand Completo : 0000000100111111110100001110000110
Valor Wiegand Completo : 0000000100111111110100001110000110
Valor Wiegand Completo : 0000000100111111110100001110000110
Valor Wiegand Completo : 0000000100111111110100001110000110
Valor Wiegand Completo : 0000000100111111110100001110000110
Valor Wiegand Completo : 0000000100111111110100001110000110
Valor Wiegand Completo : 0000000100111111110100001110000110
Valor Wiegand Completo : 0000000100111111110100001110000110
Valor Wiegand Completo : 0000000100111111110100001110000110
Valor Wiegand Completo : 0000000100111111110100001110000110
Valor Wiegand Completo : 0000000100111111110100001110000110
Valor Wiegand Completo : 0000000100111111110100001110000110
Valor Wiegand Completo : 0000000100111111110100001110000110
Valor Wiegand Completo : 0000000100111111110100001110000110
Valor Wiegand Completo : 0000000100111111110100001110000110
Valor Wiegand Completo : 0000000100111111110100001110000110
Valor Wiegand Completo : 0000000100111111110100001110000110
Valor Wiegand Completo : 0000000100111111110100001110000110
Valor Wiegand Completo : 0000000100111111110100001110000110
Valor Wiegand Completo : 0000000100111111110100001110000110
Valor Wiegand Completo : 0000000100111111110100001110000110
Valor Wiegand Completo : 0000000100111111110100001110000110
Valor Wiegand Completo : 0000000100111111110100001110000110
Valor Wiegand Completo : 0000000100111111110100001110000110
Valor Wiegand Completo : 0000000100111111110100001110000110
Valor Wiegand Completo : 0000000100111111110100001110000110
Valor Wiegand Completo : 0000000100111111110100001110000110
Disp HID / vendor_ID: 1504 / product_ID: 4608 no encontrado!
Disp HID / vendor_ID: 3118 / product_ID: 3041 no encontrado!
Disp HID / vendor_ID: 1504 / product_ID: 4608 no encontrado!
Disp HID / vendor_ID: 3118 / product_ID: 3041 no encontrado!
Disp HID / vendor_ID: 1504 / product_ID: 4608 no encontrado!
Disp HID / vendor_ID: 3118 / product_ID: 3041 no encontrado!
Disp HID / vendor_ID: 1504 / product_ID: 4608 no encontrado!
Disp HID / vendor_ID: 3118 / product_ID: 3041 no encontrado!
Disp HID / vendor_ID: 1504 / product_ID: 4608 no encontrado!
Disp HID / vendor_ID: 3118 / product_ID: 3041 no encontrado!
Disp HID / vendor_ID: 1504 / product_ID: 4608 no encontrado!
Disp HID / vendor_ID: 3118 / product_ID: 3041 no encontrado!
Disp HID / vendor_ID: 1504 / product_ID: 4608 no encontrado!
Disp HID / vendor_ID: 3118 / product_ID: 3041 no encontrado!
Disp HID / vendor_ID: 1504 / product_ID: 4608 no encontrado!
Disp HID / vendor_ID: 3118 / product_ID: 3041 no encontrado!
Disp HID / vendor_ID: 1504 / product_ID: 4608 no encontrado!
Disp HID / vendor_ID: 3118 / product_ID: 3041 no encontrado!
Disp HID / vendor_ID: 1504 / product_ID: 4608 no encontrado!
Disp HID / vendor_ID: 3118 / product_ID: 3041 no encontrado!
Disp HID / vendor_ID: 1504 / product_ID: 4608 no encontrado!
Disp HID / vendor_ID: 3118 / product_ID: 3041 no encontrado!
Disp HID / vendor_ID: 1504 / product_ID: 4608 no encontrado!
Disp HID / vendor_ID: 3118 / product_ID: 3041 no encontrado!
Disp HID / vendor_ID: 1504 / product_ID: 4608 no encontrado!
Disp HID / vendor_ID: 3118 / product_ID: 3041 no encontrado!
Disp HID / vendor_ID: 1504 / product_ID: 4608 no encontrado!
Disp HID / vendor_ID: 3118 / product_ID: 3041 no encontrado!
Disp HID / vendor_ID: 1504 / product_ID: 4608 no encontrado!
Disp HID / vendor_ID: 3118 / product_ID: 3041 no encontrado!
Disp HID / vendor_ID: 1504 / product_ID: 4608 no encontrado!
Disp HID / vendor_ID: 3118 / product_ID: 3041 no encontrado!
Disp HID / vendor_ID: 1504 / product_ID: 4608 no encontrado!
Disp HID / vendor_ID: 3118 / product_ID: 3041 no encontrado!
Disp HID / vendor_ID: 1504 / product_ID: 4608 no encontrado!
Disp HID / vendor_ID: 3118 / product_ID: 3041 no encontrado!
Disp HID / vendor_ID: 1504 / product_ID: 4608 no encontrado!
Disp HID / vendor_ID: 3118 / product_ID: 3041 no encontrado!
Disp HID / vendor_ID: 1504 / product_ID: 4608 no encontrado!
Disp HID / vendor_ID: 3118 / product_ID: 3041 no encontrado!
Disp HID / vendor_ID: 1504 / product_ID: 4608 no encontrado!
Disp HID / vendor_ID: 3118 / product_ID: 3041 no encontrado!
Disp HID / vendor_ID: 1504 / product_ID: 4608 no encontrado!
Disp HID / vendor_ID: 3118 / product_ID: 3041 no encontrado!
Disp HID / vendor_ID: 1504 / product_ID: 4608 no encontrado!
Disp HID / vendor_ID: 3118 / product_ID: 3041 no encontrado!
Disp HID / vendor_ID: 1504 / product_ID: 4608 no encontrado!
Disp HID / vendor_ID: 3118 / product_ID: 3041 no encontrado!
Disp HID / vendor_ID: 1504 / product_ID: 4608 no encontrado!
Disp HID / vendor_ID: 3118 / product_ID: 3041 no encontrado!
Disp. HID: 1 / vendor_ID: 46798 / product_ID: 1
Disp. HID: 1 / vendor_ID: 46798 / product_ID: 1
Disp. HID: 1 / vendor_ID: 46798 / product_ID: 1
Disp. HID: 1 / vendor_ID: 46798 / product_ID: 1
USB Port : 2  /  Caracter leido : 2
Disp. HID: 1 / vendor_ID: 46798 / product_ID: 1
USB Port : 2  /  Caracter leido : 2
USB Port : 2  /  Caracter leido : 4
USB Port : 2  /  Caracter leido : 5
USB Port : 2  /  Caracter leido : 2
USB Port : 2  /  Caracter leido : 2
USB Port : 2  /  Caracter leido : 1
USB Port : 2  /  Caracter leido : 1
USB Port : 2  /  Caracter leido : 3
USB Port : 2  /  Caracter leido : 4
USB Port : 2  /  Caracter leido : Enter
Msg : enviando DNI...
jsonEnvio : {"id": "1", "dni": "245221134"}
USB Port : 2  /  Caracter leido : 8
USB Port : 2  /  Caracter leido : 7
USB Port : 2  /  Caracter leido : 5
USB Port : 2  /  Caracter leido : 4
USB Port : 2  /  Caracter leido : Err
USB Port : 2  /  Caracter leido : 6
USB Port : 2  /  Caracter leido : 6
USB Port : 2  /  Caracter leido : 7
USB Port : 2  /  Caracter leido : 5
USB Port : 2  /  Caracter leido : Enter
Msg : enviando DNI...
jsonEnvio : {"id": "1", "dni": "87546675"}
USB Port : 2  /  Caracter leido : 4
USB Port : 2  /  Caracter leido : 5
USB Port : 2  /  Caracter leido : Enter
Msg : error en el DNI - 45
USB Port : 2  /  Caracter leido : 2
USB Port : 2  /  Caracter leido : 5
USB Port : 2  /  Caracter leido : 6
USB Port : 2  /  Caracter leido : 4
USB Port : 2  /  Caracter leido : Err
USB Port : 2  /  Caracter leido : 8
USB Port : 2  /  Caracter leido : 0
USB Port : 2  /  Caracter leido : 0
USB Port : 2  /  Caracter leido : 0
USB Port : 2  /  Caracter leido : 0
USB Port : 2  /  Caracter leido : 0
USB Port : 2  /  Caracter leido : 0
USB Port : 2  /  Caracter leido : 0
USB Port : 2  /  Caracter leido : Enter
Msg : enviando DNI...
jsonEnvio : {"id": "1", "dni": "256480000"}
USB Port : 2  /  Caracter leido : Enter
Msg : error en el DNI - 
USB Port : 2  /  Caracter leido : 5
USB Port : 2  /  Caracter leido : 8
USB Port : 2  /  Caracter leido : 8
USB Port : 2  /  Caracter leido : 8
USB Port : 2  /  Caracter leido : 8
USB Port : 2  /  Caracter leido : 7
USB Port : 2  /  Caracter leido : 7
USB Port : 2  /  Caracter leido : 0
USB Port : 2  /  Caracter leido : Enter
Msg : enviando DNI...
jsonEnvio : {"id": "1", "dni": "58888770"}
USB Port : 2  /  Caracter leido : 5
USB Port : 2  /  Caracter leido : 4
USB Port : 2  /  Caracter leido : 5
USB Port : 2  /  Caracter leido : 5
USB Port : 2  /  Caracter leido : 5
USB Port : 2  /  Caracter leido : 4
USB Port : 2  /  Caracter leido : 4
USB Port : 2  /  Caracter leido : 8
USB Port : 2  /  Caracter leido : 7
USB Port : 2  /  Caracter leido : Enter
Msg : enviando DNI...
jsonEnvio : {"id": "1", "dni": "545554487"}
Disp. HID: 1 / vendor_ID: 46798 / product_ID: 1
USB Port : 2  /  Caracter leido : 5
USB Port : 2  /  Caracter leido : 4
USB Port : 2  /  Caracter leido : 5
USB Port : 2  /  Caracter leido : 7
USB Port : 2  /  Caracter leido : 8
USB Port : 2  /  Caracter leido : 8
USB Port : 2  /  Caracter leido : 4
USB Port : 2  /  Caracter leido : 5
USB Port : 2  /  Caracter leido : 5
USB Port : 2  /  Caracter leido : Enter
Msg : enviando DNI...
jsonEnvio : {"id": "1", "dni": "545788455"}
Disp. HID: 1 / vendor_ID: 46798 / product_ID: 1
USB Port : 2  /  Caracter leido : 2
USB Port : 2  /  Caracter leido : 2
USB Port : 2  /  Caracter leido : 2
USB Port : 2  /  Caracter leido : 2
USB Port : 2  /  Caracter leido : 2
USB Port : 2  /  Caracter leido : 4
USB Port : 2  /  Caracter leido : 4
USB Port : 2  /  Caracter leido : 5
USB Port : 2  /  Caracter leido : 4
USB Port : 2  /  Caracter leido : 5
USB Port : 2  /  Caracter leido : Enter
Msg : enviando DNI...
Disp. HID: 1 / vendor_ID: 46798 / product_ID: 1
Disp. HID: 1 / vendor_ID: 46798 / product_ID: 1
Disp. HID: 1 / vendor_ID: 46798 / product_ID: 1
Disp. HID: 1 / vendor_ID: 46798 / product_ID: 1
Disp. HID: 1 / vendor_ID: 46798 / product_ID: 1
USB Port : 2  /  Caracter leido : 2
USB Port : 2  /  Caracter leido : 2
USB Port : 2  /  Caracter leido : 5
USB Port : 2  /  Caracter leido : 4
USB Port : 2  /  Caracter leido : 2
USB Port : 2  /  Caracter leido : 5
USB Port : 2  /  Caracter leido : 5
USB Port : 2  /  Caracter leido : 7
USB Port : 2  /  Caracter leido : Enter
Msg : enviando DNI...
jsonEnvio : {"id": "1", "dni": "22542557"}
Disp. HID: 1 / vendor_ID: 46798 / product_ID: 1
Disp. HID: 1 / vendor_ID: 46798 / product_ID: 1
Disp. HID: 1 / vendor_ID: 46798 / product_ID: 1
USB Port : 2  /  Caracter leido : 2
USB Port : 2  /  Caracter leido : 5
USB Port : 2  /  Caracter leido : 5
USB Port : 2  /  Caracter leido : 5
USB Port : 2  /  Caracter leido : 7
USB Port : 2  /  Caracter leido : 8
USB Port : 2  /  Caracter leido : 4
USB Port : 2  /  Caracter leido : 8
USB Port : 2  /  Caracter leido : Enter
Msg : enviando DNI...
jsonEnvio : {"id": "1", "dni": "25557848"}
Disp. HID: 1 / vendor_ID: 46798 / product_ID: 1
Disp. HID: 1 / vendor_ID: 46798 / product_ID: 1
Disp. HID: 1 / vendor_ID: 46798 / product_ID: 1
Disp. HID: 1 / vendor_ID: 46798 / product_ID: 1
Disp. HID: 1 / vendor_ID: 46798 / product_ID: 1
Disp. HID: 1 / vendor_ID: 46798 / product_ID: 1
Disp. HID: 1 / vendor_ID: 46798 / product_ID: 1
USB Port : 2  /  Caracter leido : 5
Disp. HID: 1 / vendor_ID: 46798 / product_ID: 1
USB Port : 2  /  Caracter leido : Enter
Msg : error en el DNI - 
USB Port : 2  /  Caracter leido : 5
USB Port : 2  /  Caracter leido : 4
USB Port : 2  /  Caracter leido : 2
USB Port : 2  /  Caracter leido : 1
USB Port : 2  /  Caracter leido : 5
USB Port : 2  /  Caracter leido : 4
USB Port : 2  /  Caracter leido : 4
USB Port : 2  /  Caracter leido : 4
USB Port : 2  /  Caracter leido : 8
USB Port : 2  /  Caracter leido : 7
USB Port : 2  /  Caracter leido : 7
USB Port : 2  /  Caracter leido : Enter
Msg : enviando DNI...
jsonEnvio : {"id": "1", "dni": "542154448"}
USB Port : 2  /  Caracter leido : 2
USB Port : 2  /  Caracter leido : 2
USB Port : 2  /  Caracter leido : 2
USB Port : 2  /  Caracter leido : 2
USB Port : 2  /  Caracter leido : 2
USB Port : 2  /  Caracter leido : 2
USB Port : 2  /  Caracter leido : 4
USB Port : 2  /  Caracter leido : 5
USB Port : 2  /  Caracter leido : 5
USB Port : 2  /  Caracter leido : 7
USB Port : 2  /  Caracter leido : 7
USB Port : 2  /  Caracter leido : 8
USB Port : 2  /  Caracter leido : 8
USB Port : 2  /  Caracter leido : Enter
Msg : enviando DNI...
jsonEnvio : {"id": "1", "dni": "222222455"}
USB Port : 2  /  Caracter leido : 5
Disp. HID: 1 / vendor_ID: 46798 / product_ID: 1
Disp. HID: 1 / vendor_ID: 46798 / product_ID: 1
USB Port : 2  /  Caracter leido : 2
USB Port : 2  /  Caracter leido : 2
USB Port : 2  /  Caracter leido : 2
USB Port : 2  /  Caracter leido : 2
USB Port : 2  /  Caracter leido : Enter
Msg : error en el DNI - 2222
USB Port : 2  /  Caracter leido : 6
USB Port : 2  /  Caracter leido : 5
USB Port : 2  /  Caracter leido : 9
USB Port : 2  /  Caracter leido : 8
USB Port : 2  /  Caracter leido : 7
USB Port : 2  /  Caracter leido : 7
USB Port : 2  /  Caracter leido : Cancel
USB Port : 2  /  Caracter leido : Cancel
USB Port : 2  /  Caracter leido : 8
USB Port : 2  /  Caracter leido : 8
USB Port : 2  /  Caracter leido : 8
USB Port : 2  /  Caracter leido : Cancel
USB Port : 2  /  Caracter leido : Cancel
USB Port : 2  /  Caracter leido : 5
USB Port : 2  /  Caracter leido : 5
USB Port : 2  /  Caracter leido : 5
USB Port : 2  /  Caracter leido : 5
USB Port : 2  /  Caracter leido : 5
USB Port : 2  /  Caracter leido : 5
USB Port : 2  /  Caracter leido : Cancel
USB Port : 2  /  Caracter leido : Cancel
USB Port : 2  /  Caracter leido : Err
USB Port : 2  /  Caracter leido : Cancel
USB Port : 2  /  Caracter leido : Cancel
USB Port : 2  /  Caracter leido : Cancel
USB Port : 2  /  Caracter leido : 4
USB Port : 2  /  Caracter leido : 4
USB Port : 2  /  Caracter leido : 4
USB Port : 2  /  Caracter leido : 4
USB Port : 2  /  Caracter leido : 4
USB Port : 2  /  Caracter leido : 4
USB Port : 2  /  Caracter leido : Enter
Msg : enviando DNI...
jsonEnvio : {"id": "1", "dni": "659844444"}
Disp. HID: 1 / vendor_ID: 46798 / product_ID: 1
Disp. HID: 1 / vendor_ID: 46798 / product_ID: 1
USB Port : 2  /  Caracter leido : 2
Disp. HID: 1 / vendor_ID: 46798 / product_ID: 1
USB Port : 2  /  Caracter leido : 2
USB Port : 2  /  Caracter leido : 5
USB Port : 2  /  Caracter leido : 5
USB Port : 2  /  Caracter leido : 4
USB Port : 2  /  Caracter leido : 4
USB Port : 2  /  Caracter leido : 6
USB Port : 2  /  Caracter leido : 5
USB Port : 2  /  Caracter leido : 8
USB Port : 2  /  Caracter leido : Enter
Msg : enviando DNI...
jsonEnvio : {"id": "1", "dni": "25544658"}
Disp. HID: 1 / vendor_ID: 46798 / product_ID: 1
Disp. HID: 1 / vendor_ID: 46798 / product_ID: 1
Disp. HID: 1 / vendor_ID: 46798 / product_ID: 1
Disp. HID: 1 / vendor_ID: 46798 / product_ID: 1
Disp. HID: 1 / vendor_ID: 46798 / product_ID: 1
Disp. HID: 1 / vendor_ID: 46798 / product_ID: 1
Disp. HID: 1 / vendor_ID: 46798 / product_ID: 1
Disp. HID: 1 / vendor_ID: 46798 / product_ID: 1
Disp. HID: 1 / vendor_ID: 46798 / product_ID: 1
Disp. HID: 1 / vendor_ID: 46798 / product_ID: 1
Disp. HID: 1 / vendor_ID: 46798 / product_ID: 1
USB Port : 2  /  Caracter leido : 5
USB Port : 2  /  Caracter leido : 8
USB Port : 2  /  Caracter leido : 5
USB Port : 2  /  Caracter leido : 8
USB Port : 2  /  Caracter leido : 5
USB Port : 2  /  Caracter leido : 5
USB Port : 2  /  Caracter leido : 5
USB Port : 2  /  Caracter leido : 5
USB Port : 2  /  Caracter leido : Enter
Msg : enviando DNI...
jsonEnvio : {"id": "1", "dni": "58585555"}
USB Port : 2  /  Caracter leido : 8
Disp. HID: 1 / vendor_ID: 46798 / product_ID: 1
Disp. HID: 1 / vendor_ID: 46798 / product_ID: 1
Disp. HID: 1 / vendor_ID: 46798 / product_ID: 1
USB Port : 2  /  Caracter leido : 5
USB Port : 2  /  Caracter leido : 8
USB Port : 2  /  Caracter leido : 8
USB Port : 2  /  Caracter leido : 8
USB Port : 2  /  Caracter leido : 8
USB Port : 2  /  Caracter leido : 8
USB Port : 2  /  Caracter leido : 8
USB Port : 2  /  Caracter leido : 8
USB Port : 2  /  Caracter leido : Enter
Msg : enviando DNI...
jsonEnvio : {"id": "1", "dni": "58888888"}
USB Port : 2  /  Caracter leido : 5
USB Port : 2  /  Caracter leido : 8
USB Port : 2  /  Caracter leido : 6
USB Port : 2  /  Caracter leido : 5
USB Port : 2  /  Caracter leido : 9
USB Port : 2  /  Caracter leido : 1
USB Port : 2  /  Caracter leido : 2
USB Port : 2  /  Caracter leido : 4
USB Port : 2  /  Caracter leido : Enter
Msg : enviando DNI...
jsonEnvio : {"id": "1", "dni": "58659124"}
USB Port : 2  /  Caracter leido : 5
USB Port : 2  /  Caracter leido : 6
USB Port : 2  /  Caracter leido : 8
USB Port : 2  /  Caracter leido : 9
USB Port : 2  /  Caracter leido : 6
USB Port : 2  /  Caracter leido : 5
USB Port : 2  /  Caracter leido : 8
USB Port : 2  /  Caracter leido : 7
USB Port : 2  /  Caracter leido : 7
USB Port : 2  /  Caracter leido : Enter
Msg : enviando DNI...
jsonEnvio : {"id": "1", "dni": "568965877"}
USB Port : 2  /  Caracter leido : 5
USB Port : 2  /  Caracter leido : 6
USB Port : 2  /  Caracter leido : 5
USB Port : 2  /  Caracter leido : 6
USB Port : 2  /  Caracter leido : 5
USB Port : 2  /  Caracter leido : 8
USB Port : 2  /  Caracter leido : 8
USB Port : 2  /  Caracter leido : Enter
Msg : enviando DNI...
jsonEnvio : {"id": "1", "dni": "5656588"}
USB Port : 2  /  Caracter leido : 5
USB Port : 2  /  Caracter leido : 6
USB Port : 2  /  Caracter leido : 4
USB Port : 2  /  Caracter leido : 5
USB Port : 2  /  Caracter leido : 7
USB Port : 2  /  Caracter leido : 7
USB Port : 2  /  Caracter leido : 8
USB Port : 2  /  Caracter leido : 7
USB Port : 2  /  Caracter leido : 7
USB Port : 2  /  Caracter leido : Enter
Msg : enviando DNI...
jsonEnvio : {"id": "1", "dni": "564577877"}
Disp. HID: 1 / vendor_ID: 46798 / product_ID: 1
USB Port : 2  /  Caracter leido : 5
USB Port : 2  /  Caracter leido : Err
USB Port : 2  /  Caracter leido : 6
USB Port : 2  /  Caracter leido : 4
USB Port : 2  /  Caracter leido : 5
USB Port : 2  /  Caracter leido : 8
USB Port : 2  /  Caracter leido : 7
USB Port : 2  /  Caracter leido : 8
USB Port : 2  /  Caracter leido : 8
USB Port : 2  /  Caracter leido : Enter
Msg : enviando DNI...
jsonEnvio : {"id": "1", "dni": "56458788"}
Disp. HID: 1 / vendor_ID: 46798 / product_ID: 1
USB Port : 2  /  Caracter leido : 5
USB Port : 2  /  Caracter leido : 6
USB Port : 2  /  Caracter leido : 5
USB Port : 2  /  Caracter leido : 8
USB Port : 2  /  Caracter leido : 8
USB Port : 2  /  Caracter leido : 9
USB Port : 2  /  Caracter leido : 8
USB Port : 2  /  Caracter leido : 8
USB Port : 2  /  Caracter leido : Enter
Msg : enviando DNI...
jsonEnvio : {"id": "1", "dni": "56588988"}
Disp. HID: 1 / vendor_ID: 46798 / product_ID: 1
USB Port : 2  /  Caracter leido : 5
USB Port : 2  /  Caracter leido : 6
USB Port : 2  /  Caracter leido : 5
USB Port : 2  /  Caracter leido : 6
USB Port : 2  /  Caracter leido : 5
USB Port : 2  /  Caracter leido : 6
USB Port : 2  /  Caracter leido : 5
USB Port : 2  /  Caracter leido : 6
USB Port : 2  /  Caracter leido : Enter
Msg : enviando DNI...
jsonEnvio : {"id": "1", "dni": "56565656"}
USB Port : 2  /  Caracter leido : 5
USB Port : 2  /  Caracter leido : 5
USB Port : 2  /  Caracter leido : 5
USB Port : 2  /  Caracter leido : 5
USB Port : 2  /  Caracter leido : 8
USB Port : 2  /  Caracter leido : 5
USB Port : 2  /  Caracter leido : 4
USB Port : 2  /  Caracter leido : 5
USB Port : 2  /  Caracter leido : 5
USB Port : 2  /  Caracter leido : Enter
Msg : enviando DNI...
jsonEnvio : {"id": "1", "dni": "555585455"}
Disp HID / vendor_ID: 46798 / product_ID: 1 no encontrado!
Disp HID / vendor_ID: 46798 / product_ID: 1 no encontrado!
Disp HID / vendor_ID: 46798 / product_ID: 1 no encontrado!
Disp HID / vendor_ID: 46798 / product_ID: 1 no encontrado!
Disp HID / vendor_ID: 46798 / product_ID: 1 no encontrado!
Disp HID / vendor_ID: 46798 / product_ID: 1 no encontrado!
Disp HID / vendor_ID: 46798 / product_ID: 1 no encontrado!
Disp HID / vendor_ID: 46798 / product_ID: 1 no encontrado!
Disp HID / vendor_ID: 46798 / product_ID: 1 no encontrado!
                                                           Disp HID / vendor_ID: 46798 / product_ID: 1 no encontrado!
Disp HID / vendor_ID: 46798 / product_ID: 1 no encontrado!
Disp HID / vendor_ID: 46798 / product_ID: 1 no encontrado!
Disp HID / vendor_ID: 46798 / product_ID: 1 no encontrado!
Disp HID / vendor_ID: 46798 / product_ID: 1 no encontrado!
Disp HID / vendor_ID: 46798 / product_ID: 1 no encontrado!
Disp HID / vendor_ID: 46798 / product_ID: 1 no encontrado!
Disp HID / vendor_ID: 46798 / product_ID: 1 no encontrado!
Disp HID / vendor_ID: 46798 / product_ID: 1 no encontrado!
Disp HID / vendor_ID: 46798 / product_ID: 1 no encontrado!
Disp HID / vendor_ID: 46798 / product_ID: 1 no encontrado!
Disp HID / vendor_ID: 46798 / product_ID: 1 no encontrado!
Disp HID / vendor_ID: 46798 / product_ID: 1 no encontrado!
Disp HID / vendor_ID: 46798 / product_ID: 1 no encontrado!
Disp HID / vendor_ID: 46798 / product_ID: 1 no encontrado!
Disp HID / vendor_ID: 46798 / product_ID: 1 no encontrado!
Disp HID / vendor_ID: 46798 / product_ID: 1 no encontrado!
Disp HID / vendor_ID: 46798 / product_ID: 1 no encontrado!
Disp HID / vendor_ID: 46798 / product_ID: 1 no encontrado!
Disp HID / vendor_ID: 46798 / product_ID: 1 no encontrado!
Disp HID / vendor_ID: 46798 / product_ID: 1 no encontrado!
Disp HID / vendor_ID: 46798 / product_ID: 1 no encontrado!
Disp HID / vendor_ID: 46798 / product_ID: 1 no encontrado!
Disp HID / vendor_ID: 46798 / product_ID: 1 no encontrado!
Disp HID / vendor_ID: 46798 / product_ID: 1 no encontrado!
Disp HID / vendor_ID: 46798 / product_ID: 1 no encontrado!
Disp HID / vendor_ID: 46798 / product_ID: 1 no encontrado!
Disp HID / vendor_ID: 46798 / product_ID: 1 no encontrado!
Disp HID / vendor_ID: 46798 / product_ID: 1 no encontrado!
Disp HID / vendor_ID: 46798 / product_ID: 1 no encontrado!
                                                           Disp HID / vendor_ID: 46798 / product_ID: 1 no encontrado!
Disp HID / vendor_ID: 46798 / product_ID: 1 no encontrado!
Disp HID / vendor_ID: 46798 / product_ID: 1 no encontrado!
Disp HID / vendor_ID: 46798 / product_ID: 1 no encontrado!
Disp HID / vendor_ID: 46798 / product_ID: 1 no encontrado!
Disp HID / vendor_ID: 46798 / product_ID: 1 no encontrado!
Disp HID / vendor_ID: 46798 / product_ID: 1 no encontrado!
Disp HID / vendor_ID: 46798 / product_ID: 1 no encontrado!
Disp HID / vendor_ID: 46798 / product_ID: 1 no encontrado!
Disp HID / vendor_ID: 46798 / product_ID: 1 no encontrado!
Disp HID / vendor_ID: 46798 / product_ID: 1 no encontrado!
Disp HID / vendor_ID: 46798 / product_ID: 1 no encontrado!
Disp HID / vendor_ID: 46798 / product_ID: 1 no encontrado!
Disp HID / vendor_ID: 46798 / product_ID: 1 no encontrado!
Disp HID / vendor_ID: 46798 / product_ID: 1 no encontrado!
Disp HID / vendor_ID: 46798 / product_ID: 1 no encontrado!
Disp HID / vendor_ID: 46798 / product_ID: 1 no encontrado!
Disp HID / vendor_ID: 46798 / product_ID: 1 no encontrado!
Disp HID / vendor_ID: 46798 / product_ID: 1 no encontrado!
Disp HID / vendor_ID: 46798 / product_ID: 1 no encontrado!
Disp HID / vendor_ID: 46798 / product_ID: 1 no encontrado!
Disp HID / vendor_ID: 46798 / product_ID: 1 no encontrado!
Disp HID / vendor_ID: 46798 / product_ID: 1 no encontrado!
Disp HID / vendor_ID: 46798 / product_ID: 1 no encontrado!
Disp HID / vendor_ID: 46798 / product_ID: 1 no encontrado!
Disp HID / vendor_ID: 46798 / product_ID: 1 no encontrado!
Disp HID / vendor_ID: 46798 / product_ID: 1 no encontrado!
Disp HID / vendor_ID: 46798 / product_ID: 1 no encontrado!
Disp HID / vendor_ID: 46798 / product_ID: 1 no encontrado!
Disp HID / vendor_ID: 46798 / product_ID: 1 no encontrado!
Disp HID / vendor_ID: 46798 / product_ID: 1 no encontrado!
Disp HID / vendor_ID: 46798 / product_ID: 1 no encontrado!
Disp HID / vendor_ID: 46798 / product_ID: 1 no encontrado!
Disp HID / vendor_ID: 46798 / product_ID: 1 no encontrado!
Disp HID / vendor_ID: 46798 / product_ID: 1 no encontrado!
Disp HID / vendor_ID: 46798 / product_ID: 1 no encontrado!
Disp HID / vendor_ID: 46798 / product_ID: 1 no encontrado!
Disp HID / vendor_ID: 46798 / product_ID: 1 no encontrado!
Disp HID / vendor_ID: 46798 / product_ID: 1 no encontrado!
Disp HID / vendor_ID: 46798 / product_ID: 1 no encontrado!
Disp HID / vendor_ID: 46798 / product_ID: 1 no encontrado!
Disp HID / vendor_ID: 46798 / product_ID: 1 no encontrado!
Disp HID / vendor_ID: 46798 / product_ID: 1 no encontrado!
Disp HID / vendor_ID: 46798 / product_ID: 1 no encontrado!
Disp HID / vendor_ID: 46798 / product_ID: 1 no encontrado!
Disp HID / vendor_ID: 46798 / product_ID: 1 no encontrado!
Disp HID / vendor_ID: 46798 / product_ID: 1 no encontrado!
Disp HID / vendor_ID: 46798 / product_ID: 1 no encontrado!
Disp HID / vendor_ID: 46798 / product_ID: 1 no encontrado!
Disp HID / vendor_ID: 46798 / product_ID: 1 no encontrado!
Disp HID / vendor_ID: 46798 / product_ID: 1 no encontrado!
Disp HID / vendor_ID: 46798 / product_ID: 1 no encontrado!
Disp HID / vendor_ID: 46798 / product_ID: 1 no encontrado!
Disp HID / vendor_ID: 46798 / product_ID: 1 no encontrado!
Disp HID / vendor_ID: 46798 / product_ID: 1 no encontrado!
Disp HID / vendor_ID: 46798 / product_ID: 1 no encontrado!
Disp HID / vendor_ID: 46798 / product_ID: 1 no encontrado!
Disp HID / vendor_ID: 46798 / product_ID: 1 no encontrado!
Disp HID / vendor_ID: 46798 / product_ID: 1 no encontrado!
Disp HID / vendor_ID: 46798 / product_ID: 1 no encontrado!
Disp HID / vendor_ID: 46798 / product_ID: 1 no encontrado!
Disp HID / vendor_ID: 46798 / product_ID: 1 no encontrado!
Disp HID / vendor_ID: 46798 / product_ID: 1 no encontrado!
Disp HID / vendor_ID: 46798 / product_ID: 1 no encontrado!
Disp HID / vendor_ID: 46798 / product_ID: 1 no encontrado!
Disp HID / vendor_ID: 46798 / product_ID: 1 no encontrado!
Disp HID / vendor_ID: 46798 / product_ID: 1 no encontrado!
Disp HID / vendor_ID: 46798 / product_ID: 1 no encontrado!
Disp HID / vendor_ID: 46798 / product_ID: 1 no encontrado!
Disp HID / vendor_ID: 46798 / product_ID: 1 no encontrado!
Disp HID / vendor_ID: 46798 / product_ID: 1 no encontrado!
Disp HID / vendor_ID: 46798 / product_ID: 1 no encontrado!
Disp HID / vendor_ID: 46798 / product_ID: 1 no encontrado!
Disp HID / vendor_ID: 46798 / product_ID: 1 no encontrado!
Disp HID / vendor_ID: 46798 / product_ID: 1 no encontrado!
Disp HID / vendor_ID: 46798 / product_ID: 1 no encontrado!
Disp HID / vendor_ID: 46798 / product_ID: 1 no encontrado!
Disp HID / vendor_ID: 46798 / product_ID: 1 no encontrado!
Disp HID / vendor_ID: 46798 / product_ID: 1 no encontrado!
Disp HID / vendor_ID: 46798 / product_ID: 1 no encontrado!
Disp HID / vendor_ID: 46798 / product_ID: 1 no encontrado!
Disp HID / vendor_ID: 46798 / product_ID: 1 no encontrado!
Disp HID / vendor_ID: 46798 / product_ID: 1 no encontrado!
Disp HID / vendor_ID: 46798 / product_ID: 1 no encontrado!
Disp HID / vendor_ID: 46798 / product_ID: 1 no encontrado!
Disp HID / vendor_ID: 46798 / product_ID: 1 no encontrado!
Disp HID / vendor_ID: 46798 / product_ID: 1 no encontrado!
Disp HID / vendor_ID: 46798 / product_ID: 1 no encontrado!
Disp HID / vendor_ID: 46798 / product_ID: 1 no encontrado!
Disp HID / vendor_ID: 46798 / product_ID: 1 no encontrado!
Disp HID / vendor_ID: 46798 / product_ID: 1 no encontrado!
Disp HID / vendor_ID: 46798 / product_ID: 1 no encontrado!
Disp HID / vendor_ID: 46798 / product_ID: 1 no encontrado!
Disp HID / vendor_ID: 46798 / product_ID: 1 no encontrado!
Disp HID / vendor_ID: 46798 / product_ID: 1 no encontrado!
Disp HID / vendor_ID: 46798 / product_ID: 1 no encontrado!
Disp HID / vendor_ID: 46798 / product_ID: 1 no encontrado!
Disp HID / vendor_ID: 46798 / product_ID: 1 no encontrado!
Disp HID / vendor_ID: 46798 / product_ID: 1 no encontrado!
Disp HID / vendor_ID: 46798 / product_ID: 1 no encontrado!
Disp HID / vendor_ID: 46798 / product_ID: 1 no encontrado!
Disp HID / vendor_ID: 46798 / product_ID: 1 no encontrado!
Disp HID / vendor_ID: 46798 / product_ID: 1 no encontrado!
Disp HID / vendor_ID: 46798 / product_ID: 1 no encontrado!
Disp HID / vendor_ID: 46798 / product_ID: 1 no encontrado!
Disp HID / vendor_ID: 46798 / product_ID: 1 no encontrado!
Disp HID / vendor_ID: 46798 / product_ID: 1 no encontrado!
Disp HID / vendor_ID: 46798 / product_ID: 1 no encontrado!
Disp HID / vendor_ID: 46798 / product_ID: 1 no encontrado!
Disp HID / vendor_ID: 46798 / product_ID: 1 no encontrado!
Disp HID / vendor_ID: 46798 / product_ID: 1 no encontrado!
Disp HID / vendor_ID: 46798 / product_ID: 1 no encontrado!
Disp HID / vendor_ID: 46798 / product_ID: 1 no encontrado!
Disp HID / vendor_ID: 46798 / product_ID: 1 no encontrado!
Disp HID / vendor_ID: 46798 / product_ID: 1 no encontrado!
Disp HID / vendor_ID: 46798 / product_ID: 1 no encontrado!
Disp HID / vendor_ID: 46798 / product_ID: 1 no encontrado!
Disp HID / vendor_ID: 46798 / product_ID: 1 no encontrado!
Disp HID / vendor_ID: 46798 / product_ID: 1 no encontrado!
Disp HID / vendor_ID: 46798 / product_ID: 1 no encontrado!
Disp HID / vendor_ID: 46798 / product_ID: 1 no encontrado!
Disp HID / vendor_ID: 46798 / product_ID: 1 no encontrado!
Disp HID / vendor_ID: 46798 / product_ID: 1 no encontrado!
Disp HID / vendor_ID: 46798 / product_ID: 1 no encontrado!
Disp HID / vendor_ID: 46798 / product_ID: 1 no encontrado!
Disp HID / vendor_ID: 46798 / product_ID: 1 no encontrado!
Disp HID / vendor_ID: 46798 / product_ID: 1 no encontrado!
Disp HID / vendor_ID: 46798 / product_ID: 1 no encontrado!
Disp HID / vendor_ID: 46798 / product_ID: 1 no encontrado!
Disp HID / vendor_ID: 46798 / product_ID: 1 no encontrado!
Disp HID / vendor_ID: 46798 / product_ID: 1 no encontrado!
Disp HID / vendor_ID: 46798 / product_ID: 1 no encontrado!
Disp HID / vendor_ID: 46798 / product_ID: 1 no encontrado!
Disp HID / vendor_ID: 46798 / product_ID: 1 no encontrado!
Disp HID / vendor_ID: 46798 / product_ID: 1 no encontrado!
Disp HID / vendor_ID: 46798 / product_ID: 1 no encontrado!
Disp HID / vendor_ID: 46798 / product_ID: 1 no encontrado!
Disp HID / vendor_ID: 46798 / product_ID: 1 no encontrado!
Disp HID / vendor_ID: 46798 / product_ID: 1 no encontrado!
Disp HID / vendor_ID: 46798 / product_ID: 1 no encontrado!
Disp HID / vendor_ID: 46798 / product_ID: 1 no encontrado!
Disp HID / vendor_ID: 46798 / product_ID: 1 no encontrado!
Disp HID / vendor_ID: 46798 / product_ID: 1 no encontrado!
Disp HID / vendor_ID: 46798 / product_ID: 1 no encontrado!
Disp HID / vendor_ID: 46798 / product_ID: 1 no encontrado!
Disp HID / vendor_ID: 46798 / product_ID: 1 no encontrado!
Disp HID / vendor_ID: 46798 / product_ID: 1 no encontrado!
Disp HID / vendor_ID: 46798 / product_ID: 1 no encontrado!
Disp HID / vendor_ID: 46798 / product_ID: 1 no encontrado!
Disp HID / vendor_ID: 46798 / product_ID: 1 no encontrado!
Disp HID / vendor_ID: 46798 / product_ID: 1 no encontrado!
Disp HID / vendor_ID: 46798 / product_ID: 1 no encontrado!
Disp HID / vendor_ID: 46798 / product_ID: 1 no encontrado!
Disp HID / vendor_ID: 46798 / product_ID: 1 no encontrado!
Disp HID / vendor_ID: 46798 / product_ID: 1 no encontrado!
Disp HID / vendor_ID: 46798 / product_ID: 1 no encontrado!
Disp HID / vendor_ID: 46798 / product_ID: 1 no encontrado!
                                                           Disp HID / vendor_ID: 46798 / product_ID: 1 no encontrado!
Disp HID / vendor_ID: 46798 / product_ID: 1 no encontrado!
Disp HID / vendor_ID: 46798 / product_ID: 1 no encontrado!
Disp HID / vendor_ID: 46798 / product_ID: 1 no encontrado!
Disp HID / vendor_ID: 46798 / product_ID: 1 no encontrado!
Disp HID / vendor_ID: 46798 / product_ID: 1 no encontrado!
Disp HID / vendor_ID: 46798 / product_ID: 1 no encontrado!
Disp HID / vendor_ID: 46798 / product_ID: 1 no encontrado!
                                                           