***********************************************************************************
Fecha / Hora : 2021/07/14 17:54:10
TCP Start
***********************************************************************************
Fecha / Hora : 2021/07/14 17:54:10
Conectando a 192.168.1.100 / puerto 5005
Conectado
Error : {"id" : "", "dni" : "" }
***********************************************************************************
Fecha / Hora : 2021/07/14 17:54:40
Conectando a 192.168.1.100 / puerto 5005
***********************************************************************************
Fecha / Hora : 2021/07/14 17:55:31
***********************************************************************************
Fecha / Hora : 2021/07/14 17:55:31
Conectando a 192.168.1.100 / puerto 5005
TCP Start
Conectado
Valor DNI : {"id" : "", "dni" : "" }
Conectado
Error : {"id" : "", "dni" : "" }
***********************************************************************************
Fecha / Hora : 2021/07/14 18:13:10
Esperando ingreso DNI....
TCP Start
Esperando ingreso DNI....
Esperando ingreso DNI....
Esperando ingreso DNI....
Esperando ingreso DNI....
Esperando ingreso DNI....
Esperando ingreso DNI....
Esperando ingreso DNI....
Esperando ingreso DNI....
Esperando ingreso DNI....
Esperando ingreso DNI....
Esperando ingreso DNI....
Esperando ingreso DNI....
Esperando ingreso DNI....
Esperando ingreso DNI....
Esperando ingreso DNI....
Esperando ingreso DNI....
Esperando ingreso DNI....
Esperando ingreso DNI....
Esperando ingreso DNI....
Esperando ingreso DNI....
Esperando ingreso DNI....
Esperando ingreso DNI....
Esperando ingreso DNI....
Esperando ingreso DNI....
Esperando ingreso DNI....
Esperando ingreso DNI....
Esperando ingreso DNI....
Esperando ingreso DNI....
Esperando ingreso DNI....
DNI Recibido : {"id": "1", "dni": "58585555"}
***********************************************************************************
Fecha / Hora : 2021/07/14 18:13:25
Conectando a 192.168.1.100 / puerto 5005
Conectado
Envio OK
DNI Recibido : {"id": "1", "dni": "58585555"}
***********************************************************************************
Fecha / Hora : 2021/07/14 18:13:25
Conectando a 192.168.1.100 / puerto 5005
Reintentando la conexion : 0
Esperando ingreso DNI....
***********************************************************************************
Fecha / Hora : 2021/07/14 18:17:56
TCP Start
Esperando ingreso DNI....
Esperando ingreso DNI....
Esperando ingreso DNI....
Esperando ingreso DNI....
Esperando ingreso DNI....
Esperando ingreso DNI....
Esperando ingreso DNI....
Esperando ingreso DNI....
Esperando ingreso DNI....
Esperando ingreso DNI....
Esperando ingreso DNI....
Esperando ingreso DNI....
Esperando ingreso DNI....
Esperando ingreso DNI....
Esperando ingreso DNI....
Esperando ingreso DNI....
Esperando ingreso DNI....
Esperando ingreso DNI....
Esperando ingreso DNI....
Esperando ingreso DNI....
DNI Recibido : {"id": "1", "dni": "58888888"}
***********************************************************************************
Fecha / Hora : 2021/07/14 18:18:07
Conectando a 192.168.1.100 / puerto 5005
Conectado
Envio OK
Esperando ingreso DNI....
Esperando ingreso DNI....
Esperando ingreso DNI....
Esperando ingreso DNI....
Esperando ingreso DNI....
Esperando ingreso DNI....
Esperando ingreso DNI....
Esperando ingreso DNI....
Esperando ingreso DNI....
Esperando ingreso DNI....
Esperando ingreso DNI....
Esperando ingreso DNI....
Esperando ingreso DNI....
Esperando ingreso DNI....
Esperando ingreso DNI....
Esperando ingreso DNI....
Esperando ingreso DNI....
Esperando ingreso DNI....
Esperando ingreso DNI....
Esperando ingreso DNI....
Esperando ingreso DNI....
Esperando ingreso DNI....
Esperando ingreso DNI....
Esperando ingreso DNI....
Esperando ingreso DNI....
Esperando ingreso DNI....
Esperando ingreso DNI....
Esperando ingreso DNI....
Esperando ingreso DNI....
Esperando ingreso DNI....
DNI Recibido : {"id": "1", "dni": "58659124"}
***********************************************************************************
Fecha / Hora : 2021/07/14 18:18:22
Conectando a 192.168.1.100 / puerto 5005
Conectado
Envio OK
Esperando ingreso DNI....
Esperando ingreso DNI....
Esperando ingreso DNI....
Esperando ingreso DNI....
Esperando ingreso DNI....
Esperando ingreso DNI....
Esperando ingreso DNI....
Esperando ingreso DNI....
Esperando ingreso DNI....
Esperando ingreso DNI....
Esperando ingreso DNI....
Esperando ingreso DNI....
Esperando ingreso DNI....
Esperando ingreso DNI....
Esperando ingreso DNI....
Esperando ingreso DNI....
Esperando ingreso DNI....
Esperando ingreso DNI....
Esperando ingreso DNI....
Esperando ingreso DNI....
Esperando ingreso DNI....
Esperando ingreso DNI....
Esperando ingreso DNI....
Esperando ingreso DNI....
Esperando ingreso DNI....
Esperando ingreso DNI....
Esperando ingreso DNI....
Esperando ingreso DNI....
Esperando ingreso DNI....
Esperando ingreso DNI....
Esperando ingreso DNI....
Esperando ingreso DNI....
Esperando ingreso DNI....
Esperando ingreso DNI....
Esperando ingreso DNI....
Esperando ingreso DNI....
Esperando ingreso DNI....
Esperando ingreso DNI....
DNI Recibido : {"id": "1", "dni": "568965877"}
***********************************************************************************
Fecha / Hora : 2021/07/14 18:18:41
Conectando a 192.168.1.100 / puerto 5005
Conectado
Envio OK
Esperando ingreso DNI....
Esperando ingreso DNI....
Esperando ingreso DNI....
Esperando ingreso DNI....
Esperando ingreso DNI....
Esperando ingreso DNI....
Esperando ingreso DNI....
Esperando ingreso DNI....
Esperando ingreso DNI....
Esperando ingreso DNI....
Esperando ingreso DNI....
Esperando ingreso DNI....
Esperando ingreso DNI....
Esperando ingreso DNI....
Esperando ingreso DNI....
Esperando ingreso DNI....
Esperando ingreso DNI....
Esperando ingreso DNI....
Esperando ingreso DNI....
Esperando ingreso DNI....
Esperando ingreso DNI....
Esperando ingreso DNI....
Esperando ingreso DNI....
Esperando ingreso DNI....
Esperando ingreso DNI....
Esperando ingreso DNI....
Esperando ingreso DNI....
Esperando ingreso DNI....
Esperando ingreso DNI....
Esperando ingreso DNI....
Esperando ingreso DNI....
Esperando ingreso DNI....
Esperando ingreso DNI....
Esperando ingreso DNI....
Esperando ingreso DNI....
Esperando ingreso DNI....
Esperando ingreso DNI....
Esperando ingreso DNI....
Esperando ingreso DNI....
Esperando ingreso DNI....
Esperando ingreso DNI....
Esperando ingreso DNI....
Esperando ingreso DNI....
Esperando ingreso DNI....
Esperando ingreso DNI....
Esperando ingreso DNI....
Esperando ingreso DNI....
Esperando ingreso DNI....
Esperando ingreso DNI....
Esperando ingreso DNI....
Esperando ingreso DNI....
Esperando ingreso DNI....
Esperando ingreso DNI....
Esperando ingreso DNI....
Esperando ingreso DNI....
Esperando ingreso DNI....
Esperando ingreso DNI....
Esperando ingreso DNI....
Esperando ingreso DNI....
Esperando ingreso DNI....
Esperando ingreso DNI....
Esperando ingreso DNI....
Esperando ingreso DNI....
Esperando ingreso DNI....
Esperando ingreso DNI....
Esperando ingreso DNI....
Esperando ingreso DNI....
Esperando ingreso DNI....
Esperando ingreso DNI....
Esperando ingreso DNI....
Esperando ingreso DNI....
Esperando ingreso DNI....
Esperando ingreso DNI....
Esperando ingreso DNI....
Esperando ingreso DNI....
Esperando ingreso DNI....
Esperando ingreso DNI....
Esperando ingreso DNI....
Esperando ingreso DNI....
Esperando ingreso DNI....
Esperando ingreso DNI....
Esperando ingreso DNI....
Esperando ingreso DNI....
Esperando ingreso DNI....
Esperando ingreso DNI....
Esperando ingreso DNI....
Esperando ingreso DNI....
Esperando ingreso DNI....
Esperando ingreso DNI....
Esperando ingreso DNI....
Esperando ingreso DNI....
Esperando ingreso DNI....
Esperando ingreso DNI....
Esperando ingreso DNI....
Esperando ingreso DNI....
Esperando ingreso DNI....
Esperando ingreso DNI....
Esperando ingreso DNI....
Esperando ingreso DNI....
Esperando ingreso DNI....
Esperando ingreso DNI....
Esperando ingreso DNI....
Esperando ingreso DNI....
Esperando ingreso DNI....
Esperando ingreso DNI....
Esperando ingreso DNI....
Esperando ingreso DNI....
Esperando ingreso DNI....
Esperando ingreso DNI....
Esperando ingreso DNI....
Esperando ingreso DNI....
Esperando ingreso DNI....
Esperando ingreso DNI....
Esperando ingreso DNI....
Esperando ingreso DNI....
Esperando ingreso DNI....
Esperando ingreso DNI....
Esperando ingreso DNI....
Esperando ingreso DNI....
Esperando ingreso DNI....
Esperando ingreso DNI....
Esperando ingreso DNI....
Esperando ingreso DNI....
Esperando ingreso DNI....
Esperando ingreso DNI....
Esperando ingreso DNI....
Esperando ingreso DNI....
Esperando ingreso DNI....
Esperando ingreso DNI....
Esperando ingreso DNI....
Esperando ingreso DNI....
Esperando ingreso DNI....
Esperando ingreso DNI....
Esperando ingreso DNI....
Esperando ingreso DNI....
Esperando ingreso DNI....
Esperando ingreso DNI....
Esperando ingreso DNI....
Esperando ingreso DNI....
Esperando ingreso DNI....
Esperando ingreso DNI....
Esperando ingreso DNI....
Esperando ingreso DNI....
Esperando ingreso DNI....
Esperando ingreso DNI....
Esperando ingreso DNI....
Esperando ingreso DNI....
Esperando ingreso DNI....
Esperando ingreso DNI....
Esperando ingreso DNI....
Esperando ingreso DNI....
Esperando ingreso DNI....
Esperando ingreso DNI....
Esperando ingreso DNI....
Esperando ingreso DNI....
Esperando ingreso DNI....
Esperando ingreso DNI....
Esperando ingreso DNI....
Esperando ingreso DNI....
Esperando ingreso DNI....
Esperando ingreso DNI....
Esperando ingreso DNI....
Esperando ingreso DNI....
Esperando ingreso DNI....
Esperando ingreso DNI....
Esperando ingreso DNI....
Esperando ingreso DNI....
Esperando ingreso DNI....
Esperando ingreso DNI....
Esperando ingreso DNI....
Esperando ingreso DNI....
Esperando ingreso DNI....
Esperando ingreso DNI....
Esperando ingreso DNI....
Esperando ingreso DNI....
Esperando ingreso DNI....
Esperando ingreso DNI....
Esperando ingreso DNI....
Esperando ingreso DNI....
Esperando ingreso DNI....
Esperando ingreso DNI....
Esperando ingreso DNI....
Esperando ingreso DNI....
Esperando ingreso DNI....
Esperando ingreso DNI....
Esperando ingreso DNI....
Esperando ingreso DNI....
Esperando ingreso DNI....
Esperando ingreso DNI....
Esperando ingreso DNI....
Esperando ingreso DNI....
Esperando ingreso DNI....
Esperando ingreso DNI....
Esperando ingreso DNI....
Esperando ingreso DNI....
Esperando ingreso DNI....
Esperando ingreso DNI....
Esperando ingreso DNI....
Esperando ingreso DNI....
Esperando ingreso DNI....
Esperando ingreso DNI....
Esperando ingreso DNI....
Esperando ingreso DNI....
Esperando ingreso DNI....
Esperando ingreso DNI....
Esperando ingreso DNI....
Esperando ingreso DNI....
Esperando ingreso DNI....
Esperando ingreso DNI....
Esperando ingreso DNI....
Esperando ingreso DNI....
Esperando ingreso DNI....
Esperando ingreso DNI....
Esperando ingreso DNI....
Esperando ingreso DNI....
Esperando ingreso DNI....
Esperando ingreso DNI....
Esperando ingreso DNI....
Esperando ingreso DNI....
Esperando ingreso DNI....
Esperando ingreso DNI....
Esperando ingreso DNI....
Esperando ingreso DNI....
Esperando ingreso DNI....
Esperando ingreso DNI....
Esperando ingreso DNI....
Esperando ingreso DNI....
Esperando ingreso DNI....
Esperando ingreso DNI....
Esperando ingreso DNI....
Esperando ingreso DNI....
Esperando ingreso DNI....
Esperando ingreso DNI....
Esperando ingreso DNI....
Esperando ingreso DNI....
Esperando ingreso DNI....
Esperando ingreso DNI....
Esperando ingreso DNI....
Esperando ingreso DNI....
Esperando ingreso DNI....
Esperando ingreso DNI....
Esperando ingreso DNI....
Esperando ingreso DNI....
DNI Recibido : {"id": "1", "dni": "5656588"}
***********************************************************************************
Fecha / Hora : 2021/07/14 18:20:43
Conectando a 192.168.1.100 / puerto 5005
Conectado
Envio OK
Esperando ingreso DNI....
Esperando ingreso DNI....
Esperando ingreso DNI....
Esperando ingreso DNI....
Esperando ingreso DNI....
Esperando ingreso DNI....
Esperando ingreso DNI....
Esperando ingreso DNI....
Esperando ingreso DNI....
Esperando ingreso DNI....
Esperando ingreso DNI....
Esperando ingreso DNI....
Esperando ingreso DNI....
Esperando ingreso DNI....
Esperando ingreso DNI....
Esperando ingreso DNI....
Esperando ingreso DNI....
Esperando ingreso DNI....
Esperando ingreso DNI....
Esperando ingreso DNI....
Esperando ingreso DNI....
Esperando ingreso DNI....
Esperando ingreso DNI....
Esperando ingreso DNI....
Esperando ingreso DNI....
Esperando ingreso DNI....
DNI Recibido : {"id": "1", "dni": "564577877"}
***********************************************************************************
Fecha / Hora : 2021/07/14 18:21:12
Conectando a 192.168.1.100 / puerto 5005
Conectado
Envio OK
Esperando ingreso DNI....
Esperando ingreso DNI....
Esperando ingreso DNI....
Esperando ingreso DNI....
Esperando ingreso DNI....
Esperando ingreso DNI....
Esperando ingreso DNI....
Esperando ingreso DNI....
Esperando ingreso DNI....
Esperando ingreso DNI....
Esperando ingreso DNI....
Esperando ingreso DNI....
Esperando ingreso DNI....
Esperando ingreso DNI....
Esperando ingreso DNI....
Esperando ingreso DNI....
Esperando ingreso DNI....
Esperando ingreso DNI....
Esperando ingreso DNI....
Esperando ingreso DNI....
Esperando ingreso DNI....
Esperando ingreso DNI....
Esperando ingreso DNI....
Esperando ingreso DNI....
Esperando ingreso DNI....
Esperando ingreso DNI....
Esperando ingreso DNI....
Esperando ingreso DNI....
Esperando ingreso DNI....
Esperando ingreso DNI....
Esperando ingreso DNI....
Esperando ingreso DNI....
Esperando ingreso DNI....
Esperando ingreso DNI....
Esperando ingreso DNI....
Esperando ingreso DNI....
Esperando ingreso DNI....
Esperando ingreso DNI....
Esperando ingreso DNI....
Esperando ingreso DNI....
Esperando ingreso DNI....
Esperando ingreso DNI....
Esperando ingreso DNI....
Esperando ingreso DNI....
Esperando ingreso DNI....
Esperando ingreso DNI....
Esperando ingreso DNI....
Esperando ingreso DNI....
Esperando ingreso DNI....
Esperando ingreso DNI....
Esperando ingreso DNI....
Esperando ingreso DNI....
Esperando ingreso DNI....
Esperando ingreso DNI....
Esperando ingreso DNI....
Esperando ingreso DNI....
Esperando ingreso DNI....
Esperando ingreso DNI....
Esperando ingreso DNI....
Esperando ingreso DNI....
Esperando ingreso DNI....
Esperando ingreso DNI....
Esperando ingreso DNI....
Esperando ingreso DNI....
Esperando ingreso DNI....
Esperando ingreso DNI....
Esperando ingreso DNI....
Esperando ingreso DNI....
Esperando ingreso DNI....
Esperando ingreso DNI....
Esperando ingreso DNI....
Esperando ingreso DNI....
Esperando ingreso DNI....
Esperando ingreso DNI....
Esperando ingreso DNI....
Esperando ingreso DNI....
Esperando ingreso DNI....
Esperando ingreso DNI....
Esperando ingreso DNI....
Esperando ingreso DNI....
Esperando ingreso DNI....
Esperando ingreso DNI....
Esperando ingreso DNI....
Esperando ingreso DNI....
Esperando ingreso DNI....
Esperando ingreso DNI....
Esperando ingreso DNI....
Esperando ingreso DNI....
Esperando ingreso DNI....
Esperando ingreso DNI....
Esperando ingreso DNI....
Esperando ingreso DNI....
Esperando ingreso DNI....
Esperando ingreso DNI....
Esperando ingreso DNI....
Esperando ingreso DNI....
Esperando ingreso DNI....
Esperando ingreso DNI....
Esperando ingreso DNI....
Esperando ingreso DNI....
Esperando ingreso DNI....
Esperando ingreso DNI....
Esperando ingreso DNI....
Esperando ingreso DNI....
Esperando ingreso DNI....
Esperando ingreso DNI....
Esperando ingreso DNI....
Esperando ingreso DNI....
Esperando ingreso DNI....
***********************************************************************************
Fecha / Hora : 2021/07/14 18:24:11
TCP Start
DNI Recibido : {"id": "1", "dni": "56458788"}
***********************************************************************************
Fecha / Hora : 2021/07/14 18:24:19
Conectando a 192.168.1.100 / puerto 5005
Conectado
Envio OK
***********************************************************************************
Fecha / Hora : 2021/07/14 18:29:19
TCP Start
DNI Recibido : {"id": "1", "dni": "56588988"}
***********************************************************************************
Fecha / Hora : 2021/07/14 18:29:24
Conectando a 192.168.1.100 / puerto 5005
Conectado
Envio OK
***********************************************************************************
Fecha / Hora : 2021/07/14 18:36:58
TCP Start
DNI Recibido : {"id": "1", "dni": "56565656"}
***********************************************************************************
Fecha / Hora : 2021/07/14 18:37:03
Conectando a 192.168.1.100 / puerto 5005
Conectado
Envio OK
DNI Recibido : {"id": "1", "dni": "555585455"}
***********************************************************************************
Fecha / Hora : 2021/07/14 20:18:32
Conectando a 192.168.1.100 / puerto 5005
Reintentando la conexion : 0
Reintentando la conexion : 1
Reintentando la conexion : 2
Reintentando la conexion : 3
Reintentando la conexion : 4
Reintentando la conexion : 5
Reintentando la conexion : 6
Reintentando la conexion : 7
Reintentando la conexion : 8
Reintentando la conexion : 9
Error conexion
***********************************************************************************
Fecha / Hora : 2021/07/14 20:21:28
Conectando a 192.168.1.100 / puerto 5005
Reintentando la conexion : 0
Reintentando la conexion : 1
Reintentando la conexion : 2
Reintentando la conexion : 3
Reintentando la conexion : 4
Reintentando la conexion : 5
Reintentando la conexion : 6
Reintentando la conexion : 7
Reintentando la conexion : 8
Reintentando la conexion : 9
Error conexion
***********************************************************************************
Fecha / Hora : 2021/07/14 20:21:59
Conectando a 192.168.1.100 / puerto 5005
Reintentando la conexion : 0
Reintentando la conexion : 1
Reintentando la conexion : 2
Reintentando la conexion : 3
Reintentando la conexion : 4
Reintentando la conexion : 5
Reintentando la conexion : 6
Reintentando la conexion : 7
Reintentando la conexion : 8
Reintentando la conexion : 9
Error conexion
***********************************************************************************
Fecha / Hora : 2021/07/14 20:22:30
Conectando a 192.168.1.100 / puerto 5005
Reintentando la conexion : 0
Reintentando la conexion : 1
Reintentando la conexion : 2
Reintentando la conexion : 3
Reintentando la conexion : 4
Reintentando la conexion : 5
Reintentando la conexion : 6
Reintentando la conexion : 7
Reintentando la conexion : 8
Reintentando la conexion : 9
Error conexion
***********************************************************************************
Fecha / Hora : 2021/07/14 20:23:01
Conectando a 192.168.1.100 / puerto 5005
Reintentando la conexion : 0
Reintentando la conexion : 1
Reintentando la conexion : 2
Reintentando la conexion : 3
Reintentando la conexion : 4
Reintentando la conexion : 5
Reintentando la conexion : 6
Reintentando la conexion : 7
Reintentando la conexion : 8
Reintentando la conexion : 9
Error conexion
***********************************************************************************
Fecha / Hora : 2021/07/14 20:23:33
Conectando a 192.168.1.100 / puerto 5005
Reintentando la conexion : 0
Reintentando la conexion : 1
Reintentando la conexion : 2
Reintentando la conexion : 3
Reintentando la conexion : 4
Reintentando la conexion : 5
Reintentando la conexion : 6
Reintentando la conexion : 7
Reintentando la conexion : 8
Reintentando la conexion : 9
Error conexion
***********************************************************************************
Fecha / Hora : 2021/07/14 20:24:04
Conectando a 192.168.1.100 / puerto 5005
Reintentando la conexion : 0
Reintentando la conexion : 1
Reintentando la conexion : 2
Reintentando la conexion : 3
Reintentando la conexion : 4
Reintentando la conexion : 5
Reintentando la conexion : 6
Reintentando la conexion : 7
Reintentando la conexion : 8
Reintentando la conexion : 9
Error conexion
***********************************************************************************
Fecha / Hora : 2021/07/14 20:24:35
Conectando a 192.168.1.100 / puerto 5005
Reintentando la conexion : 0
Reintentando la conexion : 1
Reintentando la conexion : 2
Reintentando la conexion : 3
Reintentando la conexion : 4
Reintentando la conexion : 5
Reintentando la conexion : 6
Reintentando la conexion : 7
Reintentando la conexion : 8
Reintentando la conexion : 9
Error conexion
***********************************************************************************
Fecha / Hora : 2021/07/14 20:25:06
Conectando a 192.168.1.100 / puerto 5005
Reintentando la conexion : 0
Reintentando la conexion : 1
Reintentando la conexion : 2
Reintentando la conexion : 3
Reintentando la conexion : 4
Reintentando la conexion : 5
Reintentando la conexion : 6
Reintentando la conexion : 7
Reintentando la conexion : 8
Reintentando la conexion : 9
Error conexion
***********************************************************************************
Fecha / Hora : 2021/07/14 20:25:37
Conectando a 192.168.1.100 / puerto 5005
Reintentando la conexion : 0
Reintentando la conexion : 1
Reintentando la conexion : 2
Reintentando la conexion : 3
Reintentando la conexion : 4
Reintentando la conexion : 5
Reintentando la conexion : 6
Reintentando la conexion : 7
Reintentando la conexion : 8
Reintentando la conexion : 9
Error conexion
***********************************************************************************
Fecha / Hora : 2021/07/14 20:26:08
Conectando a 192.168.1.100 / puerto 5005
Reintentando la conexion : 0
Reintentando la conexion : 1
Reintentando la conexion : 2
Reintentando la conexion : 3
Reintentando la conexion : 4
Reintentando la conexion : 5
Reintentando la conexion : 6
Reintentando la conexion : 7
Reintentando la conexion : 8
Reintentando la conexion : 9
Error conexion
***********************************************************************************
Fecha / Hora : 2021/07/14 20:26:40
Conectando a 192.168.1.100 / puerto 5005
Reintentando la conexion : 0
Reintentando la conexion : 1
Reintentando la conexion : 2
Reintentando la conexion : 3
Reintentando la conexion : 4
Reintentando la conexion : 5
Reintentando la conexion : 6
Reintentando la conexion : 7
Reintentando la conexion : 8
Reintentando la conexion : 9
Error conexion
***********************************************************************************
Fecha / Hora : 2021/07/14 20:27:11
Conectando a 192.168.1.100 / puerto 5005
Reintentando la conexion : 0
Reintentando la conexion : 1
Reintentando la conexion : 2
Reintentando la conexion : 3
Reintentando la conexion : 4
Reintentando la conexion : 5
Reintentando la conexion : 6
Reintentando la conexion : 7
Reintentando la conexion : 8
Reintentando la conexion : 9
Error conexion
***********************************************************************************
Fecha / Hora : 2021/07/14 20:27:42
Conectando a 192.168.1.100 / puerto 5005
Reintentando la conexion : 0
Reintentando la conexion : 1
Reintentando la conexion : 2
Reintentando la conexion : 3
Reintentando la conexion : 4
Reintentando la conexion : 5
Reintentando la conexion : 6
Reintentando la conexion : 7
Reintentando la conexion : 8
Reintentando la conexion : 9
Error conexion
***********************************************************************************
Fecha / Hora : 2021/07/14 20:28:13
Conectando a 192.168.1.100 / puerto 5005
Reintentando la conexion : 0
Reintentando la conexion : 1
Reintentando la conexion : 2
Reintentando la conexion : 3
Reintentando la conexion : 4
Reintentando la conexion : 5
Reintentando la conexion : 6
Reintentando la conexion : 7
Reintentando la conexion : 8
Reintentando la conexion : 9
Error conexion
***********************************************************************************
Fecha / Hora : 2021/07/14 20:28:44
Conectando a 192.168.1.100 / puerto 5005
Reintentando la conexion : 0
Reintentando la conexion : 1
Reintentando la conexion : 2
Reintentando la conexion : 3
Reintentando la conexion : 4
Reintentando la conexion : 5
Reintentando la conexion : 6
Reintentando la conexion : 7
Reintentando la conexion : 8
Reintentando la conexion : 9
Error conexion
***********************************************************************************
Fecha / Hora : 2021/07/14 20:29:16
Conectando a 192.168.1.100 / puerto 5005
Reintentando la conexion : 0
Reintentando la conexion : 1
Reintentando la conexion : 2
Reintentando la conexion : 3
Reintentando la conexion : 4
Reintentando la conexion : 5
Reintentando la conexion : 6
Reintentando la conexion : 7
Reintentando la conexion : 8
Reintentando la conexion : 9
Error conexion
***********************************************************************************
Fecha / Hora : 2021/07/14 20:29:47
Conectando a 192.168.1.100 / puerto 5005
Reintentando la conexion : 0
Reintentando la conexion : 1
Reintentando la conexion : 2
Reintentando la conexion : 3
Reintentando la conexion : 4
Reintentando la conexion : 5
Reintentando la conexion : 6
Reintentando la conexion : 7
Reintentando la conexion : 8
Reintentando la conexion : 9
Error conexion
***********************************************************************************
Fecha / Hora : 2021/07/14 20:30:18
Conectando a 192.168.1.100 / puerto 5005
Reintentando la conexion : 0
Reintentando la conexion : 1
Reintentando la conexion : 2
Reintentando la conexion : 3
Reintentando la conexion : 4
Reintentando la conexion : 5
Reintentando la conexion : 6
Reintentando la conexion : 7
Reintentando la conexion : 8
Reintentando la conexion : 9
Error conexion
***********************************************************************************
Fecha / Hora : 2021/07/14 20:30:49
Conectando a 192.168.1.100 / puerto 5005
Reintentando la conexion : 0
Reintentando la conexion : 1
Reintentando la conexion : 2
Reintentando la conexion : 3
Reintentando la conexion : 4
Reintentando la conexion : 5
Reintentando la conexion : 6
Reintentando la conexion : 7
Reintentando la conexion : 8
Reintentando la conexion : 9
Error conexion
***********************************************************************************
Fecha / Hora : 2021/07/14 20:31:20
Conectando a 192.168.1.100 / puerto 5005
Reintentando la conexion : 0
Reintentando la conexion : 1
Reintentando la conexion : 2
Reintentando la conexion : 3
Reintentando la conexion : 4
Reintentando la conexion : 5
Reintentando la conexion : 6
Reintentando la conexion : 7
Reintentando la conexion : 8
Reintentando la conexion : 9
Error conexion
***********************************************************************************
Fecha / Hora : 2021/07/14 20:31:52
Conectando a 192.168.1.100 / puerto 5005
Reintentando la conexion : 0
Reintentando la conexion : 1
Reintentando la conexion : 2
Reintentando la conexion : 3
Reintentando la conexion : 4
Reintentando la conexion : 5
Reintentando la conexion : 6
Reintentando la conexion : 7
Reintentando la conexion : 8
Reintentando la conexion : 9
Error conexion
***********************************************************************************
Fecha / Hora : 2021/07/14 20:32:23
Conectando a 192.168.1.100 / puerto 5005
Reintentando la conexion : 0
Reintentando la conexion : 1
Reintentando la conexion : 2
Reintentando la conexion : 3
Reintentando la conexion : 4
Reintentando la conexion : 5
Reintentando la conexion : 6
Reintentando la conexion : 7
Reintentando la conexion : 8
Reintentando la conexion : 9
Error conexion
***********************************************************************************
Fecha / Hora : 2021/07/14 20:32:54
Conectando a 192.168.1.100 / puerto 5005
Reintentando la conexion : 0
Reintentando la conexion : 1
Reintentando la conexion : 2
Reintentando la conexion : 3
Reintentando la conexion : 4
Reintentando la conexion : 5
Reintentando la conexion : 6
Reintentando la conexion : 7
Reintentando la conexion : 8
Reintentando la conexion : 9
Error conexion
***********************************************************************************
Fecha / Hora : 2021/07/14 20:33:25
Conectando a 192.168.1.100 / puerto 5005
Reintentando la conexion : 0
Reintentando la conexion : 1
Reintentando la conexion : 2
Reintentando la conexion : 3
Reintentando la conexion : 4
Reintentando la conexion : 5
Reintentando la conexion : 6
Reintentando la conexion : 7
Reintentando la conexion : 8
Reintentando la conexion : 9
Error conexion
***********************************************************************************
Fecha / Hora : 2021/07/14 20:33:56
Conectando a 192.168.1.100 / puerto 5005
Reintentando la conexion : 0
Reintentando la conexion : 1
Reintentando la conexion : 2
Reintentando la conexion : 3
Reintentando la conexion : 4
Reintentando la conexion : 5
Reintentando la conexion : 6
Reintentando la conexion : 7
Reintentando la conexion : 8
Reintentando la conexion : 9
Error conexion
***********************************************************************************
Fecha / Hora : 2021/07/14 20:34:28
Conectando a 192.168.1.100 / puerto 5005
Reintentando la conexion : 0
Reintentando la conexion : 1
Reintentando la conexion : 2
Reintentando la conexion : 3
Reintentando la conexion : 4
Reintentando la conexion : 5
Reintentando la conexion : 6
Reintentando la conexion : 7
Reintentando la conexion : 8
Reintentando la conexion : 9
Error conexion
***********************************************************************************
Fecha / Hora : 2021/07/14 20:34:59
Conectando a 192.168.1.100 / puerto 5005
Reintentando la conexion : 0
Reintentando la conexion : 1
Reintentando la conexion : 2
Reintentando la conexion : 3
Reintentando la conexion : 4
Reintentando la conexion : 5
Reintentando la conexion : 6
Reintentando la conexion : 7
Reintentando la conexion : 8
Reintentando la conexion : 9
Error conexion
***********************************************************************************
Fecha / Hora : 2021/07/14 20:35:30
Conectando a 192.168.1.100 / puerto 5005
Reintentando la conexion : 0
Reintentando la conexion : 1
Reintentando la conexion : 2
Reintentando la conexion : 3
Reintentando la conexion : 4
Reintentando la conexion : 5
Reintentando la conexion : 6
Reintentando la conexion : 7
Reintentando la conexion : 8
Reintentando la conexion : 9
Error conexion
***********************************************************************************
Fecha / Hora : 2021/07/14 20:36:01
Conectando a 192.168.1.100 / puerto 5005
Reintentando la conexion : 0
Reintentando la conexion : 1
Reintentando la conexion : 2
Reintentando la conexion : 3
Reintentando la conexion : 4
Reintentando la conexion : 5
Reintentando la conexion : 6
Reintentando la conexion : 7
Reintentando la conexion : 8
Reintentando la conexion : 9
Error conexion
***********************************************************************************
Fecha / Hora : 2021/07/14 20:36:32
Conectando a 192.168.1.100 / puerto 5005
Reintentando la conexion : 0
Reintentando la conexion : 1
Reintentando la conexion : 2
Reintentando la conexion : 3
Reintentando la conexion : 4
Reintentando la conexion : 5
Reintentando la conexion : 6
Reintentando la conexion : 7
Reintentando la conexion : 8
Reintentando la conexion : 9
Error conexion
***********************************************************************************
Fecha / Hora : 2021/07/14 20:37:04
Conectando a 192.168.1.100 / puerto 5005
Reintentando la conexion : 0
Reintentando la conexion : 1
Reintentando la conexion : 2
Reintentando la conexion : 3
Reintentando la conexion : 4
Reintentando la conexion : 5
Reintentando la conexion : 6
Reintentando la conexion : 7
Reintentando la conexion : 8
Reintentando la conexion : 9
Error conexion
***********************************************************************************
Fecha / Hora : 2021/07/14 20:37:35
Conectando a 192.168.1.100 / puerto 5005
Reintentando la conexion : 0
Reintentando la conexion : 1
Reintentando la conexion : 2
Reintentando la conexion : 3
Reintentando la conexion : 4
Reintentando la conexion : 5
Reintentando la conexion : 6
Reintentando la conexion : 7
Reintentando la conexion : 8
Reintentando la conexion : 9
Error conexion
***********************************************************************************
Fecha / Hora : 2021/07/14 20:38:06
Conectando a 192.168.1.100 / puerto 5005
Reintentando la conexion : 0
Reintentando la conexion : 1
Reintentando la conexion : 2
Reintentando la conexion : 3
Reintentando la conexion : 4
Reintentando la conexion : 5
Reintentando la conexion : 6
Reintentando la conexion : 7
Reintentando la conexion : 8
Reintentando la conexion : 9
Error conexion
***********************************************************************************
Fecha / Hora : 2021/07/14 20:38:37
Conectando a 192.168.1.100 / puerto 5005
Reintentando la conexion : 0
Reintentando la conexion : 1
Reintentando la conexion : 2
Reintentando la conexion : 3
Reintentando la conexion : 4
Reintentando la conexion : 5
Reintentando la conexion : 6
Reintentando la conexion : 7
Reintentando la conexion : 8
Reintentando la conexion : 9
Error conexion
***********************************************************************************
Fecha / Hora : 2021/07/14 20:39:08
Conectando a 192.168.1.100 / puerto 5005
Reintentando la conexion : 0
Reintentando la conexion : 1
Reintentando la conexion : 2
Reintentando la conexion : 3
Reintentando la conexion : 4
Reintentando la conexion : 5
Reintentando la conexion : 6
Reintentando la conexion : 7
Reintentando la conexion : 8
Reintentando la conexion : 9
Error conexion
***********************************************************************************
Fecha / Hora : 2021/07/14 20:39:40
Conectando a 192.168.1.100 / puerto 5005
Reintentando la conexion : 0
Reintentando la conexion : 1
Reintentando la conexion : 2
Reintentando la conexion : 3
Reintentando la conexion : 4
Reintentando la conexion : 5
Reintentando la conexion : 6
Reintentando la conexion : 7
Reintentando la conexion : 8
Reintentando la conexion : 9
Error conexion
***********************************************************************************
Fecha / Hora : 2021/07/14 20:40:11
Conectando a 192.168.1.100 / puerto 5005
Reintentando la conexion : 0
Reintentando la conexion : 1
Reintentando la conexion : 2
Reintentando la conexion : 3
Reintentando la conexion : 4
Reintentando la conexion : 5
Reintentando la conexion : 6
Reintentando la conexion : 7
Reintentando la conexion : 8
Reintentando la conexion : 9
Error conexion
***********************************************************************************
Fecha / Hora : 2021/07/14 20:40:42
Conectando a 192.168.1.100 / puerto 5005
Reintentando la conexion : 0
Reintentando la conexion : 1
Reintentando la conexion : 2
Reintentando la conexion : 3
Reintentando la conexion : 4
Reintentando la conexion : 5
Reintentando la conexion : 6
Reintentando la conexion : 7
Reintentando la conexion : 8
Reintentando la conexion : 9
Error conexion
***********************************************************************************
Fecha / Hora : 2021/07/14 20:41:13
Conectando a 192.168.1.100 / puerto 5005
Reintentando la conexion : 0
Reintentando la conexion : 1
Reintentando la conexion : 2
Reintentando la conexion : 3
Reintentando la conexion : 4
Reintentando la conexion : 5
Reintentando la conexion : 6
Reintentando la conexion : 7
Reintentando la conexion : 8
Reintentando la conexion : 9
Error conexion
***********************************************************************************
Fecha / Hora : 2021/07/14 20:41:44
Conectando a 192.168.1.100 / puerto 5005
Reintentando la conexion : 0
Reintentando la conexion : 1
Reintentando la conexion : 2
Reintentando la conexion : 3
Reintentando la conexion : 4
Reintentando la conexion : 5
Reintentando la conexion : 6
Reintentando la conexion : 7
Reintentando la conexion : 8
Reintentando la conexion : 9
Error conexion
***********************************************************************************
Fecha / Hora : 2021/07/14 20:42:16
Conectando a 192.168.1.100 / puerto 5005
Reintentando la conexion : 0
Reintentando la conexion : 1
Reintentando la conexion : 2
Reintentando la conexion : 3
Reintentando la conexion : 4
Reintentando la conexion : 5
Reintentando la conexion : 6
Reintentando la conexion : 7
Reintentando la conexion : 8
Reintentando la conexion : 9
Error conexion
***********************************************************************************
Fecha / Hora : 2021/07/14 20:42:47
Conectando a 192.168.1.100 / puerto 5005
Reintentando la conexion : 0
Reintentando la conexion : 1
Reintentando la conexion : 2
Reintentando la conexion : 3
Reintentando la conexion : 4
Reintentando la conexion : 5
Reintentando la conexion : 6
Reintentando la conexion : 7
Reintentando la conexion : 8
Reintentando la conexion : 9
Error conexion
***********************************************************************************
Fecha / Hora : 2021/07/14 20:43:18
Conectando a 192.168.1.100 / puerto 5005
Reintentando la conexion : 0
Reintentando la conexion : 1
Reintentando la conexion : 2
Reintentando la conexion : 3
Reintentando la conexion : 4
Reintentando la conexion : 5
Reintentando la conexion : 6
Reintentando la conexion : 7
Reintentando la conexion : 8
Reintentando la conexion : 9
Error conexion
***********************************************************************************
Fecha / Hora : 2021/07/14 20:43:49
Conectando a 192.168.1.100 / puerto 5005
Reintentando la conexion : 0
Reintentando la conexion : 1
Reintentando la conexion : 2
Reintentando la conexion : 3
Reintentando la conexion : 4
Reintentando la conexion : 5
Reintentando la conexion : 6
Reintentando la conexion : 7
Reintentando la conexion : 8
Reintentando la conexion : 9
Error conexion
***********************************************************************************
Fecha / Hora : 2021/07/14 20:44:20
Conectando a 192.168.1.100 / puerto 5005
Reintentando la conexion : 0
Reintentando la conexion : 1
Reintentando la conexion : 2
Reintentando la conexion : 3
Reintentando la conexion : 4
Reintentando la conexion : 5
Reintentando la conexion : 6
Reintentando la conexion : 7
Reintentando la conexion : 8
Reintentando la conexion : 9
Error conexion
***********************************************************************************
Fecha / Hora : 2021/07/14 20:44:52
Conectando a 192.168.1.100 / puerto 5005
Reintentando la conexion : 0
Reintentando la conexion : 1
Reintentando la conexion : 2
Reintentando la conexion : 3
Reintentando la conexion : 4
Reintentando la conexion : 5
Reintentando la conexion : 6
Reintentando la conexion : 7
Reintentando la conexion : 8
Reintentando la conexion : 9
Error conexion
***********************************************************************************
Fecha / Hora : 2021/07/14 20:45:23
Conectando a 192.168.1.100 / puerto 5005
Reintentando la conexion : 0
Reintentando la conexion : 1
Reintentando la conexion : 2
Reintentando la conexion : 3
Reintentando la conexion : 4
Reintentando la conexion : 5
Reintentando la conexion : 6
Reintentando la conexion : 7
Reintentando la conexion : 8
Reintentando la conexion : 9
Error conexion
***********************************************************************************
Fecha / Hora : 2021/07/14 20:45:54
Conectando a 192.168.1.100 / puerto 5005
Reintentando la conexion : 0
Reintentando la conexion : 1
Reintentando la conexion : 2
Reintentando la conexion : 3
Reintentando la conexion : 4
Reintentando la conexion : 5
Reintentando la conexion : 6
Reintentando la conexion : 7
Reintentando la conexion : 8
Reintentando la conexion : 9
Error conexion
***********************************************************************************
Fecha / Hora : 2021/07/14 21:08:05
Conectando a 192.168.1.100 / puerto 5005
Reintentando la conexion : 0
***********************************************************************************
Fecha / Hora : 2021/09/20 16:51:41
TCP Start
***********************************************************************************
Fecha / Hora : 2021/09/20 16:54:34
TCP Start
***********************************************************************************
Fecha / Hora : 2021/09/20 17:24:11
TCP Start
***********************************************************************************
Fecha / Hora : 2021/09/20 17:28:39
TCP Start
***********************************************************************************
Fecha / Hora : 2021/09/20 17:29:16
TCP Start
***********************************************************************************
Fecha / Hora : 2021/09/20 17:29:41
TCP Start
***********************************************************************************
Fecha / Hora : 2021/09/20 17:30:47
TCP Start
***********************************************************************************
Fecha / Hora : 2021/09/20 17:30:47
TCP Start
                                                                                                                                 ***********************************************************************************
Fecha / Hora : 2021/09/21 06:17:20
TCP Start
***********************************************************************************
Fecha / Hora : 2021/09/21 06:18:28
TCP Start
***********************************************************************************
Fecha / Hora : 2021/09/21 08:17:19
TCP Start
***********************************************************************************
Fecha / Hora : 2021/09/21 08:36:17
TCP Start
***********************************************************************************
Fecha / Hora : 2021/09/21 08:36:51
TCP Start
***********************************************************************************
Fecha / Hora : 2021/09/21 09:22:36
TCP Start
***********************************************************************************
Fecha / Hora : 2021/09/21 09:29:30
TCP Start
***********************************************************************************
Fecha / Hora : 2021/09/21 09:54:18
TCP Start
***********************************************************************************
Fecha / Hora : 2021/09/21 10:00:52
TCP Start
***********************************************************************************
Fecha / Hora : 2021/09/21 10:09:09
TCP Start
***********************************************************************************
Fecha / Hora : 2021/09/21 10:23:32
TCP Start
***********************************************************************************
Fecha / Hora : 2021/09/21 10:29:49
TCP Start
***********************************************************************************
Fecha / Hora : 2021/09/21 10:32:42
TCP Start
***********************************************************************************
Fecha / Hora : 2021/09/21 10:38:15
TCP Start
***********************************************************************************
Fecha / Hora : 2021/09/21 10:17:18
TCP Start
***********************************************************************************
Fecha / Hora : 2021/09/21 10:32:19
TCP Start
                                                                                                                                 ***********************************************************************************
Fecha / Hora : 2021/09/21 10:17:16
TCP Start
***********************************************************************************
Fecha / Hora : 2021/09/21 10:17:18
TCP Start
***********************************************************************************
Fecha / Hora : 2021/09/21 10:57:14
TCP Start
***********************************************************************************
Fecha / Hora : 2021/09/21 12:35:33
TCP Start
***********************************************************************************
Fecha / Hora : 2021/09/21 12:37:08
TCP Start
***********************************************************************************
Fecha / Hora : 2021/09/21 12:38:49
TCP Start
***********************************************************************************
Fecha / Hora : 2021/09/21 12:39:36
TCP Start
***********************************************************************************
Fecha / Hora : 2021/09/21 12:44:06
TCP Start
***********************************************************************************
Fecha / Hora : 2021/09/21 12:17:19
TCP Start
***********************************************************************************
Fecha / Hora : 2021/09/21 12:21:25
TCP Start
***********************************************************************************
Fecha / Hora : 2021/09/21 12:24:36
TCP Start
***********************************************************************************
Fecha / Hora : 2021/09/21 12:26:08
TCP Start
***********************************************************************************
Fecha / Hora : 2021/09/21 12:42:36
TCP Start
***********************************************************************************
Fecha / Hora : 2021/09/21 13:00:28
TCP Start
***********************************************************************************
Fecha / Hora : 2021/09/21 13:10:46
TCP Start
***********************************************************************************
Fecha / Hora : 2021/09/21 13:12:48
TCP Start
***********************************************************************************
Fecha / Hora : 2021/09/21 13:14:01
TCP Start
***********************************************************************************
Fecha / Hora : 2021/09/21 13:31:09
TCP Start
***********************************************************************************
Fecha / Hora : 2021/09/21 13:39:39
TCP Start
***********************************************************************************
Fecha / Hora : 2021/09/21 13:41:56
TCP Start
***********************************************************************************
Fecha / Hora : 2021/09/21 13:43:48
TCP Start
***********************************************************************************
Fecha / Hora : 2021/09/21 13:56:10
TCP Start
***********************************************************************************
Fecha / Hora : 2021/09/21 14:02:39
TCP Start
***********************************************************************************
Fecha / Hora : 2021/09/21 14:34:29
TCP Start
***********************************************************************************
Fecha / Hora : 2021/09/21 14:40:51
TCP Start
***********************************************************************************
Fecha / Hora : 2021/09/21 14:45:53
TCP Start
***********************************************************************************
Fecha / Hora : 2021/09/21 15:08:02
TCP Start
***********************************************************************************
Fecha / Hora : 2021/09/21 15:10:28
TCP Start
***********************************************************************************
Fecha / Hora : 2021/09/21 15:13:22
TCP Start
***********************************************************************************
Fecha / Hora : 2021/09/21 15:13:22
Conectando a 192.168.1.100 / puerto 5005
Reintentando la conexion : 0
Reintentando la conexion : 1
Reintentando la conexion : 2
Reintentando la conexion : 3
Reintentando la conexion : 4
Reintentando la conexion : 5
Reintentando la conexion : 6
Reintentando la conexion : 7
Reintentando la conexion : 8
Reintentando la conexion : 9
Error conexion
***********************************************************************************
Fecha / Hora : 2021/09/21 15:13:54
Conectando a 192.168.1.100 / puerto 5005
Reintentando la conexion : 0
Reintentando la conexion : 1
Reintentando la conexion : 2
Reintentando la conexion : 3
Reintentando la conexion : 4
Reintentando la conexion : 5
Reintentando la conexion : 6
Reintentando la conexion : 7
Reintentando la conexion : 8
Reintentando la conexion : 9
Error conexion
***********************************************************************************
Fecha / Hora : 2021/09/21 15:16:31
TCP Start
***********************************************************************************
Fecha / Hora : 2021/09/21 15:16:33
Conectando a 192.168.1.100 / puerto 5005
Reintentando la conexion : 0
Reintentando la conexion : 1
Reintentando la conexion : 2
Reintentando la conexion : 3
Reintentando la conexion : 4
Reintentando la conexion : 5
Reintentando la conexion : 6
Reintentando la conexion : 7
Reintentando la conexion : 8
Reintentando la conexion : 9
Error conexion
***********************************************************************************
Fecha / Hora : 2021/09/21 15:17:05
Conectando a 192.168.1.100 / puerto 5005
Reintentando la conexion : 0
Reintentando la conexion : 1
Reintentando la conexion : 2
Reintentando la conexion : 3
Reintentando la conexion : 4
Reintentando la conexion : 5
Reintentando la conexion : 6
Reintentando la conexion : 7
Reintentando la conexion : 8
Reintentando la conexion : 9
Error conexion
***********************************************************************************
Fecha / Hora : 2021/09/21 15:17:36
Conectando a 192.168.1.100 / puerto 5005
Reintentando la conexion : 0
Reintentando la conexion : 1
Reintentando la conexion : 2
Reintentando la conexion : 3
Reintentando la conexion : 4
Reintentando la conexion : 5
Reintentando la conexion : 6
Reintentando la conexion : 7
Reintentando la conexion : 8
Reintentando la conexion : 9
Error conexion
***********************************************************************************
Fecha / Hora : 2021/09/21 15:18:40
TCP Start
***********************************************************************************
Fecha / Hora : 2021/09/21 15:18:43
Conectando a 192.168.1.100 / puerto 5005
Reintentando la conexion : 0
Reintentando la conexion : 1
Reintentando la conexion : 2
Reintentando la conexion : 3
Reintentando la conexion : 4
Reintentando la conexion : 5
Reintentando la conexion : 6
Reintentando la conexion : 7
Reintentando la conexion : 8
Reintentando la conexion : 9
Error conexion
***********************************************************************************
Fecha / Hora : 2021/09/21 15:19:41
TCP Start
***********************************************************************************
Fecha / Hora : 2021/09/21 15:19:41
Conectando a 192.168.1.100 / puerto 5005
Reintentando la conexion : 0
Reintentando la conexion : 1
Reintentando la conexion : 2
Reintentando la conexion : 3
Reintentando la conexion : 4
Reintentando la conexion : 5
Reintentando la conexion : 6
Reintentando la conexion : 7
Reintentando la conexion : 8
Reintentando la conexion : 9
Error conexion
***********************************************************************************
Fecha / Hora : 2021/09/21 15:20:13
Conectando a 192.168.1.100 / puerto 5005
Reintentando la conexion : 0
Reintentando la conexion : 1
Reintentando la conexion : 2
Reintentando la conexion : 3
Reintentando la conexion : 4
Reintentando la conexion : 5
Reintentando la conexion : 6
Reintentando la conexion : 7
Reintentando la conexion : 8
Reintentando la conexion : 9
Error conexion
***********************************************************************************
Fecha / Hora : 2021/09/21 15:20:44
Conectando a 192.168.1.100 / puerto 5005
Reintentando la conexion : 0
Reintentando la conexion : 1
Reintentando la conexion : 2
Reintentando la conexion : 3
Reintentando la conexion : 4
Reintentando la conexion : 5
Reintentando la conexion : 6
Reintentando la conexion : 7
Reintentando la conexion : 8
Reintentando la conexion : 9
Error conexion
***********************************************************************************
Fecha / Hora : 2021/09/21 15:22:10
TCP Start
***********************************************************************************
Fecha / Hora : 2021/09/21 15:23:31
TCP Start
***********************************************************************************
Fecha / Hora : 2021/09/21 15:24:24
TCP Start
***********************************************************************************
Fecha / Hora : 2021/09/21 15:25:19
TCP Start
***********************************************************************************
Fecha / Hora : 2021/09/21 15:27:18
TCP Start
***********************************************************************************
Fecha / Hora : 2021/09/21 15:34:14
TCP Start
***********************************************************************************
Fecha / Hora : 2021/09/21 15:35:07
TCP Start
***********************************************************************************
Fecha / Hora : 2021/09/21 15:36:08
TCP Start
***********************************************************************************
Fecha / Hora : 2021/09/21 15:37:58
TCP Start
***********************************************************************************
Fecha / Hora : 2021/09/21 15:39:17
TCP Start
***********************************************************************************
Fecha / Hora : 2021/09/21 15:40:05
TCP Start
***********************************************************************************
Fecha / Hora : 2021/09/21 15:41:29
TCP Start
***********************************************************************************
Fecha / Hora : 2021/09/21 15:47:29
TCP Start
***********************************************************************************
Fecha / Hora : 2021/09/21 15:48:14
TCP Start
***********************************************************************************
Fecha / Hora : 2021/09/21 15:50:39
TCP Start
***********************************************************************************
Fecha / Hora : 2021/09/21 15:52:08
TCP Start
***********************************************************************************
Fecha / Hora : 2021/09/21 15:55:18
TCP Start
***********************************************************************************
Fecha / Hora : 2021/09/21 15:57:58
TCP Start
***********************************************************************************
Fecha / Hora : 2021/09/21 16:52:20
TCP Start
***********************************************************************************
Fecha / Hora : 2021/09/21 16:56:15
TCP Start
***********************************************************************************
Fecha / Hora : 2021/09/21 17:00:56
TCP Start
***********************************************************************************
Fecha / Hora : 2021/09/21 17:02:34
TCP Start
***********************************************************************************
Fecha / Hora : 2021/09/21 17:04:09
TCP Start
***********************************************************************************
Fecha / Hora : 2021/09/21 17:10:43
TCP Start
***********************************************************************************
Fecha / Hora : 2021/09/21 17:11:58
TCP Start
***********************************************************************************
Fecha / Hora : 2021/09/21 16:17:19
TCP Start
***********************************************************************************
Fecha / Hora : 2021/09/21 16:19:59
TCP Start
***********************************************************************************
Fecha / Hora : 2021/09/21 16:23:45
TCP Start
***********************************************************************************
Fecha / Hora : 2021/09/21 16:25:01
TCP Start
***********************************************************************************
Fecha / Hora : 2021/09/21 16:35:57
TCP Start
***********************************************************************************
Fecha / Hora : 2021/09/21 16:17:16
TCP Start
***********************************************************************************
Fecha / Hora : 2021/09/21 16:17:16
TCP Start
***********************************************************************************
Fecha / Hora : 2021/09/21 16:19:37
TCP Start
***********************************************************************************
Fecha / Hora : 2021/09/21 16:17:16
TCP Start
***********************************************************************************
Fecha / Hora : 2021/09/21 16:18:39
TCP Start
***********************************************************************************
Fecha / Hora : 2021/09/21 16:21:10
TCP Start
***********************************************************************************
Fecha / Hora : 2021/09/21 16:22:07
TCP Start
***********************************************************************************
Fecha / Hora : 2021/09/21 16:22:59
TCP Start
***********************************************************************************
Fecha / Hora : 2021/09/21 16:25:08
TCP Start
***********************************************************************************
Fecha / Hora : 2021/09/21 16:25:55
TCP Start
***********************************************************************************
Fecha / Hora : 2021/09/21 16:26:51
TCP Start
***********************************************************************************
Fecha / Hora : 2021/09/21 16:27:29
TCP Start
***********************************************************************************
Fecha / Hora : 2021/09/21 16:30:49
TCP Start
***********************************************************************************
Fecha / Hora : 2021/09/21 17:37:15
TCP Start
***********************************************************************************
Fecha / Hora : 2021/09/21 17:37:18
Conectando a 192.168.1.100 / puerto 5005
Reintentando la conexion : 0
Reintentando la conexion : 1
Reintentando la conexion : 2
Reintentando la conexion : 3
***********************************************************************************
Fecha / Hora : 2021/09/21 17:39:15
TCP Start
***********************************************************************************
Fecha / Hora : 2021/09/21 17:47:32
TCP Start
***********************************************************************************
Fecha / Hora : 2021/09/21 17:58:03
TCP Start
***********************************************************************************
Fecha / Hora : 2021/09/21 17:59:58
TCP Start
***********************************************************************************
Fecha / Hora : 2021/09/21 18:01:32
TCP Start
***********************************************************************************
Fecha / Hora : 2021/09/21 18:24:37
TCP Start
***********************************************************************************
Fecha / Hora : 2021/09/21 18:17:16
TCP Start
***********************************************************************************
Fecha / Hora : 2021/09/21 18:18:53
TCP Start
***********************************************************************************
Fecha / Hora : 2021/09/21 18:17:16
TCP Start
***********************************************************************************
Fecha / Hora : 2021/09/21 18:17:19
TCP Start
***********************************************************************************
Fecha / Hora : 2021/09/21 18:23:27
TCP Start
***********************************************************************************
Fecha / Hora : 2021/09/21 19:17:16
TCP Start
***********************************************************************************
Fecha / Hora : 2021/09/21 19:17:16
TCP Start
                                                                                                                                 ***********************************************************************************
Fecha / Hora : 2021/09/21 19:17:16
TCP Start
***********************************************************************************
Fecha / Hora : 2021/09/21 19:17:16
TCP Start
***********************************************************************************
Fecha / Hora : 2021/09/21 19:17:16
TCP Start
***********************************************************************************
Fecha / Hora : 2021/09/21 19:17:15
TCP Start
***********************************************************************************
Fecha / Hora : 2021/09/21 19:20:53
TCP Start
***********************************************************************************
Fecha / Hora : 2021/09/21 19:17:16
TCP Start
***********************************************************************************
Fecha / Hora : 2021/09/21 19:17:16
TCP Start
***********************************************************************************
Fecha / Hora : 2021/09/21 19:17:16
TCP Start
***********************************************************************************
Fecha / Hora : 2021/09/21 19:17:16
TCP Start
***********************************************************************************
Fecha / Hora : 2021/09/21 19:17:16
TCP Start
***********************************************************************************
Fecha / Hora : 2021/09/21 19:18:35
TCP Start
***********************************************************************************
Fecha / Hora : 2021/09/21 19:17:17
TCP Start
***********************************************************************************
Fecha / Hora : 2021/09/21 19:17:16
TCP Start
***********************************************************************************
Fecha / Hora : 2021/09/21 19:17:15
TCP Start
***********************************************************************************
Fecha / Hora : 2021/09/21 19:17:16
TCP Start
***********************************************************************************
Fecha / Hora : 2021/09/21 19:17:15
TCP Start
***********************************************************************************
Fecha / Hora : 2021/09/21 19:17:16
TCP Start
***********************************************************************************
Fecha / Hora : 2023/09/20 10:05:19
TCP Start
***********************************************************************************
Fecha / Hora : 2023/09/20 10:06:41
TCP Start
***********************************************************************************
Fecha / Hora : 2023/09/20 10:06:50
TCP Start
***********************************************************************************
Fecha / Hora : 2023/09/20 10:10:36
TCP Start
***********************************************************************************
Fecha / Hora : 2023/09/20 10:11:04
TCP Start
***********************************************************************************
Fecha / Hora : 2023/09/20 10:12:21
TCP Start
***********************************************************************************
Fecha / Hora : 2023/09/20 15:33:15
TCP Start
***********************************************************************************
Fecha / Hora : 2023/09/20 15:34:01
TCP Start
***********************************************************************************
Fecha / Hora : 2023/09/20 15:34:20
TCP Start
***********************************************************************************
Fecha / Hora : 2023/09/20 15:35:09
TCP Start
***********************************************************************************
Fecha / Hora : 2023/09/20 15:37:44
TCP Start
***********************************************************************************
Fecha / Hora : 2023/09/21 09:54:37
TCP Start
***********************************************************************************
Fecha / Hora : 2023/09/21 09:56:09
TCP Start
***********************************************************************************
Fecha / Hora : 2023/09/21 09:57:30
TCP Start
***********************************************************************************
Fecha / Hora : 2023/09/21 09:57:55
TCP Start
***********************************************************************************
Fecha / Hora : 2023/09/21 10:00:23
TCP Start
***********************************************************************************
Fecha / Hora : 2023/09/21 10:05:58
TCP Start
***********************************************************************************
Fecha / Hora : 2023/09/21 10:14:03
TCP Start
***********************************************************************************
Fecha / Hora : 2023/09/21 10:22:16
TCP Start
***********************************************************************************
Fecha / Hora : 2023/09/21 10:23:08
TCP Start
***********************************************************************************
Fecha / Hora : 2023/09/21 10:46:34
TCP Start
***********************************************************************************
Fecha / Hora : 2023/09/21 10:46:56
TCP Start
***********************************************************************************
Fecha / Hora : 2023/09/21 11:10:12
TCP Start
***********************************************************************************
Fecha / Hora : 2023/09/21 11:11:05
TCP Start
***********************************************************************************
Fecha / Hora : 2023/09/21 11:49:46
TCP Start
***********************************************************************************
Fecha / Hora : 2023/09/21 11:50:25
TCP Start
***********************************************************************************
Fecha / Hora : 2023/09/22 10:44:24
TCP Start
***********************************************************************************
Fecha / Hora : 2023/09/25 07:35:52
TCP Start
***********************************************************************************
Fecha / Hora : 2023/09/26 14:47:42
TCP Start
***********************************************************************************
Fecha / Hora : 2023/10/25 09:21:08
TCP Start
***********************************************************************************
Fecha / Hora : 2023/10/25 15:39:34
TCP Start
***********************************************************************************
Fecha / Hora : 2023/10/25 15:42:22
TCP Start
***********************************************************************************
Fecha / Hora : 2023/10/25 15:49:04
TCP Start
***********************************************************************************
Fecha / Hora : 2023/10/25 15:49:30
TCP Start
***********************************************************************************
Fecha / Hora : 2023/10/25 15:50:03
TCP Start
***********************************************************************************
Fecha / Hora : 2023/10/25 15:54:01
TCP Start
***********************************************************************************
Fecha / Hora : 2023/10/26 09:53:14
TCP Start
***********************************************************************************
Fecha / Hora : 2023/10/26 09:53:46
TCP Start
***********************************************************************************
Fecha / Hora : 2023/10/26 10:00:18
TCP Start
***********************************************************************************
Fecha / Hora : 2023/10/26 10:00:39
TCP Start
***********************************************************************************
Fecha / Hora : 2023/10/26 10:01:40
TCP Start
***********************************************************************************
Fecha / Hora : 2023/10/26 10:28:02
TCP Start
***********************************************************************************
Fecha / Hora : 2023/10/26 10:32:35
TCP Start
***********************************************************************************
Fecha / Hora : 2023/10/26 10:33:40
TCP Start
***********************************************************************************
Fecha / Hora : 2023/10/26 10:40:07
TCP Start
***********************************************************************************
Fecha / Hora : 2023/10/26 10:42:38
TCP Start
***********************************************************************************
Fecha / Hora : 2023/10/26 10:43:10
TCP Start
***********************************************************************************
Fecha / Hora : 2023/10/26 10:49:35
TCP Start
                                                                                                                                 ***********************************************************************************
Fecha / Hora : 2023/10/26 10:54:20
TCP Start
***********************************************************************************
Fecha / Hora : 2023/10/26 11:37:36
TCP Start
***********************************************************************************
Fecha / Hora : 2023/10/26 11:40:13
TCP Start
***********************************************************************************
Fecha / Hora : 2023/10/26 11:43:43
TCP Start
***********************************************************************************
Fecha / Hora : 2023/10/26 11:46:30
TCP Start
***********************************************************************************
Fecha / Hora : 2023/10/26 11:50:16
TCP Start
***********************************************************************************
Fecha / Hora : 2023/10/26 11:57:02
TCP Start
***********************************************************************************
Fecha / Hora : 2023/11/01 16:10:51
TCP Start
                                                                                                                                 